Extracting: FILE
gzip: /data/GWAS_data/work/ferkingstad_2021_PMID34857953/GWAS/FILE.gz: No such file or directory
Extracting: 10015_119_KCNAB2_KCAB2.txt.gz.annotated.gz.exclusions.gz.alleles.gz
Extracting: 10037_98_SIGLEC12_SIG12.txt.gz.annotated.gz.exclusions.gz.alleles.gz
Extracting: 10042_8_SGK3_SGK3.txt.gz.annotated.gz.exclusions.gz.alleles.gz
Extracting: 10070_22_PLCG2_PLCG2.txt.gz.annotated.gz.exclusions.gz.alleles.gz
Extracting: 10075_75_ACBD6_ACBD6.txt.gz.annotated.gz.exclusions.gz.alleles.gz
Extracting: 10080_9_EIF2B1_EI2BA.txt.gz.annotated.gz.exclusions.gz.alleles.gz
Extracting: 10088_37_APRT_APT.txt.gz.annotated.gz.exclusions.gz.alleles.gz
Extracting: 10336_3_STUB1_CHIP.txt.gz.annotated.gz.exclusions.gz.alleles.gz
Extracting: 10346_5_STAT3_STAT3.txt.gz.annotated.gz.exclusions.gz.alleles.gz
Extracting: 10366_11_PDGFRA_PDGFRA.txt.gz.annotated.gz.exclusions.gz.alleles.gz
Extracting: 10370_21_STAT1_STAT1.txt.gz.annotated.gz.exclusions.gz.alleles.gz
Extracting: 10372_18_STAT6_STAT6.txt.gz.annotated.gz.exclusions.gz.alleles.gz
Extracting: 10396_6_MCL1_Mcl_1.txt.gz.annotated.gz.exclusions.gz.alleles.gz
Extracting: 10424_31_NPDC1_NPDC1.txt.gz.annotated.gz.exclusions.gz.alleles.gz
Extracting: 10440_26_CLMP_ACAM.txt.gz.annotated.gz.exclusions.gz.alleles.gz
Extracting: 10442_1_TMEM190_TM190.txt.gz.annotated.gz.exclusions.gz.alleles.gz
Extracting: 10445_20_APOM_ApoM.txt.gz.annotated.gz.exclusions.gz.alleles.gz
Extracting: 10451_11_NUCB1_NUCB1.txt.gz.annotated.gz.exclusions.gz.alleles.gz
Extracting: 10462_14_INSL5_INSL5.txt.gz.annotated.gz.exclusions.gz.alleles.gz
Extracting: 10490_3_RPN1_RPN1.txt.gz.annotated.gz.exclusions.gz.alleles.gz
Extracting: 10499_1_TMEM106A_T106A.txt.gz.annotated.gz.exclusions.gz.alleles.gz
Extracting: alpha-3(VI)
gzip: /data/GWAS_data/work/ferkingstad_2021_PMID34857953/GWAS/alpha-3(VI).gz: No such file or directory
Extracting: 10512_13_CSF2RB_IL3RB.txt.gz.annotated.gz.exclusions.gz.alleles.gz
Extracting: synthase
gzip: /data/GWAS_data/work/ferkingstad_2021_PMID34857953/GWAS/synthase.gz: No such file or directory
Extracting: 10521_10_MXRA8_MXRA8.txt.gz.annotated.gz.exclusions.gz.alleles.gz
Extracting: 10554_23_GLB1_BGAL.txt.gz.annotated.gz.exclusions.gz.alleles.gz
Extracting: 10558_26_PCDH9_PCDH9.txt.gz.annotated.gz.exclusions.gz.alleles.gz
Extracting: 10561_5_PGLYRP3_PGRP_I_alpha.txt.gz.annotated.gz.exclusions.gz.alleles.gz
Extracting: 10565_19_SLITRK3_SLIK3.txt.gz.annotated.gz.exclusions.gz.alleles.gz
Extracting: 10571_14_MGAT1_MGAT1.txt.gz.annotated.gz.exclusions.gz.alleles.gz
Extracting: 10603_1_HTN3_HIS3.txt.gz.annotated.gz.exclusions.gz.alleles.gz
Extracting: 10605_22_APMAP_APMAP.txt.gz.annotated.gz.exclusions.gz.alleles.gz
Extracting: 10613_33_CASC4_CASC4.txt.gz.annotated.gz.exclusions.gz.alleles.gz
Extracting: 10627_87_APLP2_APLP2.txt.gz.annotated.gz.exclusions.gz.alleles.gz
Extracting: 10666_7_GNPTG_GNPTG.txt.gz.annotated.gz.exclusions.gz.alleles.gz
Extracting: 10668_5_STX4_STX4.txt.gz.annotated.gz.exclusions.gz.alleles.gz
Extracting: 10672_75_SFTPB_SP_B.txt.gz.annotated.gz.exclusions.gz.alleles.gz
Extracting: 10708_3_GNRH2_GON2.txt.gz.annotated.gz.exclusions.gz.alleles.gz
Extracting: 10714_7_ACE_ACE.txt.gz.annotated.gz.exclusions.gz.alleles.gz
Extracting: 10722_13_SYK_KSYK.txt.gz.annotated.gz.exclusions.gz.alleles.gz
Extracting: B1
gzip: /data/GWAS_data/work/ferkingstad_2021_PMID34857953/GWAS/B1.gz: No such file or directory
Extracting: 10754_113_PROK2_Prokineticin_2.txt.gz.annotated.gz.exclusions.gz.alleles.gz
Extracting: 10772_21_CSGALNACT2_CGAT2.txt.gz.annotated.gz.exclusions.gz.alleles.gz
Extracting: protein
gzip: /data/GWAS_data/work/ferkingstad_2021_PMID34857953/GWAS/protein.gz: No such file or directory
Extracting: 10809_14_KLRB1_KLRB1.txt.gz.annotated.gz.exclusions.gz.alleles.gz
Extracting: 10818_36_SMPD1_ASM.txt.gz.annotated.gz.exclusions.gz.alleles.gz
Extracting: 10832_24_B4GALT6_B4GT6.txt.gz.annotated.gz.exclusions.gz.alleles.gz
Extracting: 10833_64_HHIP_HHIP.txt.gz.annotated.gz.exclusions.gz.alleles.gz
Extracting: 10835_25_A4GNT_A4GCT.txt.gz.annotated.gz.exclusions.gz.alleles.gz
Extracting: 10851_77_EBI3_IL27B.txt.gz.annotated.gz.exclusions.gz.alleles.gz
Extracting: 10892_8_OSMR_OSMR.txt.gz.annotated.gz.exclusions.gz.alleles.gz
Extracting: 10902_53_ASPRV1_APRV1.txt.gz.annotated.gz.exclusions.gz.alleles.gz
Extracting: 10903_50_STX8_STX8.txt.gz.annotated.gz.exclusions.gz.alleles.gz
Extracting: 10908_2_GALNT13_GLT13.txt.gz.annotated.gz.exclusions.gz.alleles.gz
Extracting: 10917_40_GNGT2_GBGT2.txt.gz.annotated.gz.exclusions.gz.alleles.gz
Extracting: 10924_258_CYB5D2_NEUFC.txt.gz.annotated.gz.exclusions.gz.alleles.gz
Extracting: 10938_13_CD58_sLFA_3.txt.gz.annotated.gz.exclusions.gz.alleles.gz
Extracting: 10940_25_SRL_SRCA.txt.gz.annotated.gz.exclusions.gz.alleles.gz
Extracting: 10948_14_PLD3_PLD3.txt.gz.annotated.gz.exclusions.gz.alleles.gz
Extracting: 10974_20_SPINK7_ISK7.txt.gz.annotated.gz.exclusions.gz.alleles.gz
Extracting: 10977_55_UCMA_UCMA.txt.gz.annotated.gz.exclusions.gz.alleles.gz
Extracting: 11098_1_PDXK_PDXK.txt.gz.annotated.gz.exclusions.gz.alleles.gz
Extracting: 11102_22_REG4_REG4.txt.gz.annotated.gz.exclusions.gz.alleles.gz
Extracting: 27
gzip: /data/GWAS_data/work/ferkingstad_2021_PMID34857953/GWAS/27.gz: No such file or directory
Extracting: 11104_13_CHI3L1_YKL_40.txt.gz.annotated.gz.exclusions.gz.alleles.gz
Extracting: enolase
gzip: /data/GWAS_data/work/ferkingstad_2021_PMID34857953/GWAS/enolase.gz: No such file or directory
Extracting: 11117_2_SPATA20_SPT20.txt.gz.annotated.gz.exclusions.gz.alleles.gz
Extracting: 11134_30_MTRF1L_RF1ML.txt.gz.annotated.gz.exclusions.gz.alleles.gz
Extracting: 11142_11_ANGPTL1_ANGL1.txt.gz.annotated.gz.exclusions.gz.alleles.gz
Extracting: 11145_72_KIAA1549L_K154L.txt.gz.annotated.gz.exclusions.gz.alleles.gz
Extracting: 13
gzip: /data/GWAS_data/work/ferkingstad_2021_PMID34857953/GWAS/13.gz: No such file or directory
Extracting: 11177_16_KRT5_K2C5.txt.gz.annotated.gz.exclusions.gz.alleles.gz
Extracting: 11187_11_CLEC12A_CL12A.txt.gz.annotated.gz.exclusions.gz.alleles.gz
Extracting: 11192_168_TINAGL1_TINAL.txt.gz.annotated.gz.exclusions.gz.alleles.gz
Extracting: alpha-3(VI)
gzip: /data/GWAS_data/work/ferkingstad_2021_PMID34857953/GWAS/alpha-3(VI).gz: No such file or directory
Extracting: 11208_15_NAGPA_NAGPA.txt.gz.annotated.gz.exclusions.gz.alleles.gz
Extracting: 11211_7_TBCE_TBCE.txt.gz.annotated.gz.exclusions.gz.alleles.gz
Extracting: 11214_40_DNAJB9_DNJB9.txt.gz.annotated.gz.exclusions.gz.alleles.gz
Extracting: 11219_95_FGFBP3_FGFP3.txt.gz.annotated.gz.exclusions.gz.alleles.gz
Extracting: 11241_8_ASL_ARLY.txt.gz.annotated.gz.exclusions.gz.alleles.gz
Extracting: 11248_43_UROS_HEM4.txt.gz.annotated.gz.exclusions.gz.alleles.gz
Extracting: 11257_1_QDPR_DHPR.txt.gz.annotated.gz.exclusions.gz.alleles.gz
Extracting: dehydrogenase
gzip: /data/GWAS_data/work/ferkingstad_2021_PMID34857953/GWAS/dehydrogenase.gz: No such file or directory
Extracting: 11266_8_SELPLG_SELPL.txt.gz.annotated.gz.exclusions.gz.alleles.gz
Extracting: 11277_23_ATF6_ATF6A.txt.gz.annotated.gz.exclusions.gz.alleles.gz
Extracting: 11278_4_COL11A2_COL11A2.txt.gz.annotated.gz.exclusions.gz.alleles.gz
Extracting: b5
gzip: /data/GWAS_data/work/ferkingstad_2021_PMID34857953/GWAS/b5.gz: No such file or directory
Extracting: 11288_26_NT5C2_5NTC.txt.gz.annotated.gz.exclusions.gz.alleles.gz
Extracting: 11302_237_TNR_TENR.txt.gz.annotated.gz.exclusions.gz.alleles.gz
Extracting: 11308_8_CREB3L4_CR3L4.txt.gz.annotated.gz.exclusions.gz.alleles.gz
Extracting: 11313_100_PCBD1_PHS.txt.gz.annotated.gz.exclusions.gz.alleles.gz
Extracting: 11333_82_ARHGAP25_RHG25.txt.gz.annotated.gz.exclusions.gz.alleles.gz
Extracting: 11347_9_TALDO1_Transaldolase.txt.gz.annotated.gz.exclusions.gz.alleles.gz
Extracting: 11351_233_NHEJ1_NHEJ1.txt.gz.annotated.gz.exclusions.gz.alleles.gz
Extracting: 11356_19_DGCR14_DGC14.txt.gz.annotated.gz.exclusions.gz.alleles.gz
Extracting: 11358_15_GRB10_GRB10.txt.gz.annotated.gz.exclusions.gz.alleles.gz
Extracting: 11360_39_RRM1_RRM1.txt.gz.annotated.gz.exclusions.gz.alleles.gz
Extracting: 11377_19_ADH7_ADH7.txt.gz.annotated.gz.exclusions.gz.alleles.gz
Extracting: 11378_37_SYK_KSYK.txt.gz.annotated.gz.exclusions.gz.alleles.gz
Extracting: 11382_5_BLVRA_BIEA.txt.gz.annotated.gz.exclusions.gz.alleles.gz
Extracting: 11387_3_ATF6B_ATF6B.txt.gz.annotated.gz.exclusions.gz.alleles.gz
Extracting: 11388_75_WFDC2_HE4.txt.gz.annotated.gz.exclusions.gz.alleles.gz
Extracting: Anhydrase
gzip: /data/GWAS_data/work/ferkingstad_2021_PMID34857953/GWAS/Anhydrase.gz: No such file or directory
Extracting: 11424_4_FAH_FAAA.txt.gz.annotated.gz.exclusions.gz.alleles.gz
Extracting: 11428_31_PDLIM1_PDLI1.txt.gz.annotated.gz.exclusions.gz.alleles.gz
Extracting: 11441_11_PYGL_PYGL.txt.gz.annotated.gz.exclusions.gz.alleles.gz
Extracting: dehydrogenase,
gzip: /data/GWAS_data/work/ferkingstad_2021_PMID34857953/GWAS/dehydrogenase,.gz: No such file or directory
Extracting: 11493_169_DYNLL2_DYL2.txt.gz.annotated.gz.exclusions.gz.alleles.gz
Extracting: 6383_90_TLL1_TLL1.txt.gz.annotated.gz.exclusions.gz.alleles.gz
Extracting: 6385_63_VWA1_VWA1.txt.gz.annotated.gz.exclusions.gz.alleles.gz
Extracting: 6392_7_WISP2_WISP_2.txt.gz.annotated.gz.exclusions.gz.alleles.gz
Extracting: 6404_20_C1QL1_C1QRF.txt.gz.annotated.gz.exclusions.gz.alleles.gz
Extracting: 6408_2_INHBC_INHBC.txt.gz.annotated.gz.exclusions.gz.alleles.gz
Extracting: 6409_57_ADGRF5_GP116.txt.gz.annotated.gz.exclusions.gz.alleles.gz
Extracting: 6425_87_MMP19_MMP19.txt.gz.annotated.gz.exclusions.gz.alleles.gz
Extracting: 6433_57_FAM20A_FA20A.txt.gz.annotated.gz.exclusions.gz.alleles.gz
Extracting: oxidase
gzip: /data/GWAS_data/work/ferkingstad_2021_PMID34857953/GWAS/oxidase.gz: No such file or directory
Extracting: 6444_15_PSG3_PSG3.txt.gz.annotated.gz.exclusions.gz.alleles.gz
Extracting: E
gzip: /data/GWAS_data/work/ferkingstad_2021_PMID34857953/GWAS/E.gz: No such file or directory
Extracting: 6455_52_HAPLN4_HPLN4.txt.gz.annotated.gz.exclusions.gz.alleles.gz
Extracting: C-III
gzip: /data/GWAS_data/work/ferkingstad_2021_PMID34857953/GWAS/C-III.gz: No such file or directory
Extracting: 6462_12_TIMP4_TIMP_4.txt.gz.annotated.gz.exclusions.gz.alleles.gz
Extracting: 6467_65_POGLUT1_KTEL1.txt.gz.annotated.gz.exclusions.gz.alleles.gz
Extracting: 1
gzip: /data/GWAS_data/work/ferkingstad_2021_PMID34857953/GWAS/1.gz: No such file or directory
Extracting: 6471_53_CFHR4_FHR4.txt.gz.annotated.gz.exclusions.gz.alleles.gz
Extracting: 6472_40_PMEL_GP100.txt.gz.annotated.gz.exclusions.gz.alleles.gz
Extracting: 6478_2_IGLON5_IGLO5.txt.gz.annotated.gz.exclusions.gz.alleles.gz
Extracting: 6485_59_IGLL1_IGLL1.txt.gz.annotated.gz.exclusions.gz.alleles.gz
Extracting: 6493_9_CPZ_CBPZ.txt.gz.annotated.gz.exclusions.gz.alleles.gz
Extracting: 8265_225_TMPO_LAP2B.txt.gz.annotated.gz.exclusions.gz.alleles.gz
