Extracting: /data/GWAS_data/work/ferkingstad_2021_PMID34857953/GWAS/10000_28_CRYBB2_CRBB2.txt.gz.annotated.gz.exclusions.gz.alleles.gz
Extracting: /data/GWAS_data/work/ferkingstad_2021_PMID34857953/GWAS/10001_7_RAF1_c_Raf.txt.gz.annotated.gz.exclusions.gz.alleles.gz
Extracting: /data/GWAS_data/work/ferkingstad_2021_PMID34857953/GWAS/10003_15_ZNF41_ZNF41.txt.gz.annotated.gz.exclusions.gz.alleles.gz
Extracting: /data/GWAS_data/work/ferkingstad_2021_PMID34857953/GWAS/10006_25_ELK1_ELK1.txt.gz.annotated.gz.exclusions.gz.alleles.gz
Extracting: /data/GWAS_data/work/ferkingstad_2021_PMID34857953/GWAS/10008_43_GUCA1A_GUC1A.txt.gz.annotated.gz.exclusions.gz.alleles.gz
Extracting: /data/GWAS_data/work/ferkingstad_2021_PMID34857953/GWAS/10011_65_OCRL_OCRL.txt.gz.annotated.gz.exclusions.gz.alleles.gz
Extracting: /data/GWAS_data/work/ferkingstad_2021_PMID34857953/GWAS/10012_5_SPDEF_SPDEF.txt.gz.annotated.gz.exclusions.gz.alleles.gz
Extracting: /data/GWAS_data/work/ferkingstad_2021_PMID34857953/GWAS/10014_31_SNAI2_SLUG.txt.gz.annotated.gz.exclusions.gz.alleles.gz
Extracting: /data/GWAS_data/work/ferkingstad_2021_PMID34857953/GWAS/10015_119_KCNAB2_KCAB2.txt.gz.annotated.gz.exclusions.gz.alleles.gz
Extracting: /data/GWAS_data/work/ferkingstad_2021_PMID34857953/GWAS/10022_207_POLH_POLH.txt.gz.annotated.gz.exclusions.gz.alleles.gz
Extracting: /data/GWAS_data/work/ferkingstad_2021_PMID34857953/GWAS/10023_32_VDR_VDR.txt.gz.annotated.gz.exclusions.gz.alleles.gz
Extracting: /data/GWAS_data/work/ferkingstad_2021_PMID34857953/GWAS/10024_44_HOGA1_HOGA1.txt.gz.annotated.gz.exclusions.gz.alleles.gz
Extracting: /data/GWAS_data/work/ferkingstad_2021_PMID34857953/GWAS/10030_8_MUTYH_MutY_homolog.txt.gz.annotated.gz.exclusions.gz.alleles.gz
Extracting: /data/GWAS_data/work/ferkingstad_2021_PMID34857953/GWAS/10035_6_DUSP4_DUS4.txt.gz.annotated.gz.exclusions.gz.alleles.gz
Extracting: /data/GWAS_data/work/ferkingstad_2021_PMID34857953/GWAS/10036_201_ZHX3_ZHX3.txt.gz.annotated.gz.exclusions.gz.alleles.gz
Extracting: /data/GWAS_data/work/ferkingstad_2021_PMID34857953/GWAS/10037_98_SIGLEC12_SIG12.txt.gz.annotated.gz.exclusions.gz.alleles.gz
Extracting: /data/GWAS_data/work/ferkingstad_2021_PMID34857953/GWAS/10040_63_TP63_P73L.txt.gz.annotated.gz.exclusions.gz.alleles.gz
Extracting: /data/GWAS_data/work/ferkingstad_2021_PMID34857953/GWAS/10041_3_HNF4A_HNF4A.txt.gz.annotated.gz.exclusions.gz.alleles.gz
Extracting: /data/GWAS_data/work/ferkingstad_2021_PMID34857953/GWAS/10042_8_SGK3_SGK3.txt.gz.annotated.gz.exclusions.gz.alleles.gz
Extracting: /data/GWAS_data/work/ferkingstad_2021_PMID34857953/GWAS/10043_31_BRD4_BRD4.txt.gz.annotated.gz.exclusions.gz.alleles.gz
Extracting: /data/GWAS_data/work/ferkingstad_2021_PMID34857953/GWAS/10044_12_WNT10A_WN10A.txt.gz.annotated.gz.exclusions.gz.alleles.gz
Extracting: /data/GWAS_data/work/ferkingstad_2021_PMID34857953/GWAS/10045_47_CUL3_CUL3.txt.gz.annotated.gz.exclusions.gz.alleles.gz
Extracting: /data/GWAS_data/work/ferkingstad_2021_PMID34857953/GWAS/10046_55_BIRC2_cIAP_1.txt.gz.annotated.gz.exclusions.gz.alleles.gz
Extracting: /data/GWAS_data/work/ferkingstad_2021_PMID34857953/GWAS/10047_12_NCF2_NCF_2.txt.gz.annotated.gz.exclusions.gz.alleles.gz
Extracting: /data/GWAS_data/work/ferkingstad_2021_PMID34857953/GWAS/10048_7_CBFB_PEBB.txt.gz.annotated.gz.exclusions.gz.alleles.gz
Extracting: /data/GWAS_data/work/ferkingstad_2021_PMID34857953/GWAS/10049_112_TERF1_TERF1.txt.gz.annotated.gz.exclusions.gz.alleles.gz
Extracting: /data/GWAS_data/work/ferkingstad_2021_PMID34857953/GWAS/10053_5_ILK_ILK1.txt.gz.annotated.gz.exclusions.gz.alleles.gz
Extracting: /data/GWAS_data/work/ferkingstad_2021_PMID34857953/GWAS/10054_3_GAN_GAN.txt.gz.annotated.gz.exclusions.gz.alleles.gz
Extracting: /data/GWAS_data/work/ferkingstad_2021_PMID34857953/GWAS/10056_5_FOXM1_FOXM1.txt.gz.annotated.gz.exclusions.gz.alleles.gz
Extracting: /data/GWAS_data/work/ferkingstad_2021_PMID34857953/GWAS/10058_1_RAD23A_RD23A.txt.gz.annotated.gz.exclusions.gz.alleles.gz
Extracting: /data/GWAS_data/work/ferkingstad_2021_PMID34857953/GWAS/10063_10_FANCL_FANCL.txt.gz.annotated.gz.exclusions.gz.alleles.gz
Extracting: /data/GWAS_data/work/ferkingstad_2021_PMID34857953/GWAS/10064_12_RBBP9_RBBP9.txt.gz.annotated.gz.exclusions.gz.alleles.gz
Extracting: /data/GWAS_data/work/ferkingstad_2021_PMID34857953/GWAS/10070_22_PLCG2_PLCG2.txt.gz.annotated.gz.exclusions.gz.alleles.gz
Extracting: /data/GWAS_data/work/ferkingstad_2021_PMID34857953/GWAS/10073_22_TDP1_TYDP1.txt.gz.annotated.gz.exclusions.gz.alleles.gz
Extracting: /data/GWAS_data/work/ferkingstad_2021_PMID34857953/GWAS/10074_128_BRD2_BRD2.txt.gz.annotated.gz.exclusions.gz.alleles.gz
Extracting: /data/GWAS_data/work/ferkingstad_2021_PMID34857953/GWAS/10075_75_ACBD6_ACBD6.txt.gz.annotated.gz.exclusions.gz.alleles.gz
Extracting: /data/GWAS_data/work/ferkingstad_2021_PMID34857953/GWAS/10076_1_AP4M1_AP4M1.txt.gz.annotated.gz.exclusions.gz.alleles.gz
Extracting: /data/GWAS_data/work/ferkingstad_2021_PMID34857953/GWAS/10078_5_BAG3_BAG3.txt.gz.annotated.gz.exclusions.gz.alleles.gz
Extracting: /data/GWAS_data/work/ferkingstad_2021_PMID34857953/GWAS/10080_9_EIF2B1_EI2BA.txt.gz.annotated.gz.exclusions.gz.alleles.gz
Extracting: /data/GWAS_data/work/ferkingstad_2021_PMID34857953/GWAS/10081_17_SATB2_SATB2.txt.gz.annotated.gz.exclusions.gz.alleles.gz
Extracting: /data/GWAS_data/work/ferkingstad_2021_PMID34857953/GWAS/10082_251_NEFL_NFL.txt.gz.annotated.gz.exclusions.gz.alleles.gz
Extracting: /data/GWAS_data/work/ferkingstad_2021_PMID34857953/GWAS/10085_25_STAR_STAR.txt.gz.annotated.gz.exclusions.gz.alleles.gz
Extracting: /data/GWAS_data/work/ferkingstad_2021_PMID34857953/GWAS/10086_39_CBS_CBS.txt.gz.annotated.gz.exclusions.gz.alleles.gz
Extracting: /data/GWAS_data/work/ferkingstad_2021_PMID34857953/GWAS/10087_10_CRYAA_Alpha_crystallin_A_chain.txt.gz.annotated.gz.exclusions.gz.alleles.gz
Extracting: /data/GWAS_data/work/ferkingstad_2021_PMID34857953/GWAS/10088_37_APRT_APT.txt.gz.annotated.gz.exclusions.gz.alleles.gz
Extracting: /data/GWAS_data/work/ferkingstad_2021_PMID34857953/GWAS/10089_7_ASMTL_ASML.txt.gz.annotated.gz.exclusions.gz.alleles.gz
Extracting: /data/GWAS_data/work/ferkingstad_2021_PMID34857953/GWAS/10336_3_STUB1_CHIP.txt.gz.annotated.gz.exclusions.gz.alleles.gz
Extracting: /data/GWAS_data/work/ferkingstad_2021_PMID34857953/GWAS/10339_48_ENO2_NSE.txt.gz.annotated.gz.exclusions.gz.alleles.gz
Extracting: /data/GWAS_data/work/ferkingstad_2021_PMID34857953/GWAS/10342_55_PIAS4_PIAS4.txt.gz.annotated.gz.exclusions.gz.alleles.gz
Extracting: /data/GWAS_data/work/ferkingstad_2021_PMID34857953/GWAS/10344_334_IL10RA_IL_10_Ra.txt.gz.annotated.gz.exclusions.gz.alleles.gz
Extracting: /data/GWAS_data/work/ferkingstad_2021_PMID34857953/GWAS/10346_5_STAT3_STAT3.txt.gz.annotated.gz.exclusions.gz.alleles.gz
Extracting: /data/GWAS_data/work/ferkingstad_2021_PMID34857953/GWAS/10356_21_JUN_c_Jun.txt.gz.annotated.gz.exclusions.gz.alleles.gz
Extracting: /data/GWAS_data/work/ferkingstad_2021_PMID34857953/GWAS/10361_25_OAS1_OAS1.txt.gz.annotated.gz.exclusions.gz.alleles.gz
Extracting: /data/GWAS_data/work/ferkingstad_2021_PMID34857953/GWAS/10362_35_MYC_c_Myc.txt.gz.annotated.gz.exclusions.gz.alleles.gz
Extracting: /data/GWAS_data/work/ferkingstad_2021_PMID34857953/GWAS/10363_13_SMAD3_SMAD3.txt.gz.annotated.gz.exclusions.gz.alleles.gz
Extracting: /data/GWAS_data/work/ferkingstad_2021_PMID34857953/GWAS/10364_6_SMAD2_SMAD2.txt.gz.annotated.gz.exclusions.gz.alleles.gz
Extracting: /data/GWAS_data/work/ferkingstad_2021_PMID34857953/GWAS/10366_11_PDGFRA_PDGFRA.txt.gz.annotated.gz.exclusions.gz.alleles.gz
Extracting: /data/GWAS_data/work/ferkingstad_2021_PMID34857953/GWAS/10370_21_STAT1_STAT1.txt.gz.annotated.gz.exclusions.gz.alleles.gz
Extracting: /data/GWAS_data/work/ferkingstad_2021_PMID34857953/GWAS/10372_18_STAT6_STAT6.txt.gz.annotated.gz.exclusions.gz.alleles.gz
Extracting: /data/GWAS_data/work/ferkingstad_2021_PMID34857953/GWAS/10390_21_ZNRF3_ZNRF3.txt.gz.annotated.gz.exclusions.gz.alleles.gz
Extracting: /data/GWAS_data/work/ferkingstad_2021_PMID34857953/GWAS/10391_1_ANGPTL3_ANGL3.txt.gz.annotated.gz.exclusions.gz.alleles.gz
Extracting: /data/GWAS_data/work/ferkingstad_2021_PMID34857953/GWAS/10396_6_MCL1_Mcl_1.txt.gz.annotated.gz.exclusions.gz.alleles.gz
Extracting: /data/GWAS_data/work/ferkingstad_2021_PMID34857953/GWAS/10418_36_STX12_STX12.txt.gz.annotated.gz.exclusions.gz.alleles.gz
Extracting: /data/GWAS_data/work/ferkingstad_2021_PMID34857953/GWAS/10419_1_SCARA5_SCAR5.txt.gz.annotated.gz.exclusions.gz.alleles.gz
Extracting: /data/GWAS_data/work/ferkingstad_2021_PMID34857953/GWAS/10424_31_NPDC1_NPDC1.txt.gz.annotated.gz.exclusions.gz.alleles.gz
Extracting: /data/GWAS_data/work/ferkingstad_2021_PMID34857953/GWAS/10425_3_B4GALT5_B4GT5.txt.gz.annotated.gz.exclusions.gz.alleles.gz
Extracting: /data/GWAS_data/work/ferkingstad_2021_PMID34857953/GWAS/10426_21_GOSR2_GOSR2.txt.gz.annotated.gz.exclusions.gz.alleles.gz
Extracting: /data/GWAS_data/work/ferkingstad_2021_PMID34857953/GWAS/10428_1_KIR2DS2_KI2S2.txt.gz.annotated.gz.exclusions.gz.alleles.gz
Extracting: /data/GWAS_data/work/ferkingstad_2021_PMID34857953/GWAS/10430_31_SLC3A2_4F2.txt.gz.annotated.gz.exclusions.gz.alleles.gz
Extracting: /data/GWAS_data/work/ferkingstad_2021_PMID34857953/GWAS/10432_3_KIAA1644_K1644.txt.gz.annotated.gz.exclusions.gz.alleles.gz
Extracting: /data/GWAS_data/work/ferkingstad_2021_PMID34857953/GWAS/10435_2_AGA_ASPG.txt.gz.annotated.gz.exclusions.gz.alleles.gz
Extracting: /data/GWAS_data/work/ferkingstad_2021_PMID34857953/GWAS/10438_19_CSF2RA_CSF2R.txt.gz.annotated.gz.exclusions.gz.alleles.gz
Extracting: /data/GWAS_data/work/ferkingstad_2021_PMID34857953/GWAS/10440_26_CLMP_ACAM.txt.gz.annotated.gz.exclusions.gz.alleles.gz
Extracting: /data/GWAS_data/work/ferkingstad_2021_PMID34857953/GWAS/10442_1_TMEM190_TM190.txt.gz.annotated.gz.exclusions.gz.alleles.gz
Extracting: /data/GWAS_data/work/ferkingstad_2021_PMID34857953/GWAS/10445_20_APOM_ApoM.txt.gz.annotated.gz.exclusions.gz.alleles.gz
Extracting: /data/GWAS_data/work/ferkingstad_2021_PMID34857953/GWAS/10447_18_PABPC3_PABP3.txt.gz.annotated.gz.exclusions.gz.alleles.gz
Extracting: /data/GWAS_data/work/ferkingstad_2021_PMID34857953/GWAS/10449_31_SHISA2_TMM46.txt.gz.annotated.gz.exclusions.gz.alleles.gz
Extracting: /data/GWAS_data/work/ferkingstad_2021_PMID34857953/GWAS/10451_11_NUCB1_NUCB1.txt.gz.annotated.gz.exclusions.gz.alleles.gz
Extracting: /data/GWAS_data/work/ferkingstad_2021_PMID34857953/GWAS/10453_7_CEACAM20_CEA20.txt.gz.annotated.gz.exclusions.gz.alleles.gz
Extracting: /data/GWAS_data/work/ferkingstad_2021_PMID34857953/GWAS/10454_99_DNAJC16_DJC16.txt.gz.annotated.gz.exclusions.gz.alleles.gz
Extracting: /data/GWAS_data/work/ferkingstad_2021_PMID34857953/GWAS/10455_196_IL31_IL_31.txt.gz.annotated.gz.exclusions.gz.alleles.gz
Extracting: /data/GWAS_data/work/ferkingstad_2021_PMID34857953/GWAS/10462_14_INSL5_INSL5.txt.gz.annotated.gz.exclusions.gz.alleles.gz
Extracting: /data/GWAS_data/work/ferkingstad_2021_PMID34857953/GWAS/10464_6_ANTXR1_ANTR1.txt.gz.annotated.gz.exclusions.gz.alleles.gz
Extracting: /data/GWAS_data/work/ferkingstad_2021_PMID34857953/GWAS/10485_56_MAGEA4_MAGE_4.txt.gz.annotated.gz.exclusions.gz.alleles.gz
Extracting: /data/GWAS_data/work/ferkingstad_2021_PMID34857953/GWAS/10490_3_RPN1_RPN1.txt.gz.annotated.gz.exclusions.gz.alleles.gz
Extracting: /data/GWAS_data/work/ferkingstad_2021_PMID34857953/GWAS/10496_11_CLCA1_CaCC.txt.gz.annotated.gz.exclusions.gz.alleles.gz
Extracting: /data/GWAS_data/work/ferkingstad_2021_PMID34857953/GWAS/10499_1_TMEM106A_T106A.txt.gz.annotated.gz.exclusions.gz.alleles.gz
Extracting: /data/GWAS_data/work/ferkingstad_2021_PMID34857953/GWAS/10506_53_PGRMC2_PGRC2.txt.gz.annotated.gz.exclusions.gz.alleles.gz
Extracting: /data/GWAS_data/work/ferkingstad_2021_PMID34857953/GWAS/10507_166_ACRV1_sperm_protein_10.txt.gz.annotated.gz.exclusions.gz.alleles.gz
Extracting: /data/GWAS_data/work/ferkingstad_2021_PMID34857953/GWAS/10510_62_SCIMP_SCIMP.txt.gz.annotated.gz.exclusions.gz.alleles.gz
Extracting: /data/GWAS_data/work/ferkingstad_2021_PMID34857953/GWAS/10511_10_COL6A3_Collagen_alpha_3_VI_.txt.gz.annotated.gz.exclusions.gz.alleles.gz
Extracting: /data/GWAS_data/work/ferkingstad_2021_PMID34857953/GWAS/10512_13_CSF2RB_IL3RB.txt.gz.annotated.gz.exclusions.gz.alleles.gz
Extracting: /data/GWAS_data/work/ferkingstad_2021_PMID34857953/GWAS/10513_13_KCNIP3_CSEN.txt.gz.annotated.gz.exclusions.gz.alleles.gz
Extracting: /data/GWAS_data/work/ferkingstad_2021_PMID34857953/GWAS/10514_5_PTGDS_PGD2_synthase.txt.gz.annotated.gz.exclusions.gz.alleles.gz
Extracting: /data/GWAS_data/work/ferkingstad_2021_PMID34857953/GWAS/10521_10_MXRA8_MXRA8.txt.gz.annotated.gz.exclusions.gz.alleles.gz
Extracting: /data/GWAS_data/work/ferkingstad_2021_PMID34857953/GWAS/10527_22_DHX9_DHX9.txt.gz.annotated.gz.exclusions.gz.alleles.gz
Extracting: /data/GWAS_data/work/ferkingstad_2021_PMID34857953/GWAS/10530_8_PSMB6_PSB6.txt.gz.annotated.gz.exclusions.gz.alleles.gz
Extracting: /data/GWAS_data/work/ferkingstad_2021_PMID34857953/GWAS/10531_18_NRAS_RASN.txt.gz.annotated.gz.exclusions.gz.alleles.gz
Extracting: /data/GWAS_data/work/ferkingstad_2021_PMID34857953/GWAS/10534_40_PARP1_PARP.txt.gz.annotated.gz.exclusions.gz.alleles.gz
Extracting: /data/GWAS_data/work/ferkingstad_2021_PMID34857953/GWAS/14250_115_BLMH_BLMH.txt.gz.annotated.gz.exclusions.gz.alleles.gz
Extracting: /data/GWAS_data/work/ferkingstad_2021_PMID34857953/GWAS/14254_27_PTPN4_PTN4.txt.gz.annotated.gz.exclusions.gz.alleles.gz
Extracting: /data/GWAS_data/work/ferkingstad_2021_PMID34857953/GWAS/14260_112_NET1_ARHG8.txt.gz.annotated.gz.exclusions.gz.alleles.gz
Extracting: /data/GWAS_data/work/ferkingstad_2021_PMID34857953/GWAS/14268_4_SRXN1_SRXN1.txt.gz.annotated.gz.exclusions.gz.alleles.gz
Extracting: /data/GWAS_data/work/ferkingstad_2021_PMID34857953/GWAS/14271_23_RAB6B_RAB6B.txt.gz.annotated.gz.exclusions.gz.alleles.gz
Extracting: /data/GWAS_data/work/ferkingstad_2021_PMID34857953/GWAS/14273_19_PREP_PPCE.txt.gz.annotated.gz.exclusions.gz.alleles.gz
Extracting: /data/GWAS_data/work/ferkingstad_2021_PMID34857953/GWAS/14283_12_RAB14_RAB14.txt.gz.annotated.gz.exclusions.gz.alleles.gz
Extracting: /data/GWAS_data/work/ferkingstad_2021_PMID34857953/GWAS/14284_23_EIF2AK4_E2AK4.txt.gz.annotated.gz.exclusions.gz.alleles.gz
Extracting: /data/GWAS_data/work/ferkingstad_2021_PMID34857953/GWAS/14286_2_NFATC1_NF_ATc1.txt.gz.annotated.gz.exclusions.gz.alleles.gz
Extracting: /data/GWAS_data/work/ferkingstad_2021_PMID34857953/GWAS/14287_6_RAB5C_RAB5C.txt.gz.annotated.gz.exclusions.gz.alleles.gz
Extracting: /data/GWAS_data/work/ferkingstad_2021_PMID34857953/GWAS/14291_53_AGAP2_AGAP2.txt.gz.annotated.gz.exclusions.gz.alleles.gz
