rm: cannot remove ‘/data/protein_GWAS_ferkingstad_EU_2021/files/18933_4_TGM4_TGM4.txt.gz.annotated.gz.exclusions’: No such file or directory
rm: cannot remove ‘/data/protein_GWAS_ferkingstad_EU_2021/files/18934_50_TGM2_Tissue_transglutaminase.txt.gz.annotated.gz.exclusions’: No such file or directory
rm: cannot remove ‘/data/protein_GWAS_ferkingstad_EU_2021/files/18935_14_TLR5_TLR5.txt.gz.annotated.gz.exclusions’: No such file or directory
rm: cannot remove ‘/data/protein_GWAS_ferkingstad_EU_2021/files/18938_3_VLDLR_VLDLR.txt.gz.annotated.gz.exclusions’: No such file or directory
rm: cannot remove ‘/data/protein_GWAS_ferkingstad_EU_2021/files/18942_11_PSMB9_PSB9.txt.gz.annotated.gz.exclusions’: No such file or directory
rm: cannot remove ‘/data/protein_GWAS_ferkingstad_EU_2021/files/18943_4_PTGR2_PTGR2.txt.gz.annotated.gz.exclusions’: No such file or directory
rm: cannot remove ‘/data/protein_GWAS_ferkingstad_EU_2021/files/18945_11_RGS1_RGS1.txt.gz.annotated.gz.exclusions’: No such file or directory
rm: cannot remove ‘/data/protein_GWAS_ferkingstad_EU_2021/files/18947_3_LRRC3B_LRC3B.txt.gz.annotated.gz.exclusions’: No such file or directory
rm: cannot remove ‘/data/protein_GWAS_ferkingstad_EU_2021/files/18950_13_RAC2_RAC2.txt.gz.annotated.gz.exclusions’: No such file or directory
rm: cannot remove ‘/data/protein_GWAS_ferkingstad_EU_2021/files/19108_50_MECP2_MECP2.txt.gz.annotated.gz.exclusions’: No such file or directory
rm: cannot remove ‘/data/protein_GWAS_ferkingstad_EU_2021/files/19109_32_TCEAL8_TCAL8.txt.gz.annotated.gz.exclusions’: No such file or directory
rm: cannot remove ‘/data/protein_GWAS_ferkingstad_EU_2021/files/19110_6_MEMO1_MEMO1.txt.gz.annotated.gz.exclusions’: No such file or directory
rm: cannot remove ‘/data/protein_GWAS_ferkingstad_EU_2021/files/19111_10_UBE2M_UBC12.txt.gz.annotated.gz.exclusions’: No such file or directory
rm: cannot remove ‘/data/protein_GWAS_ferkingstad_EU_2021/files/19112_2_TCEAL3_TCAL3.txt.gz.annotated.gz.exclusions’: No such file or directory
rm: cannot remove ‘/data/protein_GWAS_ferkingstad_EU_2021/files/19113_66_SH3BGRL2_SH3L2.txt.gz.annotated.gz.exclusions’: No such file or directory
rm: cannot remove ‘/data/protein_GWAS_ferkingstad_EU_2021/files/19114_8_TK2_KITM.txt.gz.annotated.gz.exclusions’: No such file or directory
rm: cannot remove ‘/data/protein_GWAS_ferkingstad_EU_2021/files/19115_13_CMBL_CMBL.txt.gz.annotated.gz.exclusions’: No such file or directory
rm: cannot remove ‘/data/protein_GWAS_ferkingstad_EU_2021/files/19116_1_MUTED_MUTED.txt.gz.annotated.gz.exclusions’: No such file or directory
rm: cannot remove ‘/data/protein_GWAS_ferkingstad_EU_2021/files/19117_3_PPP1R14A_PP14A.txt.gz.annotated.gz.exclusions’: No such file or directory
rm: cannot remove ‘/data/protein_GWAS_ferkingstad_EU_2021/files/19118_47_OSTF1_OSTF1.txt.gz.annotated.gz.exclusions’: No such file or directory
rm: cannot remove ‘/data/protein_GWAS_ferkingstad_EU_2021/files/19119_10_DDIT3_DDIT3.txt.gz.annotated.gz.exclusions’: No such file or directory
rm: cannot remove ‘/data/protein_GWAS_ferkingstad_EU_2021/files/19120_33_DAO_OXDA.txt.gz.annotated.gz.exclusions’: No such file or directory
rm: cannot remove ‘/data/protein_GWAS_ferkingstad_EU_2021/files/19121_3_UBQLN2_UBQL2.txt.gz.annotated.gz.exclusions’: No such file or directory
rm: cannot remove ‘/data/protein_GWAS_ferkingstad_EU_2021/files/19122_47_MYL12B_ML12B.txt.gz.annotated.gz.exclusions’: No such file or directory
rm: cannot remove ‘/data/protein_GWAS_ferkingstad_EU_2021/files/19123_6_NFKBID_IKBD.txt.gz.annotated.gz.exclusions’: No such file or directory
rm: cannot remove ‘/data/protein_GWAS_ferkingstad_EU_2021/files/19124_9_UBLCP1_UBCP1.txt.gz.annotated.gz.exclusions’: No such file or directory
rm: cannot remove ‘/data/protein_GWAS_ferkingstad_EU_2021/files/19125_26_PRKAR2A_KAP2.txt.gz.annotated.gz.exclusions’: No such file or directory
rm: cannot remove ‘/data/protein_GWAS_ferkingstad_EU_2021/files/19126_4_RPRD1B_C20orf77.txt.gz.annotated.gz.exclusions’: No such file or directory
rm: cannot remove ‘/data/protein_GWAS_ferkingstad_EU_2021/files/19127_1_HSPB6_HSPB6.txt.gz.annotated.gz.exclusions’: No such file or directory
rm: cannot remove ‘/data/protein_GWAS_ferkingstad_EU_2021/files/19129_15_MTHFSD_MTHFSD.txt.gz.annotated.gz.exclusions’: No such file or directory
rm: cannot remove ‘/data/protein_GWAS_ferkingstad_EU_2021/files/19130_81_SERPINB8_SPB8.txt.gz.annotated.gz.exclusions’: No such file or directory
rm: cannot remove ‘/data/protein_GWAS_ferkingstad_EU_2021/files/19131_184_TIAL1_TIAR.txt.gz.annotated.gz.exclusions’: No such file or directory
rm: cannot remove ‘/data/protein_GWAS_ferkingstad_EU_2021/files/19132_1_MRPL2_RM02.txt.gz.annotated.gz.exclusions’: No such file or directory
rm: cannot remove ‘/data/protein_GWAS_ferkingstad_EU_2021/files/19134_66_POLR2K_RPAB4.txt.gz.annotated.gz.exclusions’: No such file or directory
rm: cannot remove ‘/data/protein_GWAS_ferkingstad_EU_2021/files/19135_5_NT5C3L_Cytosolic_5__nucleotidase_III_like_protein.txt.gz.annotated.gz.exclusions’: No such file or directory
rm: cannot remove ‘/data/protein_GWAS_ferkingstad_EU_2021/files/19136_22_ALDH6A1_MMSA.txt.gz.annotated.gz.exclusions’: No such file or directory
rm: cannot remove ‘/data/protein_GWAS_ferkingstad_EU_2021/files/19139_3_HSF2BP_HSF2B.txt.gz.annotated.gz.exclusions’: No such file or directory
rm: cannot remove ‘/data/protein_GWAS_ferkingstad_EU_2021/files/19141_22_DAP_DAP1.txt.gz.annotated.gz.exclusions’: No such file or directory
rm: cannot remove ‘/data/protein_GWAS_ferkingstad_EU_2021/files/19142_39_DNMT3L_DNM3L.txt.gz.annotated.gz.exclusions’: No such file or directory
rm: cannot remove ‘/data/protein_GWAS_ferkingstad_EU_2021/files/19143_38_CYB5R2_NB5R2.txt.gz.annotated.gz.exclusions’: No such file or directory
rm: cannot remove ‘/data/protein_GWAS_ferkingstad_EU_2021/files/19144_9_TCF4_ITF2.txt.gz.annotated.gz.exclusions’: No such file or directory
rm: cannot remove ‘/data/protein_GWAS_ferkingstad_EU_2021/files/19145_4_MREG_MREG.txt.gz.annotated.gz.exclusions’: No such file or directory
rm: cannot remove ‘/data/protein_GWAS_ferkingstad_EU_2021/files/19147_6_LGALS13_PP13.txt.gz.annotated.gz.exclusions’: No such file or directory
rm: cannot remove ‘/data/protein_GWAS_ferkingstad_EU_2021/files/19148_58_TIMM8A_TIM8A.txt.gz.annotated.gz.exclusions’: No such file or directory
rm: cannot remove ‘/data/protein_GWAS_ferkingstad_EU_2021/files/19150_20_PRPSAP2_KPRB.txt.gz.annotated.gz.exclusions’: No such file or directory
rm: cannot remove ‘/data/protein_GWAS_ferkingstad_EU_2021/files/19152_4_PPP1R2_IPP2.txt.gz.annotated.gz.exclusions’: No such file or directory
rm: cannot remove ‘/data/protein_GWAS_ferkingstad_EU_2021/files/19153_53_MPPED2_MPPD2.txt.gz.annotated.gz.exclusions’: No such file or directory
rm: cannot remove ‘/data/protein_GWAS_ferkingstad_EU_2021/files/19154_41_SERPINE2_Protease_nexin_I.txt.gz.annotated.gz.exclusions’: No such file or directory
rm: cannot remove ‘/data/protein_GWAS_ferkingstad_EU_2021/files/19158_1_PAF_PAF.txt.gz.annotated.gz.exclusions’: No such file or directory
rm: cannot remove ‘/data/protein_GWAS_ferkingstad_EU_2021/files/19159_9_POLD4_DNA_polymerase_subunit_delta_4.txt.gz.annotated.gz.exclusions’: No such file or directory
rm: cannot remove ‘/data/protein_GWAS_ferkingstad_EU_2021/files/19161_1_USP15_UBP15.txt.gz.annotated.gz.exclusions’: No such file or directory
rm: cannot remove ‘/data/protein_GWAS_ferkingstad_EU_2021/files/19163_26_LRRC59_LRC59.txt.gz.annotated.gz.exclusions’: No such file or directory
rm: cannot remove ‘/data/protein_GWAS_ferkingstad_EU_2021/files/19166_15_RPS19_RS19.txt.gz.annotated.gz.exclusions’: No such file or directory
rm: cannot remove ‘/data/protein_GWAS_ferkingstad_EU_2021/files/19168_71_PSTPIP1_PPIP1.txt.gz.annotated.gz.exclusions’: No such file or directory
rm: cannot remove ‘/data/protein_GWAS_ferkingstad_EU_2021/files/19169_88_FIBP_FIBP.txt.gz.annotated.gz.exclusions’: No such file or directory
rm: cannot remove ‘/data/protein_GWAS_ferkingstad_EU_2021/files/19170_25_POLE3_DPOE3.txt.gz.annotated.gz.exclusions’: No such file or directory
rm: cannot remove ‘/data/protein_GWAS_ferkingstad_EU_2021/files/19173_5_ZFAND1_ZFAN1.txt.gz.annotated.gz.exclusions’: No such file or directory
rm: cannot remove ‘/data/protein_GWAS_ferkingstad_EU_2021/files/19174_141_GOLGA7_GOGA7.txt.gz.annotated.gz.exclusions’: No such file or directory
rm: cannot remove ‘/data/protein_GWAS_ferkingstad_EU_2021/files/19175_18_MARCKSL1_MARCKSL1.txt.gz.annotated.gz.exclusions’: No such file or directory
rm: cannot remove ‘/data/protein_GWAS_ferkingstad_EU_2021/files/19176_27_FAM49B_FA49B.txt.gz.annotated.gz.exclusions’: No such file or directory
rm: cannot remove ‘/data/protein_GWAS_ferkingstad_EU_2021/files/19177_7_MOBKL1A_MOL1A.txt.gz.annotated.gz.exclusions’: No such file or directory
rm: cannot remove ‘/data/protein_GWAS_ferkingstad_EU_2021/files/19180_38_GULP1_GULP1.txt.gz.annotated.gz.exclusions’: No such file or directory
rm: cannot remove ‘/data/protein_GWAS_ferkingstad_EU_2021/files/19183_164_RPL12_RL12.txt.gz.annotated.gz.exclusions’: No such file or directory
rm: cannot remove ‘/data/protein_GWAS_ferkingstad_EU_2021/files/19187_21_STAMBP_STABP.txt.gz.annotated.gz.exclusions’: No such file or directory
rm: cannot remove ‘/data/protein_GWAS_ferkingstad_EU_2021/files/19188_21_NAP1L4_NAP2L.txt.gz.annotated.gz.exclusions’: No such file or directory
rm: cannot remove ‘/data/protein_GWAS_ferkingstad_EU_2021/files/19189_2_USP14_UBP14.txt.gz.annotated.gz.exclusions’: No such file or directory
rm: cannot remove ‘/data/protein_GWAS_ferkingstad_EU_2021/files/19190_4_UBE2L6_UB2L6.txt.gz.annotated.gz.exclusions’: No such file or directory
rm: cannot remove ‘/data/protein_GWAS_ferkingstad_EU_2021/files/19193_18_VBP1_PFD3.txt.gz.annotated.gz.exclusions’: No such file or directory
rm: cannot remove ‘/data/protein_GWAS_ferkingstad_EU_2021/files/19194_9_DTD1_Histidyl_tRNA_synthetase_related.txt.gz.annotated.gz.exclusions’: No such file or directory
rm: cannot remove ‘/data/protein_GWAS_ferkingstad_EU_2021/files/19195_85_RPS5_RS5.txt.gz.annotated.gz.exclusions’: No such file or directory
rm: cannot remove ‘/data/protein_GWAS_ferkingstad_EU_2021/files/19196_73_HOPX_HOP.txt.gz.annotated.gz.exclusions’: No such file or directory
rm: cannot remove ‘/data/protein_GWAS_ferkingstad_EU_2021/files/19197_95_ACAT1_THIL.txt.gz.annotated.gz.exclusions’: No such file or directory
rm: cannot remove ‘/data/protein_GWAS_ferkingstad_EU_2021/files/19199_3_POLR2J_RPB11.txt.gz.annotated.gz.exclusions’: No such file or directory
rm: cannot remove ‘/data/protein_GWAS_ferkingstad_EU_2021/files/19200_16_NDUFA5_NDUA5.txt.gz.annotated.gz.exclusions’: No such file or directory
rm: cannot remove ‘/data/protein_GWAS_ferkingstad_EU_2021/files/19202_10_BTK_BTK.txt.gz.annotated.gz.exclusions’: No such file or directory
rm: cannot remove ‘/data/protein_GWAS_ferkingstad_EU_2021/files/19206_20_NUDT1_8ODP.txt.gz.annotated.gz.exclusions’: No such file or directory
rm: cannot remove ‘/data/protein_GWAS_ferkingstad_EU_2021/files/19207_119_ADK_ADK.txt.gz.annotated.gz.exclusions’: No such file or directory
rm: cannot remove ‘/data/protein_GWAS_ferkingstad_EU_2021/files/19208_8_ACVR2A_Activin_RIIA.txt.gz.annotated.gz.exclusions’: No such file or directory
rm: cannot remove ‘/data/protein_GWAS_ferkingstad_EU_2021/files/19209_6_NFKBIA_IKB_alpha.txt.gz.annotated.gz.exclusions’: No such file or directory
rm: cannot remove ‘/data/protein_GWAS_ferkingstad_EU_2021/files/19212_4_DMBT1_DMBT1.txt.gz.annotated.gz.exclusions’: No such file or directory
rm: cannot remove ‘/data/protein_GWAS_ferkingstad_EU_2021/files/19213_1_SPINK4_ISK4.txt.gz.annotated.gz.exclusions’: No such file or directory
rm: cannot remove ‘/data/protein_GWAS_ferkingstad_EU_2021/files/19215_7_NDRG1_NDRG1.txt.gz.annotated.gz.exclusions’: No such file or directory
rm: cannot remove ‘/data/protein_GWAS_ferkingstad_EU_2021/files/19219_71_NUTF2_NTF_2.txt.gz.annotated.gz.exclusions’: No such file or directory
rm: cannot remove ‘/data/protein_GWAS_ferkingstad_EU_2021/files/19222_124_RAB5B_RAB5B.txt.gz.annotated.gz.exclusions’: No such file or directory
rm: cannot remove ‘/data/protein_GWAS_ferkingstad_EU_2021/files/19223_6_RAB1A_RAB1A.txt.gz.annotated.gz.exclusions’: No such file or directory
rm: cannot remove ‘/data/protein_GWAS_ferkingstad_EU_2021/files/19224_5_EIF1AY_IF1AY.txt.gz.annotated.gz.exclusions’: No such file or directory
rm: cannot remove ‘/data/protein_GWAS_ferkingstad_EU_2021/files/19225_11_BLNK_BLNK.txt.gz.annotated.gz.exclusions’: No such file or directory
rm: cannot remove ‘/data/protein_GWAS_ferkingstad_EU_2021/files/19227_18_BATF_BATF.txt.gz.annotated.gz.exclusions’: No such file or directory
rm: cannot remove ‘/data/protein_GWAS_ferkingstad_EU_2021/files/19228_11_BAG2_BAG_2.txt.gz.annotated.gz.exclusions’: No such file or directory
rm: cannot remove ‘/data/protein_GWAS_ferkingstad_EU_2021/files/19229_92_HOMER1_HOME1.txt.gz.annotated.gz.exclusions’: No such file or directory
rm: cannot remove ‘/data/protein_GWAS_ferkingstad_EU_2021/files/19230_12_GSTT1_GSTT1.txt.gz.annotated.gz.exclusions’: No such file or directory
rm: cannot remove ‘/data/protein_GWAS_ferkingstad_EU_2021/files/19231_22_PTP4A3_PRL_3.txt.gz.annotated.gz.exclusions’: No such file or directory
rm: cannot remove ‘/data/protein_GWAS_ferkingstad_EU_2021/files/19233_75_ATOX1_ATOX1.txt.gz.annotated.gz.exclusions’: No such file or directory
rm: cannot remove ‘/data/protein_GWAS_ferkingstad_EU_2021/files/19236_24_SUB1_TCP4.txt.gz.annotated.gz.exclusions’: No such file or directory
rm: cannot remove ‘/data/protein_GWAS_ferkingstad_EU_2021/files/19237_17_DDT_D_dopachrome_decarboxylase.txt.gz.annotated.gz.exclusions’: No such file or directory
rm: cannot remove ‘/data/protein_GWAS_ferkingstad_EU_2021/files/19238_12_GLUL_GLNA.txt.gz.annotated.gz.exclusions’: No such file or directory
rm: cannot remove ‘/data/protein_GWAS_ferkingstad_EU_2021/files/19239_5_ARF1_ARF1.txt.gz.annotated.gz.exclusions’: No such file or directory
rm: cannot remove ‘/data/protein_GWAS_ferkingstad_EU_2021/files/19240_265_PDAP1_HAP28.txt.gz.annotated.gz.exclusions’: No such file or directory
rm: cannot remove ‘/data/protein_GWAS_ferkingstad_EU_2021/files/19241_31_RBP5_RBP_III.txt.gz.annotated.gz.exclusions’: No such file or directory
rm: cannot remove ‘/data/protein_GWAS_ferkingstad_EU_2021/files/19242_21_PFDN1_PFD1.txt.gz.annotated.gz.exclusions’: No such file or directory
rm: cannot remove ‘/data/protein_GWAS_ferkingstad_EU_2021/files/19243_2_PFDN2_PFD2.txt.gz.annotated.gz.exclusions’: No such file or directory
rm: cannot remove ‘/data/protein_GWAS_ferkingstad_EU_2021/files/19247_1_UBE2D1_UB2D1.txt.gz.annotated.gz.exclusions’: No such file or directory
rm: cannot remove ‘/data/protein_GWAS_ferkingstad_EU_2021/files/19249_18_KARS_SYK.txt.gz.annotated.gz.exclusions’: No such file or directory
rm: cannot remove ‘/data/protein_GWAS_ferkingstad_EU_2021/files/19250_50_MYCBP_MYCBP.txt.gz.annotated.gz.exclusions’: No such file or directory
rm: cannot remove ‘/data/protein_GWAS_ferkingstad_EU_2021/files/19251_56_SRGN_Platelet_proteoglycan.txt.gz.annotated.gz.exclusions’: No such file or directory
rm: cannot remove ‘/data/protein_GWAS_ferkingstad_EU_2021/files/19252_67_PSMB2_PSB2.txt.gz.annotated.gz.exclusions’: No such file or directory
rm: cannot remove ‘/data/protein_GWAS_ferkingstad_EU_2021/files/19253_82_RAB2B_RAB2B.txt.gz.annotated.gz.exclusions’: No such file or directory
rm: cannot remove ‘/data/protein_GWAS_ferkingstad_EU_2021/files/19254_125_GMPR_GMPR1.txt.gz.annotated.gz.exclusions’: No such file or directory
rm: cannot remove ‘/data/protein_GWAS_ferkingstad_EU_2021/files/19255_124_NXT2_NXT2.txt.gz.annotated.gz.exclusions’: No such file or directory
rm: cannot remove ‘/data/protein_GWAS_ferkingstad_EU_2021/files/19257_11_CLTA_CLCA.txt.gz.annotated.gz.exclusions’: No such file or directory
rm: cannot remove ‘/data/protein_GWAS_ferkingstad_EU_2021/files/19258_24_GCDH_GCDH.txt.gz.annotated.gz.exclusions’: No such file or directory
rm: cannot remove ‘/data/protein_GWAS_ferkingstad_EU_2021/files/19259_176_EIF2S1_IF2A.txt.gz.annotated.gz.exclusions’: No such file or directory
rm: cannot remove ‘/data/protein_GWAS_ferkingstad_EU_2021/files/19260_4_GIPC1_GIPC1.txt.gz.annotated.gz.exclusions’: No such file or directory
rm: cannot remove ‘/data/protein_GWAS_ferkingstad_EU_2021/files/19261_12_SDCBP2_SDCB2.txt.gz.annotated.gz.exclusions’: No such file or directory
rm: cannot remove ‘/data/protein_GWAS_ferkingstad_EU_2021/files/19262_219_ACADVL_ACADV.txt.gz.annotated.gz.exclusions’: No such file or directory
rm: cannot remove ‘/data/protein_GWAS_ferkingstad_EU_2021/files/19263_147_EIF4E_IF4E.txt.gz.annotated.gz.exclusions’: No such file or directory
rm: cannot remove ‘/data/protein_GWAS_ferkingstad_EU_2021/files/19264_6_RPA2_RFA2.txt.gz.annotated.gz.exclusions’: No such file or directory
rm: cannot remove ‘/data/protein_GWAS_ferkingstad_EU_2021/files/19265_9_TCP1_TCPA.txt.gz.annotated.gz.exclusions’: No such file or directory
rm: cannot remove ‘/data/protein_GWAS_ferkingstad_EU_2021/files/19266_35_G3BP1_G3BP1.txt.gz.annotated.gz.exclusions’: No such file or directory
rm: cannot remove ‘/data/protein_GWAS_ferkingstad_EU_2021/files/19267_14_HAGH_GLO2.txt.gz.annotated.gz.exclusions’: No such file or directory
rm: cannot remove ‘/data/protein_GWAS_ferkingstad_EU_2021/files/19270_26_YARS_SYYC.txt.gz.annotated.gz.exclusions’: No such file or directory
rm: cannot remove ‘/data/protein_GWAS_ferkingstad_EU_2021/files/19271_64_GNAI1_GNAI1.txt.gz.annotated.gz.exclusions’: No such file or directory
rm: cannot remove ‘/data/protein_GWAS_ferkingstad_EU_2021/files/19272_9_PEF1_PEF1.txt.gz.annotated.gz.exclusions’: No such file or directory
rm: cannot remove ‘/data/protein_GWAS_ferkingstad_EU_2021/files/19273_3_GSR_Glutathione_reductase.txt.gz.annotated.gz.exclusions’: No such file or directory
rm: cannot remove ‘/data/protein_GWAS_ferkingstad_EU_2021/files/19274_80_SNTA1_Alpha_1_syntrophin.txt.gz.annotated.gz.exclusions’: No such file or directory
rm: cannot remove ‘/data/protein_GWAS_ferkingstad_EU_2021/files/19275_68_IDH3G_IDH3G.txt.gz.annotated.gz.exclusions’: No such file or directory
rm: cannot remove ‘/data/protein_GWAS_ferkingstad_EU_2021/files/19276_124_SNRPG_RUXG.txt.gz.annotated.gz.exclusions’: No such file or directory
rm: cannot remove ‘/data/protein_GWAS_ferkingstad_EU_2021/files/19277_4_TSTD1_KAT.txt.gz.annotated.gz.exclusions’: No such file or directory
rm: cannot remove ‘/data/protein_GWAS_ferkingstad_EU_2021/files/19278_19_RAB1B_RAB1B.txt.gz.annotated.gz.exclusions’: No such file or directory
rm: cannot remove ‘/data/protein_GWAS_ferkingstad_EU_2021/files/19279_42_RBP1_CRBP.txt.gz.annotated.gz.exclusions’: No such file or directory
rm: cannot remove ‘/data/protein_GWAS_ferkingstad_EU_2021/files/19280_29_UBE2D3_UB2D3.txt.gz.annotated.gz.exclusions’: No such file or directory
rm: cannot remove ‘/data/protein_GWAS_ferkingstad_EU_2021/files/19281_86_MAFG_MAFG.txt.gz.annotated.gz.exclusions’: No such file or directory
rm: cannot remove ‘/data/protein_GWAS_ferkingstad_EU_2021/files/19282_3_RAB13_RAB13.txt.gz.annotated.gz.exclusions’: No such file or directory
rm: cannot remove ‘/data/protein_GWAS_ferkingstad_EU_2021/files/19286_30_MYL5_MLR5.txt.gz.annotated.gz.exclusions’: No such file or directory
rm: cannot remove ‘/data/protein_GWAS_ferkingstad_EU_2021/files/19287_59_DENR_DENR.txt.gz.annotated.gz.exclusions’: No such file or directory
rm: cannot remove ‘/data/protein_GWAS_ferkingstad_EU_2021/files/19289_29_UROD_DCUP.txt.gz.annotated.gz.exclusions’: No such file or directory
rm: cannot remove ‘/data/protein_GWAS_ferkingstad_EU_2021/files/19290_5_HPRT1_HPRT.txt.gz.annotated.gz.exclusions’: No such file or directory
rm: cannot remove ‘/data/protein_GWAS_ferkingstad_EU_2021/files/19291_2_CASQ2_CASQ2.txt.gz.annotated.gz.exclusions’: No such file or directory
rm: cannot remove ‘/data/protein_GWAS_ferkingstad_EU_2021/files/19293_6_VPS26A_VP26A.txt.gz.annotated.gz.exclusions’: No such file or directory
rm: cannot remove ‘/data/protein_GWAS_ferkingstad_EU_2021/files/19294_26_CRIPT_CRIPT.txt.gz.annotated.gz.exclusions’: No such file or directory
rm: cannot remove ‘/data/protein_GWAS_ferkingstad_EU_2021/files/19295_32_PPP1CC_PP1G.txt.gz.annotated.gz.exclusions’: No such file or directory
rm: cannot remove ‘/data/protein_GWAS_ferkingstad_EU_2021/files/19296_51_MYL7_MLRA.txt.gz.annotated.gz.exclusions’: No such file or directory
rm: cannot remove ‘/data/protein_GWAS_ferkingstad_EU_2021/files/19297_4_G6PD_G6PD.txt.gz.annotated.gz.exclusions’: No such file or directory
rm: cannot remove ‘/data/protein_GWAS_ferkingstad_EU_2021/files/19302_7_GIMAP6_GIMA6.txt.gz.annotated.gz.exclusions’: No such file or directory
rm: cannot remove ‘/data/protein_GWAS_ferkingstad_EU_2021/files/19303_64_PET117_PT117.txt.gz.annotated.gz.exclusions’: No such file or directory
rm: cannot remove ‘/data/protein_GWAS_ferkingstad_EU_2021/files/19310_81_COPE_COPE.txt.gz.annotated.gz.exclusions’: No such file or directory
rm: cannot remove ‘/data/protein_GWAS_ferkingstad_EU_2021/files/19311_15_CRYGS_CRBS.txt.gz.annotated.gz.exclusions’: No such file or directory
rm: cannot remove ‘/data/protein_GWAS_ferkingstad_EU_2021/files/19316_2_HSCB_HSC20.txt.gz.annotated.gz.exclusions’: No such file or directory
rm: cannot remove ‘/data/protein_GWAS_ferkingstad_EU_2021/files/19317_114_ACPP_Prostatic_acid_phosphatase.txt.gz.annotated.gz.exclusions’: No such file or directory
rm: cannot remove ‘/data/protein_GWAS_ferkingstad_EU_2021/files/19323_1_EBAG9_RCAS1.txt.gz.annotated.gz.exclusions’: No such file or directory
rm: cannot remove ‘/data/protein_GWAS_ferkingstad_EU_2021/files/19325_21_ABHD14B_ABHEB.txt.gz.annotated.gz.exclusions’: No such file or directory
rm: cannot remove ‘/data/protein_GWAS_ferkingstad_EU_2021/files/19327_31_HAT1_Hat1.txt.gz.annotated.gz.exclusions’: No such file or directory
rm: cannot remove ‘/data/protein_GWAS_ferkingstad_EU_2021/files/19328_51_CHEK2_Chk2.txt.gz.annotated.gz.exclusions’: No such file or directory
rm: cannot remove ‘/data/protein_GWAS_ferkingstad_EU_2021/files/19329_31_HIPK3_HIPK3.txt.gz.annotated.gz.exclusions’: No such file or directory
rm: cannot remove ‘/data/protein_GWAS_ferkingstad_EU_2021/files/19331_18_BAIAP2_BAIP2.txt.gz.annotated.gz.exclusions’: No such file or directory
rm: cannot remove ‘/data/protein_GWAS_ferkingstad_EU_2021/files/19332_1_MOBKL3_MOBL3.txt.gz.annotated.gz.exclusions’: No such file or directory
rm: cannot remove ‘/data/protein_GWAS_ferkingstad_EU_2021/files/19333_4_HNRNPK_hnRNP_K.txt.gz.annotated.gz.exclusions’: No such file or directory
rm: cannot remove ‘/data/protein_GWAS_ferkingstad_EU_2021/files/19334_62_TXNDC12_TXD12.txt.gz.annotated.gz.exclusions’: No such file or directory
rm: cannot remove ‘/data/protein_GWAS_ferkingstad_EU_2021/files/19335_2_HN1_HN1.txt.gz.annotated.gz.exclusions’: No such file or directory
rm: cannot remove ‘/data/protein_GWAS_ferkingstad_EU_2021/files/19338_3_LZIC_LZIC.txt.gz.annotated.gz.exclusions’: No such file or directory
rm: cannot remove ‘/data/protein_GWAS_ferkingstad_EU_2021/files/19341_36_ACBD6_ACBD6.txt.gz.annotated.gz.exclusions’: No such file or directory
rm: cannot remove ‘/data/protein_GWAS_ferkingstad_EU_2021/files/19347_37_CA12_Carbonic_Anhydrase_XII.txt.gz.annotated.gz.exclusions’: No such file or directory
rm: cannot remove ‘/data/protein_GWAS_ferkingstad_EU_2021/files/19353_25_OSTM1_OSTM1.txt.gz.annotated.gz.exclusions’: No such file or directory
rm: cannot remove ‘/data/protein_GWAS_ferkingstad_EU_2021/files/19356_20_TOM1L2_TM1L2.txt.gz.annotated.gz.exclusions’: No such file or directory
rm: cannot remove ‘/data/protein_GWAS_ferkingstad_EU_2021/files/19357_11_VAMP7_VAMP7.txt.gz.annotated.gz.exclusions’: No such file or directory
rm: cannot remove ‘/data/protein_GWAS_ferkingstad_EU_2021/files/19360_22_LRRTM1_LRRT1.txt.gz.annotated.gz.exclusions’: No such file or directory
rm: cannot remove ‘/data/protein_GWAS_ferkingstad_EU_2021/files/19361_78_MATN3_MATN3.txt.gz.annotated.gz.exclusions’: No such file or directory
rm: cannot remove ‘/data/protein_GWAS_ferkingstad_EU_2021/files/19364_163_PCNA_PCNA.txt.gz.annotated.gz.exclusions’: No such file or directory
rm: cannot remove ‘/data/protein_GWAS_ferkingstad_EU_2021/files/19365_11_BCAT2_BCAT2.txt.gz.annotated.gz.exclusions’: No such file or directory
rm: cannot remove ‘/data/protein_GWAS_ferkingstad_EU_2021/files/19366_8_PEX26_PEX26.txt.gz.annotated.gz.exclusions’: No such file or directory
rm: cannot remove ‘/data/protein_GWAS_ferkingstad_EU_2021/files/19367_34_DCI_D3D2.txt.gz.annotated.gz.exclusions’: No such file or directory
rm: cannot remove ‘/data/protein_GWAS_ferkingstad_EU_2021/files/19369_17_KAT2A_GCNL2.txt.gz.annotated.gz.exclusions’: No such file or directory
rm: cannot remove ‘/data/protein_GWAS_ferkingstad_EU_2021/files/19370_30_HS3ST4_HS3S4.txt.gz.annotated.gz.exclusions’: No such file or directory
rm: cannot remove ‘/data/protein_GWAS_ferkingstad_EU_2021/files/19372_7_MDGA2_MDGA2.txt.gz.annotated.gz.exclusions’: No such file or directory
rm: cannot remove ‘/data/protein_GWAS_ferkingstad_EU_2021/files/19373_3_MYL12A_MLRM.txt.gz.annotated.gz.exclusions’: No such file or directory
rm: cannot remove ‘/data/protein_GWAS_ferkingstad_EU_2021/files/19374_72_MTCP1_MTCP1.txt.gz.annotated.gz.exclusions’: No such file or directory
rm: cannot remove ‘/data/protein_GWAS_ferkingstad_EU_2021/files/19376_74_NNMT_NNMT.txt.gz.annotated.gz.exclusions’: No such file or directory
rm: cannot remove ‘/data/protein_GWAS_ferkingstad_EU_2021/files/19377_14_OLFM2_NOE2.txt.gz.annotated.gz.exclusions’: No such file or directory
rm: cannot remove ‘/data/protein_GWAS_ferkingstad_EU_2021/files/19379_154_RAB3D_RAB3D.txt.gz.annotated.gz.exclusions’: No such file or directory
rm: cannot remove ‘/data/protein_GWAS_ferkingstad_EU_2021/files/19381_7_RGS21_RGS21.txt.gz.annotated.gz.exclusions’: No such file or directory
rm: cannot remove ‘/data/protein_GWAS_ferkingstad_EU_2021/files/19383_131_CINP_CINP.txt.gz.annotated.gz.exclusions’: No such file or directory
rm: cannot remove ‘/data/protein_GWAS_ferkingstad_EU_2021/files/19388_2_CDH12_Cadherin_12.txt.gz.annotated.gz.exclusions’: No such file or directory
rm: cannot remove ‘/data/protein_GWAS_ferkingstad_EU_2021/files/19392_6_DDAH1_DDAH1.txt.gz.annotated.gz.exclusions’: No such file or directory
rm: cannot remove ‘/data/protein_GWAS_ferkingstad_EU_2021/files/19437_61_VEGFA_L_VEGF165.txt.gz.annotated.gz.exclusions’: No such file or directory
rm: cannot remove ‘/data/protein_GWAS_ferkingstad_EU_2021/files/19438_68_SYF2_SYF2.txt.gz.annotated.gz.exclusions’: No such file or directory
rm: cannot remove ‘/data/protein_GWAS_ferkingstad_EU_2021/files/19446_1_GMPR2_GMPR2.txt.gz.annotated.gz.exclusions’: No such file or directory
rm: cannot remove ‘/data/protein_GWAS_ferkingstad_EU_2021/files/19448_104_UPP1_UPP1.txt.gz.annotated.gz.exclusions’: No such file or directory
rm: cannot remove ‘/data/protein_GWAS_ferkingstad_EU_2021/files/19467_3_RBKS_RBSK.txt.gz.annotated.gz.exclusions’: No such file or directory
rm: cannot remove ‘/data/protein_GWAS_ferkingstad_EU_2021/files/19482_11_HDHD3_HDHD3.txt.gz.annotated.gz.exclusions’: No such file or directory
rm: cannot remove ‘/data/protein_GWAS_ferkingstad_EU_2021/files/19483_16_KDSR_KDSR.txt.gz.annotated.gz.exclusions’: No such file or directory
rm: cannot remove ‘/data/protein_GWAS_ferkingstad_EU_2021/files/19488_1_PDCD6_PDCD6.txt.gz.annotated.gz.exclusions’: No such file or directory
rm: cannot remove ‘/data/protein_GWAS_ferkingstad_EU_2021/files/19491_11_HSD17B8_DHB8.txt.gz.annotated.gz.exclusions’: No such file or directory
rm: cannot remove ‘/data/protein_GWAS_ferkingstad_EU_2021/files/19492_5_KAAG1_KAAG1.txt.gz.annotated.gz.exclusions’: No such file or directory
rm: cannot remove ‘/data/protein_GWAS_ferkingstad_EU_2021/files/19496_1_NPL_NPL.txt.gz.annotated.gz.exclusions’: No such file or directory
rm: cannot remove ‘/data/protein_GWAS_ferkingstad_EU_2021/files/19503_2_SNX3_SNX3.txt.gz.annotated.gz.exclusions’: No such file or directory
rm: cannot remove ‘/data/protein_GWAS_ferkingstad_EU_2021/files/19504_22_DTYMK_KTHY.txt.gz.annotated.gz.exclusions’: No such file or directory
rm: cannot remove ‘/data/protein_GWAS_ferkingstad_EU_2021/files/19506_6_GLYAT_GLYAT.txt.gz.annotated.gz.exclusions’: No such file or directory
rm: cannot remove ‘/data/protein_GWAS_ferkingstad_EU_2021/files/19511_8_DCUN1D2_DCNL2.txt.gz.annotated.gz.exclusions’: No such file or directory
rm: cannot remove ‘/data/protein_GWAS_ferkingstad_EU_2021/files/19516_10_HMGA2_HMGA2.txt.gz.annotated.gz.exclusions’: No such file or directory
rm: cannot remove ‘/data/protein_GWAS_ferkingstad_EU_2021/files/19518_12_HK3_HXK3.txt.gz.annotated.gz.exclusions’: No such file or directory
rm: cannot remove ‘/data/protein_GWAS_ferkingstad_EU_2021/files/19523_215_PARK7_PARK7.txt.gz.annotated.gz.exclusions’: No such file or directory
rm: cannot remove ‘/data/protein_GWAS_ferkingstad_EU_2021/files/19545_145_PARK7_Oxidized_PARK7.txt.gz.annotated.gz.exclusions’: No such file or directory
rm: cannot remove ‘/data/protein_GWAS_ferkingstad_EU_2021/files/19553_14_STX1A_STX1a.txt.gz.annotated.gz.exclusions’: No such file or directory
rm: cannot remove ‘/data/protein_GWAS_ferkingstad_EU_2021/files/19555_1_SUMO2_SUMO2.txt.gz.annotated.gz.exclusions’: No such file or directory
rm: cannot remove ‘/data/protein_GWAS_ferkingstad_EU_2021/files/19556_12_CR1_Complement_receptor_type_1.txt.gz.annotated.gz.exclusions’: No such file or directory
rm: cannot remove ‘/data/protein_GWAS_ferkingstad_EU_2021/files/19557_3_KLB_KLOTB.txt.gz.annotated.gz.exclusions’: No such file or directory
rm: cannot remove ‘/data/protein_GWAS_ferkingstad_EU_2021/files/19558_10_LRP4_LRP4.txt.gz.annotated.gz.exclusions’: No such file or directory
rm: cannot remove ‘/data/protein_GWAS_ferkingstad_EU_2021/files/19560_23_PLXNA4_PLXA4.txt.gz.annotated.gz.exclusions’: No such file or directory
rm: cannot remove ‘/data/protein_GWAS_ferkingstad_EU_2021/files/19561_216_PLXND1_PLXD1.txt.gz.annotated.gz.exclusions’: No such file or directory
rm: cannot remove ‘/data/protein_GWAS_ferkingstad_EU_2021/files/19562_8_USP28_UBP28.txt.gz.annotated.gz.exclusions’: No such file or directory
rm: cannot remove ‘/data/protein_GWAS_ferkingstad_EU_2021/files/19563_3_SEZ6L_SEZ6L.txt.gz.annotated.gz.exclusions’: No such file or directory
rm: cannot remove ‘/data/protein_GWAS_ferkingstad_EU_2021/files/19564_61_IRF4_IRF4.txt.gz.annotated.gz.exclusions’: No such file or directory
rm: cannot remove ‘/data/protein_GWAS_ferkingstad_EU_2021/files/19567_1_EGFR_EGFRvIII.txt.gz.annotated.gz.exclusions’: No such file or directory
rm: cannot remove ‘/data/protein_GWAS_ferkingstad_EU_2021/files/19568_17_IL15_IL_15.txt.gz.annotated.gz.exclusions’: No such file or directory
rm: cannot remove ‘/data/protein_GWAS_ferkingstad_EU_2021/files/19570_12_FGF8_FGF_8.txt.gz.annotated.gz.exclusions’: No such file or directory
rm: cannot remove ‘/data/protein_GWAS_ferkingstad_EU_2021/files/19572_10_CEBPG_CEBPG.txt.gz.annotated.gz.exclusions’: No such file or directory
rm: cannot remove ‘/data/protein_GWAS_ferkingstad_EU_2021/files/19575_4_EPOR_EPO_R.txt.gz.annotated.gz.exclusions’: No such file or directory
rm: cannot remove ‘/data/protein_GWAS_ferkingstad_EU_2021/files/19578_19_DOK2_DOK2.txt.gz.annotated.gz.exclusions’: No such file or directory
rm: cannot remove ‘/data/protein_GWAS_ferkingstad_EU_2021/files/19579_5_DEFA1_HNP_1.txt.gz.annotated.gz.exclusions’: No such file or directory
rm: cannot remove ‘/data/protein_GWAS_ferkingstad_EU_2021/files/19581_15_IGFBP5_IGFBP_5.txt.gz.annotated.gz.exclusions’: No such file or directory
rm: cannot remove ‘/data/protein_GWAS_ferkingstad_EU_2021/files/19584_33_FGF9_FGF9.txt.gz.annotated.gz.exclusions’: No such file or directory
rm: cannot remove ‘/data/protein_GWAS_ferkingstad_EU_2021/files/19586_89_RAB3C_RAB3C.txt.gz.annotated.gz.exclusions’: No such file or directory
rm: cannot remove ‘/data/protein_GWAS_ferkingstad_EU_2021/files/19587_12_KPNA1_IMA5.txt.gz.annotated.gz.exclusions’: No such file or directory
rm: cannot remove ‘/data/protein_GWAS_ferkingstad_EU_2021/files/19590_46_SFTPD_SP_D.txt.gz.annotated.gz.exclusions’: No such file or directory
rm: cannot remove ‘/data/protein_GWAS_ferkingstad_EU_2021/files/19596_18_BRF1_BRF_1.txt.gz.annotated.gz.exclusions’: No such file or directory
rm: cannot remove ‘/data/protein_GWAS_ferkingstad_EU_2021/files/19601_15_ASB9_ASB9.txt.gz.annotated.gz.exclusions’: No such file or directory
rm: cannot remove ‘/data/protein_GWAS_ferkingstad_EU_2021/files/19602_36_JUND_jun_D.txt.gz.annotated.gz.exclusions’: No such file or directory
rm: cannot remove ‘/data/protein_GWAS_ferkingstad_EU_2021/files/19606_28_IHH_ihh.txt.gz.annotated.gz.exclusions’: No such file or directory
rm: cannot remove ‘/data/protein_GWAS_ferkingstad_EU_2021/files/19612_3_CD81_CD81.txt.gz.annotated.gz.exclusions’: No such file or directory
rm: cannot remove ‘/data/protein_GWAS_ferkingstad_EU_2021/files/19614_8_TCN1_Holo_TC_I.txt.gz.annotated.gz.exclusions’: No such file or directory
rm: cannot remove ‘/data/protein_GWAS_ferkingstad_EU_2021/files/19615_213_NT5C3A_5NT3.txt.gz.annotated.gz.exclusions’: No such file or directory
rm: cannot remove ‘/data/protein_GWAS_ferkingstad_EU_2021/files/19616_100_EFHD1_EFHD1.txt.gz.annotated.gz.exclusions’: No such file or directory
rm: cannot remove ‘/data/protein_GWAS_ferkingstad_EU_2021/files/19617_5_PTGR1_LTB4DH.txt.gz.annotated.gz.exclusions’: No such file or directory
rm: cannot remove ‘/data/protein_GWAS_ferkingstad_EU_2021/files/19620_16_DLG2_DLG2.txt.gz.annotated.gz.exclusions’: No such file or directory
rm: cannot remove ‘/data/protein_GWAS_ferkingstad_EU_2021/files/19622_7_INHBA_Activin_A.txt.gz.annotated.gz.exclusions’: No such file or directory
rm: cannot remove ‘/data/protein_GWAS_ferkingstad_EU_2021/files/19623_26_RPSA_40S_ribosomal_protein_SA.txt.gz.annotated.gz.exclusions’: No such file or directory
rm: cannot remove ‘/data/protein_GWAS_ferkingstad_EU_2021/files/19631_13_KNG1_Kininostatin.txt.gz.annotated.gz.exclusions’: No such file or directory
rm: cannot remove ‘/data/protein_GWAS_ferkingstad_EU_2021/files/19635_69_FGL2_FGL2.txt.gz.annotated.gz.exclusions’: No such file or directory
rm: cannot remove ‘/data/protein_GWAS_ferkingstad_EU_2021/files/19636_23_HLA_G_HLA_G.txt.gz.annotated.gz.exclusions’: No such file or directory
rm: cannot remove ‘/data/protein_GWAS_ferkingstad_EU_2021/files/19637_9_CRH_CRH.txt.gz.annotated.gz.exclusions’: No such file or directory
rm: cannot remove ‘/data/protein_GWAS_ferkingstad_EU_2021/files/19638_9_PDYN_Dynorphin_A__1_17_.txt.gz.annotated.gz.exclusions’: No such file or directory
rm: cannot remove ‘/data/protein_GWAS_ferkingstad_EU_2021/files/19639_53_IAPP_IAPP.txt.gz.annotated.gz.exclusions’: No such file or directory
rm: cannot remove ‘/data/protein_GWAS_ferkingstad_EU_2021/files/19640_2_PTH_Parathyroid_Hormone1_34.txt.gz.annotated.gz.exclusions’: No such file or directory
rm: cannot remove ‘/data/protein_GWAS_ferkingstad_EU_2021/files/2190_55_F11_Coagulation_Factor_XI.txt.gz.annotated.gz.exclusions’: No such file or directory
rm: cannot remove ‘/data/protein_GWAS_ferkingstad_EU_2021/files/2192_63_CCL27_CTACK.txt.gz.annotated.gz.exclusions’: No such file or directory
rm: cannot remove ‘/data/protein_GWAS_ferkingstad_EU_2021/files/2201_17_COL18A1_Endostatin.txt.gz.annotated.gz.exclusions’: No such file or directory
rm: cannot remove ‘/data/protein_GWAS_ferkingstad_EU_2021/files/2211_9_TIMP1_TIMP_1.txt.gz.annotated.gz.exclusions’: No such file or directory
rm: cannot remove ‘/data/protein_GWAS_ferkingstad_EU_2021/files/2212_69_PLAT_tPA.txt.gz.annotated.gz.exclusions’: No such file or directory
rm: cannot remove ‘/data/protein_GWAS_ferkingstad_EU_2021/files/2247_20_PROK1_EG_VEGF.txt.gz.annotated.gz.exclusions’: No such file or directory
rm: cannot remove ‘/data/protein_GWAS_ferkingstad_EU_2021/files/2278_61_TIMP2_TIMP_2.txt.gz.annotated.gz.exclusions’: No such file or directory
