rm: cannot remove ‘/data/protein_GWAS_ferkingstad_EU_2021/files/7742_11_RNF148_RN148.txt.gz.annotated.gz.exclusions’: No such file or directory
rm: cannot remove ‘/data/protein_GWAS_ferkingstad_EU_2021/files/7743_5_TIMM50_TIM50.txt.gz.annotated.gz.exclusions’: No such file or directory
rm: cannot remove ‘/data/protein_GWAS_ferkingstad_EU_2021/files/7745_3_CISD1_ZCD1.txt.gz.annotated.gz.exclusions’: No such file or directory
rm: cannot remove ‘/data/protein_GWAS_ferkingstad_EU_2021/files/7747_47_NDUFB11_NDUBB.txt.gz.annotated.gz.exclusions’: No such file or directory
rm: cannot remove ‘/data/protein_GWAS_ferkingstad_EU_2021/files/7748_11_NDUFV2_NDUV2.txt.gz.annotated.gz.exclusions’: No such file or directory
rm: cannot remove ‘/data/protein_GWAS_ferkingstad_EU_2021/files/7751_121_SFRP2_SARP_1.txt.gz.annotated.gz.exclusions’: No such file or directory
rm: cannot remove ‘/data/protein_GWAS_ferkingstad_EU_2021/files/7752_31_CLEC4D_CLC4D.txt.gz.annotated.gz.exclusions’: No such file or directory
rm: cannot remove ‘/data/protein_GWAS_ferkingstad_EU_2021/files/7753_21_HTATIP2_HTAI2.txt.gz.annotated.gz.exclusions’: No such file or directory
rm: cannot remove ‘/data/protein_GWAS_ferkingstad_EU_2021/files/7754_11_JAG1_JAG1.txt.gz.annotated.gz.exclusions’: No such file or directory
rm: cannot remove ‘/data/protein_GWAS_ferkingstad_EU_2021/files/7755_37_ITGB5_ITB5.txt.gz.annotated.gz.exclusions’: No such file or directory
rm: cannot remove ‘/data/protein_GWAS_ferkingstad_EU_2021/files/7757_5_HLA_DQA2_DQA2.txt.gz.annotated.gz.exclusions’: No such file or directory
rm: cannot remove ‘/data/protein_GWAS_ferkingstad_EU_2021/files/7758_217_RNF215_RN215.txt.gz.annotated.gz.exclusions’: No such file or directory
rm: cannot remove ‘/data/protein_GWAS_ferkingstad_EU_2021/files/7761_125_CHKB_CHKB.txt.gz.annotated.gz.exclusions’: No such file or directory
rm: cannot remove ‘/data/protein_GWAS_ferkingstad_EU_2021/files/7762_30_SNN_SNN.txt.gz.annotated.gz.exclusions’: No such file or directory
rm: cannot remove ‘/data/protein_GWAS_ferkingstad_EU_2021/files/7763_25_CDH11_Cadherin_11.txt.gz.annotated.gz.exclusions’: No such file or directory
rm: cannot remove ‘/data/protein_GWAS_ferkingstad_EU_2021/files/7765_15_ITM2A_ITM2A.txt.gz.annotated.gz.exclusions’: No such file or directory
rm: cannot remove ‘/data/protein_GWAS_ferkingstad_EU_2021/files/7766_25_ZP4_ZP4.txt.gz.annotated.gz.exclusions’: No such file or directory
rm: cannot remove ‘/data/protein_GWAS_ferkingstad_EU_2021/files/7767_1_CLPSL2_CF126.txt.gz.annotated.gz.exclusions’: No such file or directory
rm: cannot remove ‘/data/protein_GWAS_ferkingstad_EU_2021/files/7769_29_SH3BP2_3BP2.txt.gz.annotated.gz.exclusions’: No such file or directory
rm: cannot remove ‘/data/protein_GWAS_ferkingstad_EU_2021/files/7770_25_NFU1_NFU1.txt.gz.annotated.gz.exclusions’: No such file or directory
rm: cannot remove ‘/data/protein_GWAS_ferkingstad_EU_2021/files/7773_20_KIR2DL2_KI2L2.txt.gz.annotated.gz.exclusions’: No such file or directory
rm: cannot remove ‘/data/protein_GWAS_ferkingstad_EU_2021/files/7776_20_UNC5B_UNC5B.txt.gz.annotated.gz.exclusions’: No such file or directory
rm: cannot remove ‘/data/protein_GWAS_ferkingstad_EU_2021/files/7778_104_C9orf89_BINCA.txt.gz.annotated.gz.exclusions’: No such file or directory
rm: cannot remove ‘/data/protein_GWAS_ferkingstad_EU_2021/files/7779_86_CHST11_CHSTB.txt.gz.annotated.gz.exclusions’: No such file or directory
rm: cannot remove ‘/data/protein_GWAS_ferkingstad_EU_2021/files/7782_34_EDDM3B_EP3B.txt.gz.annotated.gz.exclusions’: No such file or directory
rm: cannot remove ‘/data/protein_GWAS_ferkingstad_EU_2021/files/7784_1_KNG1_Kininogen__HMW.txt.gz.annotated.gz.exclusions’: No such file or directory
rm: cannot remove ‘/data/protein_GWAS_ferkingstad_EU_2021/files/7785_1_EFNB3_Ephrin_B3.txt.gz.annotated.gz.exclusions’: No such file or directory
rm: cannot remove ‘/data/protein_GWAS_ferkingstad_EU_2021/files/7786_83_CLEC2B_CLC2B.txt.gz.annotated.gz.exclusions’: No such file or directory
rm: cannot remove ‘/data/protein_GWAS_ferkingstad_EU_2021/files/7787_25_LILRA5_LIRA5.txt.gz.annotated.gz.exclusions’: No such file or directory
rm: cannot remove ‘/data/protein_GWAS_ferkingstad_EU_2021/files/7788_1_ATP5J_CF6.txt.gz.annotated.gz.exclusions’: No such file or directory
rm: cannot remove ‘/data/protein_GWAS_ferkingstad_EU_2021/files/7789_182_PRDX4_PRDX4.txt.gz.annotated.gz.exclusions’: No such file or directory
rm: cannot remove ‘/data/protein_GWAS_ferkingstad_EU_2021/files/7790_21_LIF_LIF.txt.gz.annotated.gz.exclusions’: No such file or directory
rm: cannot remove ‘/data/protein_GWAS_ferkingstad_EU_2021/files/7792_58_CCDC90B_CC90B.txt.gz.annotated.gz.exclusions’: No such file or directory
rm: cannot remove ‘/data/protein_GWAS_ferkingstad_EU_2021/files/7795_14_KLRC3_NKG2E.txt.gz.annotated.gz.exclusions’: No such file or directory
rm: cannot remove ‘/data/protein_GWAS_ferkingstad_EU_2021/files/7796_10_CD79A_CD79A.txt.gz.annotated.gz.exclusions’: No such file or directory
rm: cannot remove ‘/data/protein_GWAS_ferkingstad_EU_2021/files/7797_11_CCDC167_CC167.txt.gz.annotated.gz.exclusions’: No such file or directory
rm: cannot remove ‘/data/protein_GWAS_ferkingstad_EU_2021/files/7803_4_CHST1_CHST1.txt.gz.annotated.gz.exclusions’: No such file or directory
rm: cannot remove ‘/data/protein_GWAS_ferkingstad_EU_2021/files/7805_52_GOSR1_GOS_28.txt.gz.annotated.gz.exclusions’: No such file or directory
rm: cannot remove ‘/data/protein_GWAS_ferkingstad_EU_2021/files/7806_33_B4GALT7_B4GT7.txt.gz.annotated.gz.exclusions’: No such file or directory
rm: cannot remove ‘/data/protein_GWAS_ferkingstad_EU_2021/files/7808_5_GLCE_GLCE.txt.gz.annotated.gz.exclusions’: No such file or directory
rm: cannot remove ‘/data/protein_GWAS_ferkingstad_EU_2021/files/7809_22_SPATA9_SPAT9.txt.gz.annotated.gz.exclusions’: No such file or directory
rm: cannot remove ‘/data/protein_GWAS_ferkingstad_EU_2021/files/7810_20_C1QTNF5_C1QTNF5.txt.gz.annotated.gz.exclusions’: No such file or directory
rm: cannot remove ‘/data/protein_GWAS_ferkingstad_EU_2021/files/7815_49_IGFBPL1_IBPL1.txt.gz.annotated.gz.exclusions’: No such file or directory
rm: cannot remove ‘/data/protein_GWAS_ferkingstad_EU_2021/files/7818_101_GBP6_GBP6.txt.gz.annotated.gz.exclusions’: No such file or directory
rm: cannot remove ‘/data/protein_GWAS_ferkingstad_EU_2021/files/7821_6_C1D_C1D.txt.gz.annotated.gz.exclusions’: No such file or directory
rm: cannot remove ‘/data/protein_GWAS_ferkingstad_EU_2021/files/7822_11_HRASLS2_HRSL2.txt.gz.annotated.gz.exclusions’: No such file or directory
rm: cannot remove ‘/data/protein_GWAS_ferkingstad_EU_2021/files/7823_22_ST6GALNAC2_SIA7B.txt.gz.annotated.gz.exclusions’: No such file or directory
rm: cannot remove ‘/data/protein_GWAS_ferkingstad_EU_2021/files/7824_88_MSRB3_MSRB3.txt.gz.annotated.gz.exclusions’: No such file or directory
rm: cannot remove ‘/data/protein_GWAS_ferkingstad_EU_2021/files/7825_7_ABHD12_ABD12.txt.gz.annotated.gz.exclusions’: No such file or directory
rm: cannot remove ‘/data/protein_GWAS_ferkingstad_EU_2021/files/7826_1_DCLK3_DCLK3.txt.gz.annotated.gz.exclusions’: No such file or directory
rm: cannot remove ‘/data/protein_GWAS_ferkingstad_EU_2021/files/7827_20_ADAM32_ADA32.txt.gz.annotated.gz.exclusions’: No such file or directory
rm: cannot remove ‘/data/protein_GWAS_ferkingstad_EU_2021/files/7835_2_BNIP3L_BNI3L.txt.gz.annotated.gz.exclusions’: No such file or directory
rm: cannot remove ‘/data/protein_GWAS_ferkingstad_EU_2021/files/7838_27_SMR3A_SMR3A.txt.gz.annotated.gz.exclusions’: No such file or directory
rm: cannot remove ‘/data/protein_GWAS_ferkingstad_EU_2021/files/7839_99_FAM19A3_F19A3.txt.gz.annotated.gz.exclusions’: No such file or directory
rm: cannot remove ‘/data/protein_GWAS_ferkingstad_EU_2021/files/7841_84_ESAM_ESAM.txt.gz.annotated.gz.exclusions’: No such file or directory
rm: cannot remove ‘/data/protein_GWAS_ferkingstad_EU_2021/files/7842_52_SERF1A_SERF1.txt.gz.annotated.gz.exclusions’: No such file or directory
rm: cannot remove ‘/data/protein_GWAS_ferkingstad_EU_2021/files/7846_44_PSG11_PSG11.txt.gz.annotated.gz.exclusions’: No such file or directory
rm: cannot remove ‘/data/protein_GWAS_ferkingstad_EU_2021/files/7849_3_QPCT_Glutaminyl_cyclase.txt.gz.annotated.gz.exclusions’: No such file or directory
rm: cannot remove ‘/data/protein_GWAS_ferkingstad_EU_2021/files/7850_1_COX4I2_COX42.txt.gz.annotated.gz.exclusions’: No such file or directory
rm: cannot remove ‘/data/protein_GWAS_ferkingstad_EU_2021/files/7851_30_ANKRD46_ANR46.txt.gz.annotated.gz.exclusions’: No such file or directory
rm: cannot remove ‘/data/protein_GWAS_ferkingstad_EU_2021/files/7852_9_MTIF3_IF3M.txt.gz.annotated.gz.exclusions’: No such file or directory
rm: cannot remove ‘/data/protein_GWAS_ferkingstad_EU_2021/files/7853_19_SCO1_SCO1.txt.gz.annotated.gz.exclusions’: No such file or directory
rm: cannot remove ‘/data/protein_GWAS_ferkingstad_EU_2021/files/7854_38_NCR3LG1_NR3L1.txt.gz.annotated.gz.exclusions’: No such file or directory
rm: cannot remove ‘/data/protein_GWAS_ferkingstad_EU_2021/files/7856_51_FAM151A_F151A.txt.gz.annotated.gz.exclusions’: No such file or directory
rm: cannot remove ‘/data/protein_GWAS_ferkingstad_EU_2021/files/7857_22_NTS_NEUT.txt.gz.annotated.gz.exclusions’: No such file or directory
rm: cannot remove ‘/data/protein_GWAS_ferkingstad_EU_2021/files/7859_21_PCDHGC3_PCDGK.txt.gz.annotated.gz.exclusions’: No such file or directory
rm: cannot remove ‘/data/protein_GWAS_ferkingstad_EU_2021/files/7860_9_HERC4_HERC4.txt.gz.annotated.gz.exclusions’: No such file or directory
rm: cannot remove ‘/data/protein_GWAS_ferkingstad_EU_2021/files/7861_9_ROR2_ROR2.txt.gz.annotated.gz.exclusions’: No such file or directory
rm: cannot remove ‘/data/protein_GWAS_ferkingstad_EU_2021/files/7863_50_PGRMC1_PGRC1.txt.gz.annotated.gz.exclusions’: No such file or directory
rm: cannot remove ‘/data/protein_GWAS_ferkingstad_EU_2021/files/7864_3_SIGLEC8_SIGL8.txt.gz.annotated.gz.exclusions’: No such file or directory
rm: cannot remove ‘/data/protein_GWAS_ferkingstad_EU_2021/files/7865_126_PLA2G16_HRSL3.txt.gz.annotated.gz.exclusions’: No such file or directory
rm: cannot remove ‘/data/protein_GWAS_ferkingstad_EU_2021/files/7866_11_DNAJC30_DJC30.txt.gz.annotated.gz.exclusions’: No such file or directory
rm: cannot remove ‘/data/protein_GWAS_ferkingstad_EU_2021/files/7867_154_ST6GALNAC1_SIA7A.txt.gz.annotated.gz.exclusions’: No such file or directory
rm: cannot remove ‘/data/protein_GWAS_ferkingstad_EU_2021/files/7871_16_TMEM132A_T132A.txt.gz.annotated.gz.exclusions’: No such file or directory
rm: cannot remove ‘/data/protein_GWAS_ferkingstad_EU_2021/files/7873_32_TSSK2_TSSK2.txt.gz.annotated.gz.exclusions’: No such file or directory
rm: cannot remove ‘/data/protein_GWAS_ferkingstad_EU_2021/files/7875_86_PLEK_PLEK.txt.gz.annotated.gz.exclusions’: No such file or directory
rm: cannot remove ‘/data/protein_GWAS_ferkingstad_EU_2021/files/7878_2_SEC61B_SC61B.txt.gz.annotated.gz.exclusions’: No such file or directory
rm: cannot remove ‘/data/protein_GWAS_ferkingstad_EU_2021/files/7879_12_CYP3A4_Cytochrome_P450_3A4.txt.gz.annotated.gz.exclusions’: No such file or directory
rm: cannot remove ‘/data/protein_GWAS_ferkingstad_EU_2021/files/7880_9_PSMA1_PSA1.txt.gz.annotated.gz.exclusions’: No such file or directory
rm: cannot remove ‘/data/protein_GWAS_ferkingstad_EU_2021/files/7881_244_PARP16_PAR16.txt.gz.annotated.gz.exclusions’: No such file or directory
rm: cannot remove ‘/data/protein_GWAS_ferkingstad_EU_2021/files/7886_26_SPTLC1_SPTC1.txt.gz.annotated.gz.exclusions’: No such file or directory
rm: cannot remove ‘/data/protein_GWAS_ferkingstad_EU_2021/files/7887_57_COX5B_COX5B.txt.gz.annotated.gz.exclusions’: No such file or directory
rm: cannot remove ‘/data/protein_GWAS_ferkingstad_EU_2021/files/7888_58_COA3_CCD56.txt.gz.annotated.gz.exclusions’: No such file or directory
rm: cannot remove ‘/data/protein_GWAS_ferkingstad_EU_2021/files/7890_68_DPP10_DPP10.txt.gz.annotated.gz.exclusions’: No such file or directory
rm: cannot remove ‘/data/protein_GWAS_ferkingstad_EU_2021/files/7891_45_UGT1A6_UGT_1A6.txt.gz.annotated.gz.exclusions’: No such file or directory
rm: cannot remove ‘/data/protein_GWAS_ferkingstad_EU_2021/files/7892_132_KIAA1467_K1467.txt.gz.annotated.gz.exclusions’: No such file or directory
rm: cannot remove ‘/data/protein_GWAS_ferkingstad_EU_2021/files/7894_155_FGF3_FGF_3.txt.gz.annotated.gz.exclusions’: No such file or directory
rm: cannot remove ‘/data/protein_GWAS_ferkingstad_EU_2021/files/7895_108_MRAP_MRAP.txt.gz.annotated.gz.exclusions’: No such file or directory
rm: cannot remove ‘/data/protein_GWAS_ferkingstad_EU_2021/files/7897_75_DLG3_DLG3.txt.gz.annotated.gz.exclusions’: No such file or directory
rm: cannot remove ‘/data/protein_GWAS_ferkingstad_EU_2021/files/7898_29_MDM1_MDM1.txt.gz.annotated.gz.exclusions’: No such file or directory
rm: cannot remove ‘/data/protein_GWAS_ferkingstad_EU_2021/files/7903_18_VAMP3_VAMP3.txt.gz.annotated.gz.exclusions’: No such file or directory
rm: cannot remove ‘/data/protein_GWAS_ferkingstad_EU_2021/files/7905_30_HP_HPT.txt.gz.annotated.gz.exclusions’: No such file or directory
rm: cannot remove ‘/data/protein_GWAS_ferkingstad_EU_2021/files/7910_41_LRFN1_LRFN1.txt.gz.annotated.gz.exclusions’: No such file or directory
rm: cannot remove ‘/data/protein_GWAS_ferkingstad_EU_2021/files/7911_29_SCN4B_SCN4B.txt.gz.annotated.gz.exclusions’: No such file or directory
rm: cannot remove ‘/data/protein_GWAS_ferkingstad_EU_2021/files/7916_10_S100A7_S100A7.txt.gz.annotated.gz.exclusions’: No such file or directory
rm: cannot remove ‘/data/protein_GWAS_ferkingstad_EU_2021/files/7917_17_CPD_CBPD.txt.gz.annotated.gz.exclusions’: No such file or directory
rm: cannot remove ‘/data/protein_GWAS_ferkingstad_EU_2021/files/7918_114_AMY1A_Amylase__alpha_1A.txt.gz.annotated.gz.exclusions’: No such file or directory
rm: cannot remove ‘/data/protein_GWAS_ferkingstad_EU_2021/files/7920_30_ST8SIA2_SIA8B.txt.gz.annotated.gz.exclusions’: No such file or directory
rm: cannot remove ‘/data/protein_GWAS_ferkingstad_EU_2021/files/7921_65_FJX1_FJX1.txt.gz.annotated.gz.exclusions’: No such file or directory
rm: cannot remove ‘/data/protein_GWAS_ferkingstad_EU_2021/files/7922_5_ADM_Adrenomedullin.txt.gz.annotated.gz.exclusions’: No such file or directory
rm: cannot remove ‘/data/protein_GWAS_ferkingstad_EU_2021/files/7923_41_SEMA4C_SEM4C.txt.gz.annotated.gz.exclusions’: No such file or directory
rm: cannot remove ‘/data/protein_GWAS_ferkingstad_EU_2021/files/7924_7_CD3G_CD3G.txt.gz.annotated.gz.exclusions’: No such file or directory
rm: cannot remove ‘/data/protein_GWAS_ferkingstad_EU_2021/files/7925_18_SMCO2_CL070.txt.gz.annotated.gz.exclusions’: No such file or directory
rm: cannot remove ‘/data/protein_GWAS_ferkingstad_EU_2021/files/7926_13_SPINT3_SPIT3.txt.gz.annotated.gz.exclusions’: No such file or directory
rm: cannot remove ‘/data/protein_GWAS_ferkingstad_EU_2021/files/7927_16_ST6GALNAC5_SIA7E.txt.gz.annotated.gz.exclusions’: No such file or directory
rm: cannot remove ‘/data/protein_GWAS_ferkingstad_EU_2021/files/7928_183_TPST1_TPST1.txt.gz.annotated.gz.exclusions’: No such file or directory
rm: cannot remove ‘/data/protein_GWAS_ferkingstad_EU_2021/files/7930_3_EXOSC1_EXOS1.txt.gz.annotated.gz.exclusions’: No such file or directory
rm: cannot remove ‘/data/protein_GWAS_ferkingstad_EU_2021/files/7932_23_SYT8_SYT8.txt.gz.annotated.gz.exclusions’: No such file or directory
rm: cannot remove ‘/data/protein_GWAS_ferkingstad_EU_2021/files/7933_75_ADAM22_ADA22.txt.gz.annotated.gz.exclusions’: No such file or directory
rm: cannot remove ‘/data/protein_GWAS_ferkingstad_EU_2021/files/7934_11_NDRG4_NDRG4.txt.gz.annotated.gz.exclusions’: No such file or directory
rm: cannot remove ‘/data/protein_GWAS_ferkingstad_EU_2021/files/7935_26_LARGE_LARGE.txt.gz.annotated.gz.exclusions’: No such file or directory
rm: cannot remove ‘/data/protein_GWAS_ferkingstad_EU_2021/files/7939_1_PQLC2L_CC055.txt.gz.annotated.gz.exclusions’: No such file or directory
rm: cannot remove ‘/data/protein_GWAS_ferkingstad_EU_2021/files/7943_16_CUZD1_CUZD1.txt.gz.annotated.gz.exclusions’: No such file or directory
rm: cannot remove ‘/data/protein_GWAS_ferkingstad_EU_2021/files/7944_1_KIR3DL3_KI3L3.txt.gz.annotated.gz.exclusions’: No such file or directory
rm: cannot remove ‘/data/protein_GWAS_ferkingstad_EU_2021/files/7945_10_SEMA6A_Semaphorin_6A.txt.gz.annotated.gz.exclusions’: No such file or directory
rm: cannot remove ‘/data/protein_GWAS_ferkingstad_EU_2021/files/7947_19_ENTHD2_AP4AT.txt.gz.annotated.gz.exclusions’: No such file or directory
rm: cannot remove ‘/data/protein_GWAS_ferkingstad_EU_2021/files/7948_129_GLTPD2_GLTD2.txt.gz.annotated.gz.exclusions’: No such file or directory
rm: cannot remove ‘/data/protein_GWAS_ferkingstad_EU_2021/files/7950_142_BTNL9_BTNL9.txt.gz.annotated.gz.exclusions’: No such file or directory
rm: cannot remove ‘/data/protein_GWAS_ferkingstad_EU_2021/files/7952_2_VTI1A_VTI1A.txt.gz.annotated.gz.exclusions’: No such file or directory
rm: cannot remove ‘/data/protein_GWAS_ferkingstad_EU_2021/files/7953_20_SLAMF1_SLAF1.txt.gz.annotated.gz.exclusions’: No such file or directory
rm: cannot remove ‘/data/protein_GWAS_ferkingstad_EU_2021/files/7955_195_ITIH1_ITI_heavy_chain_H1.txt.gz.annotated.gz.exclusions’: No such file or directory
rm: cannot remove ‘/data/protein_GWAS_ferkingstad_EU_2021/files/7956_11_MINOS1_MOS1.txt.gz.annotated.gz.exclusions’: No such file or directory
rm: cannot remove ‘/data/protein_GWAS_ferkingstad_EU_2021/files/7957_2_SCG3_SCG3.txt.gz.annotated.gz.exclusions’: No such file or directory
rm: cannot remove ‘/data/protein_GWAS_ferkingstad_EU_2021/files/7959_34_CDH7_CADH7.txt.gz.annotated.gz.exclusions’: No such file or directory
rm: cannot remove ‘/data/protein_GWAS_ferkingstad_EU_2021/files/7960_53_POTEG_POTEG.txt.gz.annotated.gz.exclusions’: No such file or directory
rm: cannot remove ‘/data/protein_GWAS_ferkingstad_EU_2021/files/7962_11_SPINK8_ISK8.txt.gz.annotated.gz.exclusions’: No such file or directory
rm: cannot remove ‘/data/protein_GWAS_ferkingstad_EU_2021/files/7967_38_POTEM_POTEM.txt.gz.annotated.gz.exclusions’: No such file or directory
rm: cannot remove ‘/data/protein_GWAS_ferkingstad_EU_2021/files/7968_15_CRTAM_CRTAM.txt.gz.annotated.gz.exclusions’: No such file or directory
rm: cannot remove ‘/data/protein_GWAS_ferkingstad_EU_2021/files/7969_163_WFDC11_WFD11.txt.gz.annotated.gz.exclusions’: No such file or directory
rm: cannot remove ‘/data/protein_GWAS_ferkingstad_EU_2021/files/7970_315_ART3_NAR3.txt.gz.annotated.gz.exclusions’: No such file or directory
rm: cannot remove ‘/data/protein_GWAS_ferkingstad_EU_2021/files/7975_97_UNC5A_UNC5A.txt.gz.annotated.gz.exclusions’: No such file or directory
rm: cannot remove ‘/data/protein_GWAS_ferkingstad_EU_2021/files/7976_19_FRRS1L_FRS1L.txt.gz.annotated.gz.exclusions’: No such file or directory
rm: cannot remove ‘/data/protein_GWAS_ferkingstad_EU_2021/files/7980_72_B3GNT2_B3GN2.txt.gz.annotated.gz.exclusions’: No such file or directory
rm: cannot remove ‘/data/protein_GWAS_ferkingstad_EU_2021/files/7981_230_B3GALT6_B3GT6.txt.gz.annotated.gz.exclusions’: No such file or directory
rm: cannot remove ‘/data/protein_GWAS_ferkingstad_EU_2021/files/7982_10_MRPL32_RM32.txt.gz.annotated.gz.exclusions’: No such file or directory
rm: cannot remove ‘/data/protein_GWAS_ferkingstad_EU_2021/files/7983_1_PCDHGC5_PCDGM.txt.gz.annotated.gz.exclusions’: No such file or directory
rm: cannot remove ‘/data/protein_GWAS_ferkingstad_EU_2021/files/7986_98_NAALAD2_NALD2.txt.gz.annotated.gz.exclusions’: No such file or directory
rm: cannot remove ‘/data/protein_GWAS_ferkingstad_EU_2021/files/7989_5_C1orf226_CA226.txt.gz.annotated.gz.exclusions’: No such file or directory
rm: cannot remove ‘/data/protein_GWAS_ferkingstad_EU_2021/files/7991_54_IQCF1_IQCF1.txt.gz.annotated.gz.exclusions’: No such file or directory
rm: cannot remove ‘/data/protein_GWAS_ferkingstad_EU_2021/files/7993_23_ASTL_ASTL.txt.gz.annotated.gz.exclusions’: No such file or directory
rm: cannot remove ‘/data/protein_GWAS_ferkingstad_EU_2021/files/7994_41_ERO1LB_ERO1B.txt.gz.annotated.gz.exclusions’: No such file or directory
rm: cannot remove ‘/data/protein_GWAS_ferkingstad_EU_2021/files/7995_16_VWC2L_VWC2L.txt.gz.annotated.gz.exclusions’: No such file or directory
rm: cannot remove ‘/data/protein_GWAS_ferkingstad_EU_2021/files/7997_118_DOC2B_DOC2B.txt.gz.annotated.gz.exclusions’: No such file or directory
rm: cannot remove ‘/data/protein_GWAS_ferkingstad_EU_2021/files/7999_23_ENTPD1_CD39.txt.gz.annotated.gz.exclusions’: No such file or directory
rm: cannot remove ‘/data/protein_GWAS_ferkingstad_EU_2021/files/8000_17_KIR2DL5A_KI2LA.txt.gz.annotated.gz.exclusions’: No such file or directory
rm: cannot remove ‘/data/protein_GWAS_ferkingstad_EU_2021/files/8002_27_TMPRSS5_Spinesin.txt.gz.annotated.gz.exclusions’: No such file or directory
rm: cannot remove ‘/data/protein_GWAS_ferkingstad_EU_2021/files/8003_57_LGI3_LGI3.txt.gz.annotated.gz.exclusions’: No such file or directory
rm: cannot remove ‘/data/protein_GWAS_ferkingstad_EU_2021/files/8004_15_GAPDHS_G3PT.txt.gz.annotated.gz.exclusions’: No such file or directory
rm: cannot remove ‘/data/protein_GWAS_ferkingstad_EU_2021/files/8005_1_MXRA7_MXRA7.txt.gz.annotated.gz.exclusions’: No such file or directory
rm: cannot remove ‘/data/protein_GWAS_ferkingstad_EU_2021/files/8006_12_DNAJB12_DJB12.txt.gz.annotated.gz.exclusions’: No such file or directory
rm: cannot remove ‘/data/protein_GWAS_ferkingstad_EU_2021/files/8007_19_CTSB_Cathepsin_B.txt.gz.annotated.gz.exclusions’: No such file or directory
rm: cannot remove ‘/data/protein_GWAS_ferkingstad_EU_2021/files/8008_28_HRK_HRK.txt.gz.annotated.gz.exclusions’: No such file or directory
rm: cannot remove ‘/data/protein_GWAS_ferkingstad_EU_2021/files/8009_121_SURF1_SURF1.txt.gz.annotated.gz.exclusions’: No such file or directory
rm: cannot remove ‘/data/protein_GWAS_ferkingstad_EU_2021/files/8011_96_PAPL_PAPL.txt.gz.annotated.gz.exclusions’: No such file or directory
rm: cannot remove ‘/data/protein_GWAS_ferkingstad_EU_2021/files/8013_9_LMAN2L_LMA2L.txt.gz.annotated.gz.exclusions’: No such file or directory
rm: cannot remove ‘/data/protein_GWAS_ferkingstad_EU_2021/files/8014_359_MANEA_MANEA.txt.gz.annotated.gz.exclusions’: No such file or directory
rm: cannot remove ‘/data/protein_GWAS_ferkingstad_EU_2021/files/8016_19_DNAJC4_DNJC4.txt.gz.annotated.gz.exclusions’: No such file or directory
rm: cannot remove ‘/data/protein_GWAS_ferkingstad_EU_2021/files/8017_23_FOXRED1_FXRD1.txt.gz.annotated.gz.exclusions’: No such file or directory
rm: cannot remove ‘/data/protein_GWAS_ferkingstad_EU_2021/files/8018_43_VSIG2_VSIG2.txt.gz.annotated.gz.exclusions’: No such file or directory
rm: cannot remove ‘/data/protein_GWAS_ferkingstad_EU_2021/files/8019_73_STMN3_STMN3.txt.gz.annotated.gz.exclusions’: No such file or directory
rm: cannot remove ‘/data/protein_GWAS_ferkingstad_EU_2021/files/8021_59_MRPL14_RM14.txt.gz.annotated.gz.exclusions’: No such file or directory
rm: cannot remove ‘/data/protein_GWAS_ferkingstad_EU_2021/files/8024_64_TPST2_TPST2.txt.gz.annotated.gz.exclusions’: No such file or directory
rm: cannot remove ‘/data/protein_GWAS_ferkingstad_EU_2021/files/8028_22_SPINK5_SPINK5.txt.gz.annotated.gz.exclusions’: No such file or directory
rm: cannot remove ‘/data/protein_GWAS_ferkingstad_EU_2021/files/8032_23_MCCD1_MCCD1.txt.gz.annotated.gz.exclusions’: No such file or directory
rm: cannot remove ‘/data/protein_GWAS_ferkingstad_EU_2021/files/8033_1_DNAJC18_DJC18.txt.gz.annotated.gz.exclusions’: No such file or directory
rm: cannot remove ‘/data/protein_GWAS_ferkingstad_EU_2021/files/8034_6_DRGX_DRGX.txt.gz.annotated.gz.exclusions’: No such file or directory
rm: cannot remove ‘/data/protein_GWAS_ferkingstad_EU_2021/files/8035_6_C1orf198_CA198.txt.gz.annotated.gz.exclusions’: No such file or directory
rm: cannot remove ‘/data/protein_GWAS_ferkingstad_EU_2021/files/8036_75_FSHB_FSHB.txt.gz.annotated.gz.exclusions’: No such file or directory
rm: cannot remove ‘/data/protein_GWAS_ferkingstad_EU_2021/files/8038_41_NSDHL_NSDHL.txt.gz.annotated.gz.exclusions’: No such file or directory
rm: cannot remove ‘/data/protein_GWAS_ferkingstad_EU_2021/files/8039_41_FAM177A1_F177A.txt.gz.annotated.gz.exclusions’: No such file or directory
rm: cannot remove ‘/data/protein_GWAS_ferkingstad_EU_2021/files/8040_9_LEMD1_LEMD1.txt.gz.annotated.gz.exclusions’: No such file or directory
rm: cannot remove ‘/data/protein_GWAS_ferkingstad_EU_2021/files/8042_88_SPINK9_ISK9.txt.gz.annotated.gz.exclusions’: No such file or directory
rm: cannot remove ‘/data/protein_GWAS_ferkingstad_EU_2021/files/8043_153_COMP_COMP.txt.gz.annotated.gz.exclusions’: No such file or directory
rm: cannot remove ‘/data/protein_GWAS_ferkingstad_EU_2021/files/8044_90_XG_XG.txt.gz.annotated.gz.exclusions’: No such file or directory
rm: cannot remove ‘/data/protein_GWAS_ferkingstad_EU_2021/files/8045_3_KIR3DL3_KI3L3.txt.gz.annotated.gz.exclusions’: No such file or directory
rm: cannot remove ‘/data/protein_GWAS_ferkingstad_EU_2021/files/8046_9_LGALS1_Galectin_1.txt.gz.annotated.gz.exclusions’: No such file or directory
rm: cannot remove ‘/data/protein_GWAS_ferkingstad_EU_2021/files/8048_9_FTMT_FTMT.txt.gz.annotated.gz.exclusions’: No such file or directory
rm: cannot remove ‘/data/protein_GWAS_ferkingstad_EU_2021/files/8051_10_AGGF1_AGGF1.txt.gz.annotated.gz.exclusions’: No such file or directory
rm: cannot remove ‘/data/protein_GWAS_ferkingstad_EU_2021/files/8053_16_DNAJB14_DJB14.txt.gz.annotated.gz.exclusions’: No such file or directory
rm: cannot remove ‘/data/protein_GWAS_ferkingstad_EU_2021/files/8055_33_DGCR2_IDD.txt.gz.annotated.gz.exclusions’: No such file or directory
rm: cannot remove ‘/data/protein_GWAS_ferkingstad_EU_2021/files/8059_1_THPO_Tpo.txt.gz.annotated.gz.exclusions’: No such file or directory
rm: cannot remove ‘/data/protein_GWAS_ferkingstad_EU_2021/files/8060_7_NRG2_NRG2.txt.gz.annotated.gz.exclusions’: No such file or directory
rm: cannot remove ‘/data/protein_GWAS_ferkingstad_EU_2021/files/8061_102_FAM171B_F171B.txt.gz.annotated.gz.exclusions’: No such file or directory
rm: cannot remove ‘/data/protein_GWAS_ferkingstad_EU_2021/files/8062_15_EVA1B_F176B.txt.gz.annotated.gz.exclusions’: No such file or directory
rm: cannot remove ‘/data/protein_GWAS_ferkingstad_EU_2021/files/8064_125_PVR_Poliovirus_receptor.txt.gz.annotated.gz.exclusions’: No such file or directory
rm: cannot remove ‘/data/protein_GWAS_ferkingstad_EU_2021/files/8065_245_PATE4_PATE4.txt.gz.annotated.gz.exclusions’: No such file or directory
rm: cannot remove ‘/data/protein_GWAS_ferkingstad_EU_2021/files/8066_38_SYT9_SYT9.txt.gz.annotated.gz.exclusions’: No such file or directory
rm: cannot remove ‘/data/protein_GWAS_ferkingstad_EU_2021/files/8067_21_KCNE3_KCNE3.txt.gz.annotated.gz.exclusions’: No such file or directory
rm: cannot remove ‘/data/protein_GWAS_ferkingstad_EU_2021/files/8068_43_KIAA1161_K1161.txt.gz.annotated.gz.exclusions’: No such file or directory
rm: cannot remove ‘/data/protein_GWAS_ferkingstad_EU_2021/files/8069_85_CD3E_CD3E.txt.gz.annotated.gz.exclusions’: No such file or directory
rm: cannot remove ‘/data/protein_GWAS_ferkingstad_EU_2021/files/8070_88_DLG4_DLG4.txt.gz.annotated.gz.exclusions’: No such file or directory
rm: cannot remove ‘/data/protein_GWAS_ferkingstad_EU_2021/files/8071_114_PCDHB7_PCDB7.txt.gz.annotated.gz.exclusions’: No such file or directory
rm: cannot remove ‘/data/protein_GWAS_ferkingstad_EU_2021/files/8074_32_TMEM70_TMM70.txt.gz.annotated.gz.exclusions’: No such file or directory
rm: cannot remove ‘/data/protein_GWAS_ferkingstad_EU_2021/files/8076_4_SPACA3_SACA3.txt.gz.annotated.gz.exclusions’: No such file or directory
rm: cannot remove ‘/data/protein_GWAS_ferkingstad_EU_2021/files/8079_39_EID3_EID3.txt.gz.annotated.gz.exclusions’: No such file or directory
rm: cannot remove ‘/data/protein_GWAS_ferkingstad_EU_2021/files/8080_24_MSMP_PSMP.txt.gz.annotated.gz.exclusions’: No such file or directory
rm: cannot remove ‘/data/protein_GWAS_ferkingstad_EU_2021/files/8081_55_PLD5_PLD5.txt.gz.annotated.gz.exclusions’: No such file or directory
rm: cannot remove ‘/data/protein_GWAS_ferkingstad_EU_2021/files/8086_49_ITM2B_ITM2B.txt.gz.annotated.gz.exclusions’: No such file or directory
rm: cannot remove ‘/data/protein_GWAS_ferkingstad_EU_2021/files/8087_250_RNF13_RNF13.txt.gz.annotated.gz.exclusions’: No such file or directory
rm: cannot remove ‘/data/protein_GWAS_ferkingstad_EU_2021/files/8088_56_C1orf210_CA210.txt.gz.annotated.gz.exclusions’: No such file or directory
rm: cannot remove ‘/data/protein_GWAS_ferkingstad_EU_2021/files/8089_173_NR4A1_NR4A1.txt.gz.annotated.gz.exclusions’: No such file or directory
rm: cannot remove ‘/data/protein_GWAS_ferkingstad_EU_2021/files/8093_13_KIAA1161_K1161.txt.gz.annotated.gz.exclusions’: No such file or directory
rm: cannot remove ‘/data/protein_GWAS_ferkingstad_EU_2021/files/8094_20_CISD2_CISD2.txt.gz.annotated.gz.exclusions’: No such file or directory
rm: cannot remove ‘/data/protein_GWAS_ferkingstad_EU_2021/files/8097_77_LIPN_LIPN.txt.gz.annotated.gz.exclusions’: No such file or directory
rm: cannot remove ‘/data/protein_GWAS_ferkingstad_EU_2021/files/8098_37_TBXAS1_THAS.txt.gz.annotated.gz.exclusions’: No such file or directory
rm: cannot remove ‘/data/protein_GWAS_ferkingstad_EU_2021/files/8099_42_SPON2_SPON2.txt.gz.annotated.gz.exclusions’: No such file or directory
rm: cannot remove ‘/data/protein_GWAS_ferkingstad_EU_2021/files/8100_15_ADM2_ADM2.txt.gz.annotated.gz.exclusions’: No such file or directory
rm: cannot remove ‘/data/protein_GWAS_ferkingstad_EU_2021/files/8102_239_C1orf186_CA186.txt.gz.annotated.gz.exclusions’: No such file or directory
rm: cannot remove ‘/data/protein_GWAS_ferkingstad_EU_2021/files/8104_21_IL10RA_IL_10_Ra.txt.gz.annotated.gz.exclusions’: No such file or directory
rm: cannot remove ‘/data/protein_GWAS_ferkingstad_EU_2021/files/8106_15_SSR1_SSRA.txt.gz.annotated.gz.exclusions’: No such file or directory
rm: cannot remove ‘/data/protein_GWAS_ferkingstad_EU_2021/files/8107_12_TMEM234_TM234.txt.gz.annotated.gz.exclusions’: No such file or directory
rm: cannot remove ‘/data/protein_GWAS_ferkingstad_EU_2021/files/8219_14_ZG16_ZG16.txt.gz.annotated.gz.exclusions’: No such file or directory
rm: cannot remove ‘/data/protein_GWAS_ferkingstad_EU_2021/files/8220_15_C10orf35_CJ035.txt.gz.annotated.gz.exclusions’: No such file or directory
rm: cannot remove ‘/data/protein_GWAS_ferkingstad_EU_2021/files/8221_19_MIF_MIF.txt.gz.annotated.gz.exclusions’: No such file or directory
rm: cannot remove ‘/data/protein_GWAS_ferkingstad_EU_2021/files/8222_49_CDHR3_CDHR3.txt.gz.annotated.gz.exclusions’: No such file or directory
rm: cannot remove ‘/data/protein_GWAS_ferkingstad_EU_2021/files/8225_86_EPHB2_EPHB2.txt.gz.annotated.gz.exclusions’: No such file or directory
rm: cannot remove ‘/data/protein_GWAS_ferkingstad_EU_2021/files/8229_1_GXYLT1_GXLT1.txt.gz.annotated.gz.exclusions’: No such file or directory
rm: cannot remove ‘/data/protein_GWAS_ferkingstad_EU_2021/files/8231_122_FLT1_VEGF_sR1.txt.gz.annotated.gz.exclusions’: No such file or directory
rm: cannot remove ‘/data/protein_GWAS_ferkingstad_EU_2021/files/8233_2_ITIH5_ITIH5.txt.gz.annotated.gz.exclusions’: No such file or directory
rm: cannot remove ‘/data/protein_GWAS_ferkingstad_EU_2021/files/8235_48_CHGB_SCG1.txt.gz.annotated.gz.exclusions’: No such file or directory
rm: cannot remove ‘/data/protein_GWAS_ferkingstad_EU_2021/files/8236_8_C18orf32_CR032.txt.gz.annotated.gz.exclusions’: No such file or directory
rm: cannot remove ‘/data/protein_GWAS_ferkingstad_EU_2021/files/8237_56_SOSTDC1_SOSD1.txt.gz.annotated.gz.exclusions’: No such file or directory
rm: cannot remove ‘/data/protein_GWAS_ferkingstad_EU_2021/files/8242_9_CLEC2L_CLC2L.txt.gz.annotated.gz.exclusions’: No such file or directory
rm: cannot remove ‘/data/protein_GWAS_ferkingstad_EU_2021/files/8243_55_SPINK1_TATI.txt.gz.annotated.gz.exclusions’: No such file or directory
rm: cannot remove ‘/data/protein_GWAS_ferkingstad_EU_2021/files/8244_16_FUT8_FUT8.txt.gz.annotated.gz.exclusions’: No such file or directory
rm: cannot remove ‘/data/protein_GWAS_ferkingstad_EU_2021/files/8245_27_ICAM5_sICAM_5.txt.gz.annotated.gz.exclusions’: No such file or directory
rm: cannot remove ‘/data/protein_GWAS_ferkingstad_EU_2021/files/8248_222_SIGLEC14_SIG14.txt.gz.annotated.gz.exclusions’: No such file or directory
rm: cannot remove ‘/data/protein_GWAS_ferkingstad_EU_2021/files/8249_124_ALK_ALK.txt.gz.annotated.gz.exclusions’: No such file or directory
rm: cannot remove ‘/data/protein_GWAS_ferkingstad_EU_2021/files/8250_2_PTPRJ_PTPRJ.txt.gz.annotated.gz.exclusions’: No such file or directory
rm: cannot remove ‘/data/protein_GWAS_ferkingstad_EU_2021/files/8252_2_NOTUM_NOTUM.txt.gz.annotated.gz.exclusions’: No such file or directory
rm: cannot remove ‘/data/protein_GWAS_ferkingstad_EU_2021/files/8253_2_POMGNT1_PMGT1.txt.gz.annotated.gz.exclusions’: No such file or directory
rm: cannot remove ‘/data/protein_GWAS_ferkingstad_EU_2021/files/8255_34_MRVI1_MRVI1.txt.gz.annotated.gz.exclusions’: No such file or directory
rm: cannot remove ‘/data/protein_GWAS_ferkingstad_EU_2021/files/8258_22_UXS1_UXS1.txt.gz.annotated.gz.exclusions’: No such file or directory
rm: cannot remove ‘/data/protein_GWAS_ferkingstad_EU_2021/files/8261_51_STOM_STOM.txt.gz.annotated.gz.exclusions’: No such file or directory
rm: cannot remove ‘/data/protein_GWAS_ferkingstad_EU_2021/files/8263_64_TYMSOS_CR056.txt.gz.annotated.gz.exclusions’: No such file or directory
rm: cannot remove ‘/data/protein_GWAS_ferkingstad_EU_2021/files/8265_225_TMPO_LAP2B.txt.gz.annotated.gz.exclusions’: No such file or directory
rm: cannot remove ‘/data/protein_GWAS_ferkingstad_EU_2021/files/8268_98_HS3ST3A1_HS3SA.txt.gz.annotated.gz.exclusions’: No such file or directory
rm: cannot remove ‘/data/protein_GWAS_ferkingstad_EU_2021/files/8269_327_ARSK_ARSK.txt.gz.annotated.gz.exclusions’: No such file or directory
rm: cannot remove ‘/data/protein_GWAS_ferkingstad_EU_2021/files/8272_22_HSD17B7_DHB7.txt.gz.annotated.gz.exclusions’: No such file or directory
rm: cannot remove ‘/data/protein_GWAS_ferkingstad_EU_2021/files/8273_84_IL31RA_IL31R.txt.gz.annotated.gz.exclusions’: No such file or directory
rm: cannot remove ‘/data/protein_GWAS_ferkingstad_EU_2021/files/8274_64_STX7_Syntaxin_7.txt.gz.annotated.gz.exclusions’: No such file or directory
rm: cannot remove ‘/data/protein_GWAS_ferkingstad_EU_2021/files/8275_31_PEAR1_PEAR1.txt.gz.annotated.gz.exclusions’: No such file or directory
rm: cannot remove ‘/data/protein_GWAS_ferkingstad_EU_2021/files/8285_64_ADCYAP1_PACA.txt.gz.annotated.gz.exclusions’: No such file or directory
rm: cannot remove ‘/data/protein_GWAS_ferkingstad_EU_2021/files/8288_27_APOH_b2_Glycoprotein_I.txt.gz.annotated.gz.exclusions’: No such file or directory
rm: cannot remove ‘/data/protein_GWAS_ferkingstad_EU_2021/files/8289_8_GPNMB_GPNMB.txt.gz.annotated.gz.exclusions’: No such file or directory
rm: cannot remove ‘/data/protein_GWAS_ferkingstad_EU_2021/files/8296_117_KDELC2_KDEL2.txt.gz.annotated.gz.exclusions’: No such file or directory
rm: cannot remove ‘/data/protein_GWAS_ferkingstad_EU_2021/files/8297_8_DNAJC10_DJC10.txt.gz.annotated.gz.exclusions’: No such file or directory
rm: cannot remove ‘/data/protein_GWAS_ferkingstad_EU_2021/files/8298_8_SSMEM1_CG045.txt.gz.annotated.gz.exclusions’: No such file or directory
rm: cannot remove ‘/data/protein_GWAS_ferkingstad_EU_2021/files/8299_66_LILRA4_LIRA4.txt.gz.annotated.gz.exclusions’: No such file or directory
rm: cannot remove ‘/data/protein_GWAS_ferkingstad_EU_2021/files/8300_82_PEX14_PEX14.txt.gz.annotated.gz.exclusions’: No such file or directory
