rm: cannot remove ‘/data/protein_GWAS_ferkingstad_EU_2021/files/8303_102_C12orf10_MYG1.txt.gz.annotated.gz.exclusions’: No such file or directory
rm: cannot remove ‘/data/protein_GWAS_ferkingstad_EU_2021/files/8304_50_TNFRSF11B_OPG.txt.gz.annotated.gz.exclusions’: No such file or directory
rm: cannot remove ‘/data/protein_GWAS_ferkingstad_EU_2021/files/8305_18_SULF2_SULF2.txt.gz.annotated.gz.exclusions’: No such file or directory
rm: cannot remove ‘/data/protein_GWAS_ferkingstad_EU_2021/files/8306_54_PRRG1_TMG1.txt.gz.annotated.gz.exclusions’: No such file or directory
rm: cannot remove ‘/data/protein_GWAS_ferkingstad_EU_2021/files/8307_47_C11orf68_CK068.txt.gz.annotated.gz.exclusions’: No such file or directory
rm: cannot remove ‘/data/protein_GWAS_ferkingstad_EU_2021/files/8309_12_HYAL1_HYAL1.txt.gz.annotated.gz.exclusions’: No such file or directory
rm: cannot remove ‘/data/protein_GWAS_ferkingstad_EU_2021/files/8310_6_ZG16B_U773.txt.gz.annotated.gz.exclusions’: No such file or directory
rm: cannot remove ‘/data/protein_GWAS_ferkingstad_EU_2021/files/8315_5_DEFB119_DB119.txt.gz.annotated.gz.exclusions’: No such file or directory
rm: cannot remove ‘/data/protein_GWAS_ferkingstad_EU_2021/files/8318_13_SPRED1_SPRE1.txt.gz.annotated.gz.exclusions’: No such file or directory
rm: cannot remove ‘/data/protein_GWAS_ferkingstad_EU_2021/files/8320_5_SLTM_SLTM.txt.gz.annotated.gz.exclusions’: No such file or directory
rm: cannot remove ‘/data/protein_GWAS_ferkingstad_EU_2021/files/8321_27_ZNF843_ZN843.txt.gz.annotated.gz.exclusions’: No such file or directory
rm: cannot remove ‘/data/protein_GWAS_ferkingstad_EU_2021/files/8323_163_TFF3_TFF3.txt.gz.annotated.gz.exclusions’: No such file or directory
rm: cannot remove ‘/data/protein_GWAS_ferkingstad_EU_2021/files/8325_37_ADH4_ADH4.txt.gz.annotated.gz.exclusions’: No such file or directory
rm: cannot remove ‘/data/protein_GWAS_ferkingstad_EU_2021/files/8326_63_SIGIRR_SIGIRR.txt.gz.annotated.gz.exclusions’: No such file or directory
rm: cannot remove ‘/data/protein_GWAS_ferkingstad_EU_2021/files/8327_26_DPEP2_DPEP2.txt.gz.annotated.gz.exclusions’: No such file or directory
rm: cannot remove ‘/data/protein_GWAS_ferkingstad_EU_2021/files/8328_9_ETNK1_EKI1.txt.gz.annotated.gz.exclusions’: No such file or directory
rm: cannot remove ‘/data/protein_GWAS_ferkingstad_EU_2021/files/8334_65_TCP11_TCP11.txt.gz.annotated.gz.exclusions’: No such file or directory
rm: cannot remove ‘/data/protein_GWAS_ferkingstad_EU_2021/files/8336_267_GRAMD1C_GRM1C.txt.gz.annotated.gz.exclusions’: No such file or directory
rm: cannot remove ‘/data/protein_GWAS_ferkingstad_EU_2021/files/8337_65_PTPRU_PTPRU.txt.gz.annotated.gz.exclusions’: No such file or directory
rm: cannot remove ‘/data/protein_GWAS_ferkingstad_EU_2021/files/8340_9_DEFB110_DB110.txt.gz.annotated.gz.exclusions’: No such file or directory
rm: cannot remove ‘/data/protein_GWAS_ferkingstad_EU_2021/files/8343_224_PAPOLG_PAPOG.txt.gz.annotated.gz.exclusions’: No such file or directory
rm: cannot remove ‘/data/protein_GWAS_ferkingstad_EU_2021/files/8345_27_GPX7_GPX7.txt.gz.annotated.gz.exclusions’: No such file or directory
rm: cannot remove ‘/data/protein_GWAS_ferkingstad_EU_2021/files/8346_9_DPP7_DPP2.txt.gz.annotated.gz.exclusions’: No such file or directory
rm: cannot remove ‘/data/protein_GWAS_ferkingstad_EU_2021/files/8347_222_DEFB129_DB129.txt.gz.annotated.gz.exclusions’: No such file or directory
rm: cannot remove ‘/data/protein_GWAS_ferkingstad_EU_2021/files/8351_17_PRSS57_PRS57.txt.gz.annotated.gz.exclusions’: No such file or directory
rm: cannot remove ‘/data/protein_GWAS_ferkingstad_EU_2021/files/8352_26_SIGLEC12_SIG12.txt.gz.annotated.gz.exclusions’: No such file or directory
rm: cannot remove ‘/data/protein_GWAS_ferkingstad_EU_2021/files/8353_15_SCN2B_SCN2B.txt.gz.annotated.gz.exclusions’: No such file or directory
rm: cannot remove ‘/data/protein_GWAS_ferkingstad_EU_2021/files/8355_80_ISM1_ISM1.txt.gz.annotated.gz.exclusions’: No such file or directory
rm: cannot remove ‘/data/protein_GWAS_ferkingstad_EU_2021/files/8356_88_OXT_NEU1.txt.gz.annotated.gz.exclusions’: No such file or directory
rm: cannot remove ‘/data/protein_GWAS_ferkingstad_EU_2021/files/8357_43_SULT4A1_ST4A1.txt.gz.annotated.gz.exclusions’: No such file or directory
rm: cannot remove ‘/data/protein_GWAS_ferkingstad_EU_2021/files/8358_30_PRDX3_Peroxiredoxin_3.txt.gz.annotated.gz.exclusions’: No such file or directory
rm: cannot remove ‘/data/protein_GWAS_ferkingstad_EU_2021/files/8360_169_NCR1_NKp46.txt.gz.annotated.gz.exclusions’: No such file or directory
rm: cannot remove ‘/data/protein_GWAS_ferkingstad_EU_2021/files/8363_18_KIAA1324L_K132L.txt.gz.annotated.gz.exclusions’: No such file or directory
rm: cannot remove ‘/data/protein_GWAS_ferkingstad_EU_2021/files/8364_74_UST_UST.txt.gz.annotated.gz.exclusions’: No such file or directory
rm: cannot remove ‘/data/protein_GWAS_ferkingstad_EU_2021/files/8366_19_C1orf115_CA115.txt.gz.annotated.gz.exclusions’: No such file or directory
rm: cannot remove ‘/data/protein_GWAS_ferkingstad_EU_2021/files/8367_142_VSIG1_VSIG1.txt.gz.annotated.gz.exclusions’: No such file or directory
rm: cannot remove ‘/data/protein_GWAS_ferkingstad_EU_2021/files/8368_102_TNFRSF1B_TNF_sR_II.txt.gz.annotated.gz.exclusions’: No such file or directory
rm: cannot remove ‘/data/protein_GWAS_ferkingstad_EU_2021/files/8369_102_DAG1_DAG1.txt.gz.annotated.gz.exclusions’: No such file or directory
rm: cannot remove ‘/data/protein_GWAS_ferkingstad_EU_2021/files/8372_29_CDHR1_CDHR1.txt.gz.annotated.gz.exclusions’: No such file or directory
rm: cannot remove ‘/data/protein_GWAS_ferkingstad_EU_2021/files/8374_5_NGFR_NGF_R.txt.gz.annotated.gz.exclusions’: No such file or directory
rm: cannot remove ‘/data/protein_GWAS_ferkingstad_EU_2021/files/8376_25_LHB_LSHB.txt.gz.annotated.gz.exclusions’: No such file or directory
rm: cannot remove ‘/data/protein_GWAS_ferkingstad_EU_2021/files/8378_3_LDOC1_LDOC1.txt.gz.annotated.gz.exclusions’: No such file or directory
rm: cannot remove ‘/data/protein_GWAS_ferkingstad_EU_2021/files/8380_244_DLK1_DLK1.txt.gz.annotated.gz.exclusions’: No such file or directory
rm: cannot remove ‘/data/protein_GWAS_ferkingstad_EU_2021/files/8382_47_MAPKAPK5_MAPK5.txt.gz.annotated.gz.exclusions’: No such file or directory
rm: cannot remove ‘/data/protein_GWAS_ferkingstad_EU_2021/files/8383_20_C11orf94_CK094.txt.gz.annotated.gz.exclusions’: No such file or directory
rm: cannot remove ‘/data/protein_GWAS_ferkingstad_EU_2021/files/8386_11_PATE1_PATE.txt.gz.annotated.gz.exclusions’: No such file or directory
rm: cannot remove ‘/data/protein_GWAS_ferkingstad_EU_2021/files/8388_24_SPAST_Spastin.txt.gz.annotated.gz.exclusions’: No such file or directory
rm: cannot remove ‘/data/protein_GWAS_ferkingstad_EU_2021/files/8389_8_LRRC74A_CN16B.txt.gz.annotated.gz.exclusions’: No such file or directory
rm: cannot remove ‘/data/protein_GWAS_ferkingstad_EU_2021/files/8390_25_COX7A1_CX7A1.txt.gz.annotated.gz.exclusions’: No such file or directory
rm: cannot remove ‘/data/protein_GWAS_ferkingstad_EU_2021/files/8391_12_DEFB115_DB115.txt.gz.annotated.gz.exclusions’: No such file or directory
rm: cannot remove ‘/data/protein_GWAS_ferkingstad_EU_2021/files/8394_56_RNASE2_RNase_2.txt.gz.annotated.gz.exclusions’: No such file or directory
rm: cannot remove ‘/data/protein_GWAS_ferkingstad_EU_2021/files/8396_42_FAAH2_FAAH2.txt.gz.annotated.gz.exclusions’: No such file or directory
rm: cannot remove ‘/data/protein_GWAS_ferkingstad_EU_2021/files/8397_147_QSOX2_QSOX2.txt.gz.annotated.gz.exclusions’: No such file or directory
rm: cannot remove ‘/data/protein_GWAS_ferkingstad_EU_2021/files/8398_277_RARRES1_RAR_responsive_protein_TIG1.txt.gz.annotated.gz.exclusions’: No such file or directory
rm: cannot remove ‘/data/protein_GWAS_ferkingstad_EU_2021/files/8399_6_STK17B_DRAK2.txt.gz.annotated.gz.exclusions’: No such file or directory
rm: cannot remove ‘/data/protein_GWAS_ferkingstad_EU_2021/files/8400_74_GRP_Gastrin_releasing_peptide.txt.gz.annotated.gz.exclusions’: No such file or directory
rm: cannot remove ‘/data/protein_GWAS_ferkingstad_EU_2021/files/8402_22_CYTL1_CYTL1.txt.gz.annotated.gz.exclusions’: No such file or directory
rm: cannot remove ‘/data/protein_GWAS_ferkingstad_EU_2021/files/8403_18_FASN_Fatty_acid_synthase.txt.gz.annotated.gz.exclusions’: No such file or directory
rm: cannot remove ‘/data/protein_GWAS_ferkingstad_EU_2021/files/8404_102_BOLA2_BolA_like_protein_2.txt.gz.annotated.gz.exclusions’: No such file or directory
rm: cannot remove ‘/data/protein_GWAS_ferkingstad_EU_2021/files/8405_108_ADAM10_ADAM_10.txt.gz.annotated.gz.exclusions’: No such file or directory
rm: cannot remove ‘/data/protein_GWAS_ferkingstad_EU_2021/files/8406_17_IGF1_IGF_I.txt.gz.annotated.gz.exclusions’: No such file or directory
rm: cannot remove ‘/data/protein_GWAS_ferkingstad_EU_2021/files/8409_3_RSPO2_RSPO2.txt.gz.annotated.gz.exclusions’: No such file or directory
rm: cannot remove ‘/data/protein_GWAS_ferkingstad_EU_2021/files/8424_269_CTNNB1_b_Catenin.txt.gz.annotated.gz.exclusions’: No such file or directory
rm: cannot remove ‘/data/protein_GWAS_ferkingstad_EU_2021/files/8427_118_RSPO3_RSPO3.txt.gz.annotated.gz.exclusions’: No such file or directory
rm: cannot remove ‘/data/protein_GWAS_ferkingstad_EU_2021/files/8428_102_NTM_NTRI.txt.gz.annotated.gz.exclusions’: No such file or directory
rm: cannot remove ‘/data/protein_GWAS_ferkingstad_EU_2021/files/8429_16_AXIN2_AXIN2.txt.gz.annotated.gz.exclusions’: No such file or directory
rm: cannot remove ‘/data/protein_GWAS_ferkingstad_EU_2021/files/8446_4_ADCYAP1_PACAP_27.txt.gz.annotated.gz.exclusions’: No such file or directory
rm: cannot remove ‘/data/protein_GWAS_ferkingstad_EU_2021/files/8447_11_GHRL_ghrelin.txt.gz.annotated.gz.exclusions’: No such file or directory
rm: cannot remove ‘/data/protein_GWAS_ferkingstad_EU_2021/files/8450_36_ADCYAP1_PACAP_38.txt.gz.annotated.gz.exclusions’: No such file or directory
rm: cannot remove ‘/data/protein_GWAS_ferkingstad_EU_2021/files/8458_111_SNCA_a_Synuclein.txt.gz.annotated.gz.exclusions’: No such file or directory
rm: cannot remove ‘/data/protein_GWAS_ferkingstad_EU_2021/files/8459_10_BMP6_BMP_6.txt.gz.annotated.gz.exclusions’: No such file or directory
rm: cannot remove ‘/data/protein_GWAS_ferkingstad_EU_2021/files/8462_18_GH1_HGH.txt.gz.annotated.gz.exclusions’: No such file or directory
rm: cannot remove ‘/data/protein_GWAS_ferkingstad_EU_2021/files/8464_31_RSPO4_RSPO4.txt.gz.annotated.gz.exclusions’: No such file or directory
rm: cannot remove ‘/data/protein_GWAS_ferkingstad_EU_2021/files/8465_52_CTSH_Cathepsin_H.txt.gz.annotated.gz.exclusions’: No such file or directory
rm: cannot remove ‘/data/protein_GWAS_ferkingstad_EU_2021/files/8468_19_KLK3_PSA.txt.gz.annotated.gz.exclusions’: No such file or directory
rm: cannot remove ‘/data/protein_GWAS_ferkingstad_EU_2021/files/8469_41_IGFBP2_IGFBP_2.txt.gz.annotated.gz.exclusions’: No such file or directory
rm: cannot remove ‘/data/protein_GWAS_ferkingstad_EU_2021/files/8470_213_RNASEH1_RNase_H1.txt.gz.annotated.gz.exclusions’: No such file or directory
rm: cannot remove ‘/data/protein_GWAS_ferkingstad_EU_2021/files/8476_11_CHGA_CgA.txt.gz.annotated.gz.exclusions’: No such file or directory
rm: cannot remove ‘/data/protein_GWAS_ferkingstad_EU_2021/files/8479_4_MMP10_MMP_10.txt.gz.annotated.gz.exclusions’: No such file or directory
rm: cannot remove ‘/data/protein_GWAS_ferkingstad_EU_2021/files/8480_29_EFEMP1_FBLN3.txt.gz.annotated.gz.exclusions’: No such file or directory
rm: cannot remove ‘/data/protein_GWAS_ferkingstad_EU_2021/files/8484_24_LEP_Leptin.txt.gz.annotated.gz.exclusions’: No such file or directory
rm: cannot remove ‘/data/protein_GWAS_ferkingstad_EU_2021/files/8485_7_KEAP1_KEAP1.txt.gz.annotated.gz.exclusions’: No such file or directory
rm: cannot remove ‘/data/protein_GWAS_ferkingstad_EU_2021/files/8520_8_ADAM30_ADA30.txt.gz.annotated.gz.exclusions’: No such file or directory
rm: cannot remove ‘/data/protein_GWAS_ferkingstad_EU_2021/files/8529_1_TNFRSF10B_TRAIL_R2.txt.gz.annotated.gz.exclusions’: No such file or directory
rm: cannot remove ‘/data/protein_GWAS_ferkingstad_EU_2021/files/8535_102_DMKN_Dermokine.txt.gz.annotated.gz.exclusions’: No such file or directory
rm: cannot remove ‘/data/protein_GWAS_ferkingstad_EU_2021/files/8556_5_FAM134B_F134B.txt.gz.annotated.gz.exclusions’: No such file or directory
rm: cannot remove ‘/data/protein_GWAS_ferkingstad_EU_2021/files/8565_160_PLVAP_PLVAP.txt.gz.annotated.gz.exclusions’: No such file or directory
rm: cannot remove ‘/data/protein_GWAS_ferkingstad_EU_2021/files/8569_147_ARL8B_ARL8B.txt.gz.annotated.gz.exclusions’: No such file or directory
rm: cannot remove ‘/data/protein_GWAS_ferkingstad_EU_2021/files/8587_21_SPINK14_ISK52.txt.gz.annotated.gz.exclusions’: No such file or directory
rm: cannot remove ‘/data/protein_GWAS_ferkingstad_EU_2021/files/8589_13_CDCP1_CDCP1.txt.gz.annotated.gz.exclusions’: No such file or directory
rm: cannot remove ‘/data/protein_GWAS_ferkingstad_EU_2021/files/8597_1_TMEM9_TMEM9.txt.gz.annotated.gz.exclusions’: No such file or directory
rm: cannot remove ‘/data/protein_GWAS_ferkingstad_EU_2021/files/8601_167_LRP1_sLRP1.txt.gz.annotated.gz.exclusions’: No such file or directory
rm: cannot remove ‘/data/protein_GWAS_ferkingstad_EU_2021/files/8606_39_GPNMB_GPNMB.txt.gz.annotated.gz.exclusions’: No such file or directory
rm: cannot remove ‘/data/protein_GWAS_ferkingstad_EU_2021/files/8631_13_ERMAP_ERMAP.txt.gz.annotated.gz.exclusions’: No such file or directory
rm: cannot remove ‘/data/protein_GWAS_ferkingstad_EU_2021/files/8633_18_RNF128_RN128.txt.gz.annotated.gz.exclusions’: No such file or directory
rm: cannot remove ‘/data/protein_GWAS_ferkingstad_EU_2021/files/8635_283_ZPBP_ZPBP1.txt.gz.annotated.gz.exclusions’: No such file or directory
rm: cannot remove ‘/data/protein_GWAS_ferkingstad_EU_2021/files/8646_61_LRRTM4_LRRT4.txt.gz.annotated.gz.exclusions’: No such file or directory
rm: cannot remove ‘/data/protein_GWAS_ferkingstad_EU_2021/files/8653_132_DNAJC4_DNJC4.txt.gz.annotated.gz.exclusions’: No such file or directory
rm: cannot remove ‘/data/protein_GWAS_ferkingstad_EU_2021/files/8654_13_ADAM10_ADAM_10.txt.gz.annotated.gz.exclusions’: No such file or directory
rm: cannot remove ‘/data/protein_GWAS_ferkingstad_EU_2021/files/8659_68_G6B_G6B.txt.gz.annotated.gz.exclusions’: No such file or directory
rm: cannot remove ‘/data/protein_GWAS_ferkingstad_EU_2021/files/8660_5_OLFML3_OLFL3.txt.gz.annotated.gz.exclusions’: No such file or directory
rm: cannot remove ‘/data/protein_GWAS_ferkingstad_EU_2021/files/8664_36_PKDCC_PKDCC.txt.gz.annotated.gz.exclusions’: No such file or directory
rm: cannot remove ‘/data/protein_GWAS_ferkingstad_EU_2021/files/8671_378_TRAPPC5_TPPC5.txt.gz.annotated.gz.exclusions’: No such file or directory
rm: cannot remove ‘/data/protein_GWAS_ferkingstad_EU_2021/files/8681_93_PGRMC2_PGRC2.txt.gz.annotated.gz.exclusions’: No such file or directory
rm: cannot remove ‘/data/protein_GWAS_ferkingstad_EU_2021/files/8686_342_C11orf73_HIKES.txt.gz.annotated.gz.exclusions’: No such file or directory
rm: cannot remove ‘/data/protein_GWAS_ferkingstad_EU_2021/files/8687_26_TMEM106B_T106B.txt.gz.annotated.gz.exclusions’: No such file or directory
rm: cannot remove ‘/data/protein_GWAS_ferkingstad_EU_2021/files/8690_25_CAV3_CAV3.txt.gz.annotated.gz.exclusions’: No such file or directory
rm: cannot remove ‘/data/protein_GWAS_ferkingstad_EU_2021/files/8696_15_GAL3ST1_G3ST1.txt.gz.annotated.gz.exclusions’: No such file or directory
rm: cannot remove ‘/data/protein_GWAS_ferkingstad_EU_2021/files/8697_38_GPC1_Glypican_1.txt.gz.annotated.gz.exclusions’: No such file or directory
rm: cannot remove ‘/data/protein_GWAS_ferkingstad_EU_2021/files/8699_43_CRIM1_CRIM1.txt.gz.annotated.gz.exclusions’: No such file or directory
rm: cannot remove ‘/data/protein_GWAS_ferkingstad_EU_2021/files/8700_325_GALNT11_GLT11.txt.gz.annotated.gz.exclusions’: No such file or directory
rm: cannot remove ‘/data/protein_GWAS_ferkingstad_EU_2021/files/8748_45_CD74_HG2A.txt.gz.annotated.gz.exclusions’: No such file or directory
rm: cannot remove ‘/data/protein_GWAS_ferkingstad_EU_2021/files/8749_194_CD1D_CD1D.txt.gz.annotated.gz.exclusions’: No such file or directory
rm: cannot remove ‘/data/protein_GWAS_ferkingstad_EU_2021/files/8750_46_VCL_Vinculin.txt.gz.annotated.gz.exclusions’: No such file or directory
rm: cannot remove ‘/data/protein_GWAS_ferkingstad_EU_2021/files/8754_5_NMU_NMU.txt.gz.annotated.gz.exclusions’: No such file or directory
rm: cannot remove ‘/data/protein_GWAS_ferkingstad_EU_2021/files/8756_41_KCNE5_KCE1L.txt.gz.annotated.gz.exclusions’: No such file or directory
rm: cannot remove ‘/data/protein_GWAS_ferkingstad_EU_2021/files/8758_2_PCDHA7_PCDA7.txt.gz.annotated.gz.exclusions’: No such file or directory
rm: cannot remove ‘/data/protein_GWAS_ferkingstad_EU_2021/files/8759_29_A4GALT_a1_4_Galactosyltransferase.txt.gz.annotated.gz.exclusions’: No such file or directory
rm: cannot remove ‘/data/protein_GWAS_ferkingstad_EU_2021/files/8760_10_DCUN1D5_DCNL5.txt.gz.annotated.gz.exclusions’: No such file or directory
rm: cannot remove ‘/data/protein_GWAS_ferkingstad_EU_2021/files/8766_29_LILRA5_LIRA5.txt.gz.annotated.gz.exclusions’: No such file or directory
rm: cannot remove ‘/data/protein_GWAS_ferkingstad_EU_2021/files/8767_44_ECE1_Endothelin_converting_enzyme_1.txt.gz.annotated.gz.exclusions’: No such file or directory
rm: cannot remove ‘/data/protein_GWAS_ferkingstad_EU_2021/files/8768_4_BCL10_Bcl_10.txt.gz.annotated.gz.exclusions’: No such file or directory
rm: cannot remove ‘/data/protein_GWAS_ferkingstad_EU_2021/files/8772_5_EFNB2_EFNB2.txt.gz.annotated.gz.exclusions’: No such file or directory
rm: cannot remove ‘/data/protein_GWAS_ferkingstad_EU_2021/files/8773_172_EMILIN3_EMIL3.txt.gz.annotated.gz.exclusions’: No such file or directory
rm: cannot remove ‘/data/protein_GWAS_ferkingstad_EU_2021/files/8775_61_FAM24B_FA24B.txt.gz.annotated.gz.exclusions’: No such file or directory
rm: cannot remove ‘/data/protein_GWAS_ferkingstad_EU_2021/files/8776_10_ERLIN1_ERLN1.txt.gz.annotated.gz.exclusions’: No such file or directory
rm: cannot remove ‘/data/protein_GWAS_ferkingstad_EU_2021/files/8778_3_NOG_Noggin.txt.gz.annotated.gz.exclusions’: No such file or directory
rm: cannot remove ‘/data/protein_GWAS_ferkingstad_EU_2021/files/8780_2_PCDH10_PCD10.txt.gz.annotated.gz.exclusions’: No such file or directory
rm: cannot remove ‘/data/protein_GWAS_ferkingstad_EU_2021/files/8784_7_FAM175A_F175A.txt.gz.annotated.gz.exclusions’: No such file or directory
rm: cannot remove ‘/data/protein_GWAS_ferkingstad_EU_2021/files/8785_1_ARMC5_ARMC5.txt.gz.annotated.gz.exclusions’: No such file or directory
rm: cannot remove ‘/data/protein_GWAS_ferkingstad_EU_2021/files/8786_6_FAM171B_F171B.txt.gz.annotated.gz.exclusions’: No such file or directory
rm: cannot remove ‘/data/protein_GWAS_ferkingstad_EU_2021/files/8791_151_CA5A_Carbonic_Anhydrase_VA.txt.gz.annotated.gz.exclusions’: No such file or directory
rm: cannot remove ‘/data/protein_GWAS_ferkingstad_EU_2021/files/8794_13_DPEP1_DPEP1.txt.gz.annotated.gz.exclusions’: No such file or directory
rm: cannot remove ‘/data/protein_GWAS_ferkingstad_EU_2021/files/8795_48_TFRC_TR.txt.gz.annotated.gz.exclusions’: No such file or directory
rm: cannot remove ‘/data/protein_GWAS_ferkingstad_EU_2021/files/8800_14_TTC17_TTC17.txt.gz.annotated.gz.exclusions’: No such file or directory
rm: cannot remove ‘/data/protein_GWAS_ferkingstad_EU_2021/files/8803_61_PVRL1_nectin_1_gamma.txt.gz.annotated.gz.exclusions’: No such file or directory
rm: cannot remove ‘/data/protein_GWAS_ferkingstad_EU_2021/files/8804_39_COL20A1_COKA1.txt.gz.annotated.gz.exclusions’: No such file or directory
rm: cannot remove ‘/data/protein_GWAS_ferkingstad_EU_2021/files/8807_13_SNX1_SNX1.txt.gz.annotated.gz.exclusions’: No such file or directory
rm: cannot remove ‘/data/protein_GWAS_ferkingstad_EU_2021/files/8810_26_HEPACAM_HEPACAM.txt.gz.annotated.gz.exclusions’: No such file or directory
rm: cannot remove ‘/data/protein_GWAS_ferkingstad_EU_2021/files/8811_24_BAMBI_BAMBI.txt.gz.annotated.gz.exclusions’: No such file or directory
rm: cannot remove ‘/data/protein_GWAS_ferkingstad_EU_2021/files/8813_160_TXN_Thioredoxin.txt.gz.annotated.gz.exclusions’: No such file or directory
rm: cannot remove ‘/data/protein_GWAS_ferkingstad_EU_2021/files/8814_33_PSAPL1_SAPL1.txt.gz.annotated.gz.exclusions’: No such file or directory
rm: cannot remove ‘/data/protein_GWAS_ferkingstad_EU_2021/files/8815_1_OLFML1_OLFL1.txt.gz.annotated.gz.exclusions’: No such file or directory
rm: cannot remove ‘/data/protein_GWAS_ferkingstad_EU_2021/files/8817_29_CENPV_CENPV.txt.gz.annotated.gz.exclusions’: No such file or directory
rm: cannot remove ‘/data/protein_GWAS_ferkingstad_EU_2021/files/8818_13_IFNGR2_INGR2.txt.gz.annotated.gz.exclusions’: No such file or directory
rm: cannot remove ‘/data/protein_GWAS_ferkingstad_EU_2021/files/8825_4_PILRA_PILRA.txt.gz.annotated.gz.exclusions’: No such file or directory
rm: cannot remove ‘/data/protein_GWAS_ferkingstad_EU_2021/files/8828_21_ESRP1_ESRP1.txt.gz.annotated.gz.exclusions’: No such file or directory
rm: cannot remove ‘/data/protein_GWAS_ferkingstad_EU_2021/files/8832_55_BST2_BST_2.txt.gz.annotated.gz.exclusions’: No such file or directory
rm: cannot remove ‘/data/protein_GWAS_ferkingstad_EU_2021/files/8833_20_TNFSF10_TRAIL.txt.gz.annotated.gz.exclusions’: No such file or directory
rm: cannot remove ‘/data/protein_GWAS_ferkingstad_EU_2021/files/8834_58_CANX_Calnexin.txt.gz.annotated.gz.exclusions’: No such file or directory
rm: cannot remove ‘/data/protein_GWAS_ferkingstad_EU_2021/files/8837_8_MFAP3L_MFA3L.txt.gz.annotated.gz.exclusions’: No such file or directory
rm: cannot remove ‘/data/protein_GWAS_ferkingstad_EU_2021/files/8838_10_CASC4_CASC4.txt.gz.annotated.gz.exclusions’: No such file or directory
rm: cannot remove ‘/data/protein_GWAS_ferkingstad_EU_2021/files/8839_4_MTX2_Metaxin_2.txt.gz.annotated.gz.exclusions’: No such file or directory
rm: cannot remove ‘/data/protein_GWAS_ferkingstad_EU_2021/files/8840_61_C1S_C1s.txt.gz.annotated.gz.exclusions’: No such file or directory
rm: cannot remove ‘/data/protein_GWAS_ferkingstad_EU_2021/files/8841_65_CILP2_CILP2.txt.gz.annotated.gz.exclusions’: No such file or directory
rm: cannot remove ‘/data/protein_GWAS_ferkingstad_EU_2021/files/8842_16_GRAMD1C_GRM1C.txt.gz.annotated.gz.exclusions’: No such file or directory
rm: cannot remove ‘/data/protein_GWAS_ferkingstad_EU_2021/files/8843_34_MYRF_MRF.txt.gz.annotated.gz.exclusions’: No such file or directory
rm: cannot remove ‘/data/protein_GWAS_ferkingstad_EU_2021/files/8845_2_ADAMTS3_ATS3.txt.gz.annotated.gz.exclusions’: No such file or directory
rm: cannot remove ‘/data/protein_GWAS_ferkingstad_EU_2021/files/8850_5_PLA2G2C_PA2GC.txt.gz.annotated.gz.exclusions’: No such file or directory
rm: cannot remove ‘/data/protein_GWAS_ferkingstad_EU_2021/files/8852_10_SUN3_SUN3.txt.gz.annotated.gz.exclusions’: No such file or directory
rm: cannot remove ‘/data/protein_GWAS_ferkingstad_EU_2021/files/8853_2_CLEC4A_CLC4A.txt.gz.annotated.gz.exclusions’: No such file or directory
rm: cannot remove ‘/data/protein_GWAS_ferkingstad_EU_2021/files/8858_21_BATF3_BATF3.txt.gz.annotated.gz.exclusions’: No such file or directory
rm: cannot remove ‘/data/protein_GWAS_ferkingstad_EU_2021/files/8859_51_CA11_CAH11.txt.gz.annotated.gz.exclusions’: No such file or directory
rm: cannot remove ‘/data/protein_GWAS_ferkingstad_EU_2021/files/8863_3_PIK3R1_P85A.txt.gz.annotated.gz.exclusions’: No such file or directory
rm: cannot remove ‘/data/protein_GWAS_ferkingstad_EU_2021/files/8864_59_CENPW_CENPW.txt.gz.annotated.gz.exclusions’: No such file or directory
rm: cannot remove ‘/data/protein_GWAS_ferkingstad_EU_2021/files/8866_53_QPCTL_QPCTL.txt.gz.annotated.gz.exclusions’: No such file or directory
rm: cannot remove ‘/data/protein_GWAS_ferkingstad_EU_2021/files/8867_18_PAEP_Glycodelin.txt.gz.annotated.gz.exclusions’: No such file or directory
rm: cannot remove ‘/data/protein_GWAS_ferkingstad_EU_2021/files/8869_5_BTN2A1_BT2A1.txt.gz.annotated.gz.exclusions’: No such file or directory
rm: cannot remove ‘/data/protein_GWAS_ferkingstad_EU_2021/files/8870_38_NPM1_NPM1.txt.gz.annotated.gz.exclusions’: No such file or directory
rm: cannot remove ‘/data/protein_GWAS_ferkingstad_EU_2021/files/8872_1_SEC61G_SC61G.txt.gz.annotated.gz.exclusions’: No such file or directory
rm: cannot remove ‘/data/protein_GWAS_ferkingstad_EU_2021/files/8874_53_CLN5_CLN5.txt.gz.annotated.gz.exclusions’: No such file or directory
rm: cannot remove ‘/data/protein_GWAS_ferkingstad_EU_2021/files/8876_51_NRXN2_NRX2B.txt.gz.annotated.gz.exclusions’: No such file or directory
rm: cannot remove ‘/data/protein_GWAS_ferkingstad_EU_2021/files/8877_22_EVA1C_F176C.txt.gz.annotated.gz.exclusions’: No such file or directory
rm: cannot remove ‘/data/protein_GWAS_ferkingstad_EU_2021/files/8878_48_YTHDC1_YTDC1.txt.gz.annotated.gz.exclusions’: No such file or directory
rm: cannot remove ‘/data/protein_GWAS_ferkingstad_EU_2021/files/8882_1_ADAM17_ADAM_17.txt.gz.annotated.gz.exclusions’: No such file or directory
rm: cannot remove ‘/data/protein_GWAS_ferkingstad_EU_2021/files/8885_6_CACNA2D3_CA2D3.txt.gz.annotated.gz.exclusions’: No such file or directory
rm: cannot remove ‘/data/protein_GWAS_ferkingstad_EU_2021/files/8887_21_NUDC_NUDC.txt.gz.annotated.gz.exclusions’: No such file or directory
rm: cannot remove ‘/data/protein_GWAS_ferkingstad_EU_2021/files/8888_33_SMIM9_CX068.txt.gz.annotated.gz.exclusions’: No such file or directory
rm: cannot remove ‘/data/protein_GWAS_ferkingstad_EU_2021/files/8889_5_CCPG1_CCPG1.txt.gz.annotated.gz.exclusions’: No such file or directory
rm: cannot remove ‘/data/protein_GWAS_ferkingstad_EU_2021/files/8890_9_TMEM132B_T132B.txt.gz.annotated.gz.exclusions’: No such file or directory
rm: cannot remove ‘/data/protein_GWAS_ferkingstad_EU_2021/files/8891_7_CPVL_CPVL.txt.gz.annotated.gz.exclusions’: No such file or directory
rm: cannot remove ‘/data/protein_GWAS_ferkingstad_EU_2021/files/8892_14_PEAR1_PEAR1.txt.gz.annotated.gz.exclusions’: No such file or directory
rm: cannot remove ‘/data/protein_GWAS_ferkingstad_EU_2021/files/8893_29_PARP1_PARP.txt.gz.annotated.gz.exclusions’: No such file or directory
rm: cannot remove ‘/data/protein_GWAS_ferkingstad_EU_2021/files/8894_80_HNRNPAB_hnRNP_A_B.txt.gz.annotated.gz.exclusions’: No such file or directory
rm: cannot remove ‘/data/protein_GWAS_ferkingstad_EU_2021/files/8897_3_LRRC37A2_L37A2.txt.gz.annotated.gz.exclusions’: No such file or directory
rm: cannot remove ‘/data/protein_GWAS_ferkingstad_EU_2021/files/8899_75_UGT1A8_UD18.txt.gz.annotated.gz.exclusions’: No such file or directory
rm: cannot remove ‘/data/protein_GWAS_ferkingstad_EU_2021/files/8900_28_NEO1_NEO1.txt.gz.annotated.gz.exclusions’: No such file or directory
rm: cannot remove ‘/data/protein_GWAS_ferkingstad_EU_2021/files/8903_1_COX6C_COX6C.txt.gz.annotated.gz.exclusions’: No such file or directory
rm: cannot remove ‘/data/protein_GWAS_ferkingstad_EU_2021/files/8905_20_KCNMB3_KCMB3.txt.gz.annotated.gz.exclusions’: No such file or directory
rm: cannot remove ‘/data/protein_GWAS_ferkingstad_EU_2021/files/8906_60_LRTM2_LRTM2.txt.gz.annotated.gz.exclusions’: No such file or directory
rm: cannot remove ‘/data/protein_GWAS_ferkingstad_EU_2021/files/8907_11_UGT2A1_UD2A1.txt.gz.annotated.gz.exclusions’: No such file or directory
rm: cannot remove ‘/data/protein_GWAS_ferkingstad_EU_2021/files/8908_14_KCNE5_KCE1L.txt.gz.annotated.gz.exclusions’: No such file or directory
rm: cannot remove ‘/data/protein_GWAS_ferkingstad_EU_2021/files/8909_77_GNPDA1_GNPI1.txt.gz.annotated.gz.exclusions’: No such file or directory
rm: cannot remove ‘/data/protein_GWAS_ferkingstad_EU_2021/files/8913_22_SIGLEC11_SIG11.txt.gz.annotated.gz.exclusions’: No such file or directory
rm: cannot remove ‘/data/protein_GWAS_ferkingstad_EU_2021/files/8916_32_STIM1_STIM1.txt.gz.annotated.gz.exclusions’: No such file or directory
rm: cannot remove ‘/data/protein_GWAS_ferkingstad_EU_2021/files/8918_64_PTK2B_FAK2.txt.gz.annotated.gz.exclusions’: No such file or directory
rm: cannot remove ‘/data/protein_GWAS_ferkingstad_EU_2021/files/8921_139_PABPN1_PABP2.txt.gz.annotated.gz.exclusions’: No such file or directory
rm: cannot remove ‘/data/protein_GWAS_ferkingstad_EU_2021/files/8922_4_TMCC3_TMCC3.txt.gz.annotated.gz.exclusions’: No such file or directory
rm: cannot remove ‘/data/protein_GWAS_ferkingstad_EU_2021/files/8923_94_GALNT16_GLTL1.txt.gz.annotated.gz.exclusions’: No such file or directory
rm: cannot remove ‘/data/protein_GWAS_ferkingstad_EU_2021/files/8924_55_CALY_CALY.txt.gz.annotated.gz.exclusions’: No such file or directory
rm: cannot remove ‘/data/protein_GWAS_ferkingstad_EU_2021/files/8925_25_RRM2B_RIR2B.txt.gz.annotated.gz.exclusions’: No such file or directory
rm: cannot remove ‘/data/protein_GWAS_ferkingstad_EU_2021/files/8927_6_C7orf73_CG073.txt.gz.annotated.gz.exclusions’: No such file or directory
rm: cannot remove ‘/data/protein_GWAS_ferkingstad_EU_2021/files/8929_7_BDP1_BDP1.txt.gz.annotated.gz.exclusions’: No such file or directory
rm: cannot remove ‘/data/protein_GWAS_ferkingstad_EU_2021/files/8931_124_G0S2_G0S2.txt.gz.annotated.gz.exclusions’: No such file or directory
rm: cannot remove ‘/data/protein_GWAS_ferkingstad_EU_2021/files/8932_1_ENTPD6_ENTP6.txt.gz.annotated.gz.exclusions’: No such file or directory
rm: cannot remove ‘/data/protein_GWAS_ferkingstad_EU_2021/files/8933_84_MEF2C_MEF2C.txt.gz.annotated.gz.exclusions’: No such file or directory
rm: cannot remove ‘/data/protein_GWAS_ferkingstad_EU_2021/files/8935_22_ABCC6_MRP6.txt.gz.annotated.gz.exclusions’: No such file or directory
rm: cannot remove ‘/data/protein_GWAS_ferkingstad_EU_2021/files/8941_4_NLGN3_NLGN3.txt.gz.annotated.gz.exclusions’: No such file or directory
rm: cannot remove ‘/data/protein_GWAS_ferkingstad_EU_2021/files/8942_2_MRPL21_RM21.txt.gz.annotated.gz.exclusions’: No such file or directory
rm: cannot remove ‘/data/protein_GWAS_ferkingstad_EU_2021/files/8945_7_FAM175B_F175B.txt.gz.annotated.gz.exclusions’: No such file or directory
rm: cannot remove ‘/data/protein_GWAS_ferkingstad_EU_2021/files/8946_38_NR1H4_NR1H4.txt.gz.annotated.gz.exclusions’: No such file or directory
rm: cannot remove ‘/data/protein_GWAS_ferkingstad_EU_2021/files/8948_13_ADAM19_ADA19.txt.gz.annotated.gz.exclusions’: No such file or directory
rm: cannot remove ‘/data/protein_GWAS_ferkingstad_EU_2021/files/8950_4_CLCA2_CLCA2.txt.gz.annotated.gz.exclusions’: No such file or directory
rm: cannot remove ‘/data/protein_GWAS_ferkingstad_EU_2021/files/8951_162_CSPG4_CSPG4.txt.gz.annotated.gz.exclusions’: No such file or directory
rm: cannot remove ‘/data/protein_GWAS_ferkingstad_EU_2021/files/8953_47_HDGF_HDGF.txt.gz.annotated.gz.exclusions’: No such file or directory
rm: cannot remove ‘/data/protein_GWAS_ferkingstad_EU_2021/files/8954_30_MAP4K1_M4K1.txt.gz.annotated.gz.exclusions’: No such file or directory
rm: cannot remove ‘/data/protein_GWAS_ferkingstad_EU_2021/files/8955_60_GLT8D1_GL8D1.txt.gz.annotated.gz.exclusions’: No such file or directory
rm: cannot remove ‘/data/protein_GWAS_ferkingstad_EU_2021/files/8956_96_SCARF2_SREC_II.txt.gz.annotated.gz.exclusions’: No such file or directory
rm: cannot remove ‘/data/protein_GWAS_ferkingstad_EU_2021/files/8957_72_ERLEC1_XTP3B.txt.gz.annotated.gz.exclusions’: No such file or directory
rm: cannot remove ‘/data/protein_GWAS_ferkingstad_EU_2021/files/8958_51_CHL1_CHL1.txt.gz.annotated.gz.exclusions’: No such file or directory
rm: cannot remove ‘/data/protein_GWAS_ferkingstad_EU_2021/files/8959_61_ADAM17_ADAM_17.txt.gz.annotated.gz.exclusions’: No such file or directory
rm: cannot remove ‘/data/protein_GWAS_ferkingstad_EU_2021/files/8960_3_ERAP2_LRAP.txt.gz.annotated.gz.exclusions’: No such file or directory
rm: cannot remove ‘/data/protein_GWAS_ferkingstad_EU_2021/files/8962_48_RPS6KB1_KS6B1.txt.gz.annotated.gz.exclusions’: No such file or directory
rm: cannot remove ‘/data/protein_GWAS_ferkingstad_EU_2021/files/8963_8_VTI1B_Vti1_rp1.txt.gz.annotated.gz.exclusions’: No such file or directory
rm: cannot remove ‘/data/protein_GWAS_ferkingstad_EU_2021/files/8967_6_DUSP26_DUS26.txt.gz.annotated.gz.exclusions’: No such file or directory
rm: cannot remove ‘/data/protein_GWAS_ferkingstad_EU_2021/files/8969_49_CD14_CD14.txt.gz.annotated.gz.exclusions’: No such file or directory
rm: cannot remove ‘/data/protein_GWAS_ferkingstad_EU_2021/files/8970_9_RIPK2_RIPK2.txt.gz.annotated.gz.exclusions’: No such file or directory
rm: cannot remove ‘/data/protein_GWAS_ferkingstad_EU_2021/files/8971_9_NRXN1_NRX1A.txt.gz.annotated.gz.exclusions’: No such file or directory
rm: cannot remove ‘/data/protein_GWAS_ferkingstad_EU_2021/files/8973_23_FCRL4_FCRL4.txt.gz.annotated.gz.exclusions’: No such file or directory
rm: cannot remove ‘/data/protein_GWAS_ferkingstad_EU_2021/files/8974_172_COL15A1_COFA1.txt.gz.annotated.gz.exclusions’: No such file or directory
rm: cannot remove ‘/data/protein_GWAS_ferkingstad_EU_2021/files/8975_26_RQCD1_RCD1.txt.gz.annotated.gz.exclusions’: No such file or directory
rm: cannot remove ‘/data/protein_GWAS_ferkingstad_EU_2021/files/8976_13_B4GALNT1_B4GN1.txt.gz.annotated.gz.exclusions’: No such file or directory
rm: cannot remove ‘/data/protein_GWAS_ferkingstad_EU_2021/files/8978_30_MAP4K3_M4K3.txt.gz.annotated.gz.exclusions’: No such file or directory
rm: cannot remove ‘/data/protein_GWAS_ferkingstad_EU_2021/files/8980_19_CD200R1L_MO2R2.txt.gz.annotated.gz.exclusions’: No such file or directory
rm: cannot remove ‘/data/protein_GWAS_ferkingstad_EU_2021/files/8982_65_THBS3_TSP3.txt.gz.annotated.gz.exclusions’: No such file or directory
rm: cannot remove ‘/data/protein_GWAS_ferkingstad_EU_2021/files/8983_7_GOLM1_GOLM1.txt.gz.annotated.gz.exclusions’: No such file or directory
rm: cannot remove ‘/data/protein_GWAS_ferkingstad_EU_2021/files/8985_13_SERAC1_SRAC1.txt.gz.annotated.gz.exclusions’: No such file or directory
rm: cannot remove ‘/data/protein_GWAS_ferkingstad_EU_2021/files/8989_40_SCUBE1_SCUB1.txt.gz.annotated.gz.exclusions’: No such file or directory
rm: cannot remove ‘/data/protein_GWAS_ferkingstad_EU_2021/files/8990_42_ATP1B3_AT1B3.txt.gz.annotated.gz.exclusions’: No such file or directory
rm: cannot remove ‘/data/protein_GWAS_ferkingstad_EU_2021/files/8991_115_FCRL4_FCRL4.txt.gz.annotated.gz.exclusions’: No such file or directory
rm: cannot remove ‘/data/protein_GWAS_ferkingstad_EU_2021/files/8992_1_TMEM2_TMEM2.txt.gz.annotated.gz.exclusions’: No such file or directory
rm: cannot remove ‘/data/protein_GWAS_ferkingstad_EU_2021/files/8993_151_RIPK2_RIPK2.txt.gz.annotated.gz.exclusions’: No such file or directory
rm: cannot remove ‘/data/protein_GWAS_ferkingstad_EU_2021/files/8994_65_SLAMF8_SLAMF8.txt.gz.annotated.gz.exclusions’: No such file or directory
rm: cannot remove ‘/data/protein_GWAS_ferkingstad_EU_2021/files/8998_15_HS3ST4_HS3S4.txt.gz.annotated.gz.exclusions’: No such file or directory
rm: cannot remove ‘/data/protein_GWAS_ferkingstad_EU_2021/files/8999_19_CEACAM3_CEAM3.txt.gz.annotated.gz.exclusions’: No such file or directory
rm: cannot remove ‘/data/protein_GWAS_ferkingstad_EU_2021/files/9000_177_SLC3A1_SLC31.txt.gz.annotated.gz.exclusions’: No such file or directory
rm: cannot remove ‘/data/protein_GWAS_ferkingstad_EU_2021/files/9002_36_SERPINA11_SPA11.txt.gz.annotated.gz.exclusions’: No such file or directory
rm: cannot remove ‘/data/protein_GWAS_ferkingstad_EU_2021/files/9003_99_MARCO_MARCO.txt.gz.annotated.gz.exclusions’: No such file or directory
rm: cannot remove ‘/data/protein_GWAS_ferkingstad_EU_2021/files/9004_24_LDLRAD4_CR001.txt.gz.annotated.gz.exclusions’: No such file or directory
rm: cannot remove ‘/data/protein_GWAS_ferkingstad_EU_2021/files/9005_16_PLXNA1_PLXA1.txt.gz.annotated.gz.exclusions’: No such file or directory
