rm: cannot remove ‘/data/protein_GWAS_ferkingstad_EU_2021/files/15395_15_GSTM1_GST_M1_1.txt.gz.annotated.gz.exclusions’: No such file or directory
rm: cannot remove ‘/data/protein_GWAS_ferkingstad_EU_2021/files/15398_2_GFER_HERV1.txt.gz.annotated.gz.exclusions’: No such file or directory
rm: cannot remove ‘/data/protein_GWAS_ferkingstad_EU_2021/files/15402_2_ID1_ID_1.txt.gz.annotated.gz.exclusions’: No such file or directory
rm: cannot remove ‘/data/protein_GWAS_ferkingstad_EU_2021/files/15403_53_ID2_ID2.txt.gz.annotated.gz.exclusions’: No such file or directory
rm: cannot remove ‘/data/protein_GWAS_ferkingstad_EU_2021/files/15404_3_IFNA21_IFN21.txt.gz.annotated.gz.exclusions’: No such file or directory
rm: cannot remove ‘/data/protein_GWAS_ferkingstad_EU_2021/files/15405_23_IFNA4_IFNA4.txt.gz.annotated.gz.exclusions’: No such file or directory
rm: cannot remove ‘/data/protein_GWAS_ferkingstad_EU_2021/files/15412_40_BIRC7_KIAP.txt.gz.annotated.gz.exclusions’: No such file or directory
rm: cannot remove ‘/data/protein_GWAS_ferkingstad_EU_2021/files/15413_3_LCAT_LCAT.txt.gz.annotated.gz.exclusions’: No such file or directory
rm: cannot remove ‘/data/protein_GWAS_ferkingstad_EU_2021/files/15414_316_LDHA_LDHA.txt.gz.annotated.gz.exclusions’: No such file or directory
rm: cannot remove ‘/data/protein_GWAS_ferkingstad_EU_2021/files/15416_54_LYG2_LYG2.txt.gz.annotated.gz.exclusions’: No such file or directory
rm: cannot remove ‘/data/protein_GWAS_ferkingstad_EU_2021/files/15417_3_SERPINB5_Maspin.txt.gz.annotated.gz.exclusions’: No such file or directory
rm: cannot remove ‘/data/protein_GWAS_ferkingstad_EU_2021/files/15418_25_MAPK10_MK10.txt.gz.annotated.gz.exclusions’: No such file or directory
rm: cannot remove ‘/data/protein_GWAS_ferkingstad_EU_2021/files/15419_15_MMP20_MMP20.txt.gz.annotated.gz.exclusions’: No such file or directory
rm: cannot remove ‘/data/protein_GWAS_ferkingstad_EU_2021/files/15422_12_PMP2_MYP2.txt.gz.annotated.gz.exclusions’: No such file or directory
rm: cannot remove ‘/data/protein_GWAS_ferkingstad_EU_2021/files/15426_5_NEU1_NEUR1.txt.gz.annotated.gz.exclusions’: No such file or directory
rm: cannot remove ‘/data/protein_GWAS_ferkingstad_EU_2021/files/15427_35_LOXL3_LOXL3.txt.gz.annotated.gz.exclusions’: No such file or directory
rm: cannot remove ‘/data/protein_GWAS_ferkingstad_EU_2021/files/15430_165_OPTC_OPT.txt.gz.annotated.gz.exclusions’: No such file or directory
rm: cannot remove ‘/data/protein_GWAS_ferkingstad_EU_2021/files/15431_31_OTC_OTCase.txt.gz.annotated.gz.exclusions’: No such file or directory
rm: cannot remove ‘/data/protein_GWAS_ferkingstad_EU_2021/files/15432_1_OTOR_Otoraplin.txt.gz.annotated.gz.exclusions’: No such file or directory
rm: cannot remove ‘/data/protein_GWAS_ferkingstad_EU_2021/files/15433_4_SRC_p60_Src.txt.gz.annotated.gz.exclusions’: No such file or directory
rm: cannot remove ‘/data/protein_GWAS_ferkingstad_EU_2021/files/15434_5_PNOC_PNOC.txt.gz.annotated.gz.exclusions’: No such file or directory
rm: cannot remove ‘/data/protein_GWAS_ferkingstad_EU_2021/files/15435_4_PNP_PNP.txt.gz.annotated.gz.exclusions’: No such file or directory
rm: cannot remove ‘/data/protein_GWAS_ferkingstad_EU_2021/files/15436_40_RAMP1_RAMP1.txt.gz.annotated.gz.exclusions’: No such file or directory
rm: cannot remove ‘/data/protein_GWAS_ferkingstad_EU_2021/files/15437_11_RAMP3_RAMP3.txt.gz.annotated.gz.exclusions’: No such file or directory
rm: cannot remove ‘/data/protein_GWAS_ferkingstad_EU_2021/files/15439_21_RND3_RND3.txt.gz.annotated.gz.exclusions’: No such file or directory
rm: cannot remove ‘/data/protein_GWAS_ferkingstad_EU_2021/files/15440_57_PCSK2_NEC2.txt.gz.annotated.gz.exclusions’: No such file or directory
rm: cannot remove ‘/data/protein_GWAS_ferkingstad_EU_2021/files/15441_6_GM2A_SAP3.txt.gz.annotated.gz.exclusions’: No such file or directory
rm: cannot remove ‘/data/protein_GWAS_ferkingstad_EU_2021/files/15444_45_SERPINB4_SCCA2.txt.gz.annotated.gz.exclusions’: No such file or directory
rm: cannot remove ‘/data/protein_GWAS_ferkingstad_EU_2021/files/15446_25_NRG1_SMDF.txt.gz.annotated.gz.exclusions’: No such file or directory
rm: cannot remove ‘/data/protein_GWAS_ferkingstad_EU_2021/files/15447_45_SORD_Sorbitol_dehydrogenase.txt.gz.annotated.gz.exclusions’: No such file or directory
rm: cannot remove ‘/data/protein_GWAS_ferkingstad_EU_2021/files/15448_47_SQSTM1_SQSTM.txt.gz.annotated.gz.exclusions’: No such file or directory
rm: cannot remove ‘/data/protein_GWAS_ferkingstad_EU_2021/files/15449_33_TIMD4_TIM_4.txt.gz.annotated.gz.exclusions’: No such file or directory
rm: cannot remove ‘/data/protein_GWAS_ferkingstad_EU_2021/files/15452_5_NT5E_5__Nucleotidase.txt.gz.annotated.gz.exclusions’: No such file or directory
rm: cannot remove ‘/data/protein_GWAS_ferkingstad_EU_2021/files/15453_3_AMBP_a1_Microglobulin.txt.gz.annotated.gz.exclusions’: No such file or directory
rm: cannot remove ‘/data/protein_GWAS_ferkingstad_EU_2021/files/15455_40_ADAM15_ADA15.txt.gz.annotated.gz.exclusions’: No such file or directory
rm: cannot remove ‘/data/protein_GWAS_ferkingstad_EU_2021/files/15457_14_ANPEP_Aminopeptidase_N.txt.gz.annotated.gz.exclusions’: No such file or directory
rm: cannot remove ‘/data/protein_GWAS_ferkingstad_EU_2021/files/15460_9_DPP4_CD26.txt.gz.annotated.gz.exclusions’: No such file or directory
rm: cannot remove ‘/data/protein_GWAS_ferkingstad_EU_2021/files/15462_28_CD8A_CD8A.txt.gz.annotated.gz.exclusions’: No such file or directory
rm: cannot remove ‘/data/protein_GWAS_ferkingstad_EU_2021/files/15465_79_CNPY4_CNPY4.txt.gz.annotated.gz.exclusions’: No such file or directory
rm: cannot remove ‘/data/protein_GWAS_ferkingstad_EU_2021/files/15466_30_COL9A1_CO9A1.txt.gz.annotated.gz.exclusions’: No such file or directory
rm: cannot remove ‘/data/protein_GWAS_ferkingstad_EU_2021/files/15467_10_CTHRC1_CTHR1.txt.gz.annotated.gz.exclusions’: No such file or directory
rm: cannot remove ‘/data/protein_GWAS_ferkingstad_EU_2021/files/15468_14_CFHR1_FHR1.txt.gz.annotated.gz.exclusions’: No such file or directory
rm: cannot remove ‘/data/protein_GWAS_ferkingstad_EU_2021/files/15470_11_HEXB_Hexosaminidase_B.txt.gz.annotated.gz.exclusions’: No such file or directory
rm: cannot remove ‘/data/protein_GWAS_ferkingstad_EU_2021/files/15471_29_PNLIPRP2_LIPR2.txt.gz.annotated.gz.exclusions’: No such file or directory
rm: cannot remove ‘/data/protein_GWAS_ferkingstad_EU_2021/files/15472_16_LRP11_LRP11.txt.gz.annotated.gz.exclusions’: No such file or directory
rm: cannot remove ‘/data/protein_GWAS_ferkingstad_EU_2021/files/15474_7_PIN1_PIN1.txt.gz.annotated.gz.exclusions’: No such file or directory
rm: cannot remove ‘/data/protein_GWAS_ferkingstad_EU_2021/files/15475_4_PLTP_PLTP.txt.gz.annotated.gz.exclusions’: No such file or directory
rm: cannot remove ‘/data/protein_GWAS_ferkingstad_EU_2021/files/15476_6_REG3G_REG3G.txt.gz.annotated.gz.exclusions’: No such file or directory
rm: cannot remove ‘/data/protein_GWAS_ferkingstad_EU_2021/files/15480_2_VNN2_VNN2.txt.gz.annotated.gz.exclusions’: No such file or directory
rm: cannot remove ‘/data/protein_GWAS_ferkingstad_EU_2021/files/15481_45_CAMP_LL_37.txt.gz.annotated.gz.exclusions’: No such file or directory
rm: cannot remove ‘/data/protein_GWAS_ferkingstad_EU_2021/files/15482_12_A2ML1_A2ML1.txt.gz.annotated.gz.exclusions’: No such file or directory
rm: cannot remove ‘/data/protein_GWAS_ferkingstad_EU_2021/files/15483_377_AGRN_Agrin.txt.gz.annotated.gz.exclusions’: No such file or directory
rm: cannot remove ‘/data/protein_GWAS_ferkingstad_EU_2021/files/15486_126_AOC1_ABP1.txt.gz.annotated.gz.exclusions’: No such file or directory
rm: cannot remove ‘/data/protein_GWAS_ferkingstad_EU_2021/files/15487_164_CES1_carboxylesterase__liver.txt.gz.annotated.gz.exclusions’: No such file or directory
rm: cannot remove ‘/data/protein_GWAS_ferkingstad_EU_2021/files/15491_20_CD248_CD248.txt.gz.annotated.gz.exclusions’: No such file or directory
rm: cannot remove ‘/data/protein_GWAS_ferkingstad_EU_2021/files/15492_1_CRIM1_CRIM1.txt.gz.annotated.gz.exclusions’: No such file or directory
rm: cannot remove ‘/data/protein_GWAS_ferkingstad_EU_2021/files/15494_11_FGFBP1_FGFP1.txt.gz.annotated.gz.exclusions’: No such file or directory
rm: cannot remove ‘/data/protein_GWAS_ferkingstad_EU_2021/files/15495_9_FOLR3_FOLR3.txt.gz.annotated.gz.exclusions’: No such file or directory
rm: cannot remove ‘/data/protein_GWAS_ferkingstad_EU_2021/files/15497_9_HS3ST1_HS3S1.txt.gz.annotated.gz.exclusions’: No such file or directory
rm: cannot remove ‘/data/protein_GWAS_ferkingstad_EU_2021/files/15499_11_ATRN_Attractin.txt.gz.annotated.gz.exclusions’: No such file or directory
rm: cannot remove ‘/data/protein_GWAS_ferkingstad_EU_2021/files/15503_15_LEFTY2_Lefty_A.txt.gz.annotated.gz.exclusions’: No such file or directory
rm: cannot remove ‘/data/protein_GWAS_ferkingstad_EU_2021/files/15503_20_LEFTY2_Lefty_A.txt.gz.annotated.gz.exclusions’: No such file or directory
rm: cannot remove ‘/data/protein_GWAS_ferkingstad_EU_2021/files/15504_39_BIRC7_Livin_B.txt.gz.annotated.gz.exclusions’: No such file or directory
rm: cannot remove ‘/data/protein_GWAS_ferkingstad_EU_2021/files/15506_34_LRP12_LRP12.txt.gz.annotated.gz.exclusions’: No such file or directory
rm: cannot remove ‘/data/protein_GWAS_ferkingstad_EU_2021/files/15509_2_NAGLU_NAG.txt.gz.annotated.gz.exclusions’: No such file or directory
rm: cannot remove ‘/data/protein_GWAS_ferkingstad_EU_2021/files/15511_37_NPTXR_NPTXR.txt.gz.annotated.gz.exclusions’: No such file or directory
rm: cannot remove ‘/data/protein_GWAS_ferkingstad_EU_2021/files/15513_108_PRSS8_Prostasin.txt.gz.annotated.gz.exclusions’: No such file or directory
rm: cannot remove ‘/data/protein_GWAS_ferkingstad_EU_2021/files/15514_26_BCHE_Pseudocholinesterase.txt.gz.annotated.gz.exclusions’: No such file or directory
rm: cannot remove ‘/data/protein_GWAS_ferkingstad_EU_2021/files/15515_2_SAA1_SAA.txt.gz.annotated.gz.exclusions’: No such file or directory
rm: cannot remove ‘/data/protein_GWAS_ferkingstad_EU_2021/files/15516_12_SAA4_SAA_4.txt.gz.annotated.gz.exclusions’: No such file or directory
rm: cannot remove ‘/data/protein_GWAS_ferkingstad_EU_2021/files/15521_4_CLSTN1_Alcadein_alpha_1.txt.gz.annotated.gz.exclusions’: No such file or directory
rm: cannot remove ‘/data/protein_GWAS_ferkingstad_EU_2021/files/15522_2_GLIPR2_GAPR1.txt.gz.annotated.gz.exclusions’: No such file or directory
rm: cannot remove ‘/data/protein_GWAS_ferkingstad_EU_2021/files/15523_9_ALAD_HEM2.txt.gz.annotated.gz.exclusions’: No such file or directory
rm: cannot remove ‘/data/protein_GWAS_ferkingstad_EU_2021/files/15524_30_PGAM2_PGAM2.txt.gz.annotated.gz.exclusions’: No such file or directory
rm: cannot remove ‘/data/protein_GWAS_ferkingstad_EU_2021/files/15525_294_ADH1C_ADH1G.txt.gz.annotated.gz.exclusions’: No such file or directory
rm: cannot remove ‘/data/protein_GWAS_ferkingstad_EU_2021/files/15526_33_GSS_GSHB.txt.gz.annotated.gz.exclusions’: No such file or directory
rm: cannot remove ‘/data/protein_GWAS_ferkingstad_EU_2021/files/15527_90_DLD_DLDH.txt.gz.annotated.gz.exclusions’: No such file or directory
rm: cannot remove ‘/data/protein_GWAS_ferkingstad_EU_2021/files/15529_33_CSRP1_Cysteine_rich_protein_1.txt.gz.annotated.gz.exclusions’: No such file or directory
rm: cannot remove ‘/data/protein_GWAS_ferkingstad_EU_2021/files/15530_33_EPHB4_EphB4.txt.gz.annotated.gz.exclusions’: No such file or directory
rm: cannot remove ‘/data/protein_GWAS_ferkingstad_EU_2021/files/15533_97_MSR1_Macrophage_scavenger_receptor.txt.gz.annotated.gz.exclusions’: No such file or directory
rm: cannot remove ‘/data/protein_GWAS_ferkingstad_EU_2021/files/15534_26_MDH2_Malate_dehydrogenase_2.txt.gz.annotated.gz.exclusions’: No such file or directory
rm: cannot remove ‘/data/protein_GWAS_ferkingstad_EU_2021/files/15535_3_PRSS27_Marapsin.txt.gz.annotated.gz.exclusions’: No such file or directory
rm: cannot remove ‘/data/protein_GWAS_ferkingstad_EU_2021/files/15539_15_SLITRK1_SLIK1.txt.gz.annotated.gz.exclusions’: No such file or directory
rm: cannot remove ‘/data/protein_GWAS_ferkingstad_EU_2021/files/15540_6_VIM_Vimentin.txt.gz.annotated.gz.exclusions’: No such file or directory
rm: cannot remove ‘/data/protein_GWAS_ferkingstad_EU_2021/files/15542_19_CKMT1A_KCRU.txt.gz.annotated.gz.exclusions’: No such file or directory
rm: cannot remove ‘/data/protein_GWAS_ferkingstad_EU_2021/files/15544_25_KLK14_kallikrein_14.txt.gz.annotated.gz.exclusions’: No such file or directory
rm: cannot remove ‘/data/protein_GWAS_ferkingstad_EU_2021/files/15545_13_PPP3R1_Calcineurin_B_a.txt.gz.annotated.gz.exclusions’: No such file or directory
rm: cannot remove ‘/data/protein_GWAS_ferkingstad_EU_2021/files/15548_35_PHGDH_SERA.txt.gz.annotated.gz.exclusions’: No such file or directory
rm: cannot remove ‘/data/protein_GWAS_ferkingstad_EU_2021/files/15553_22_ACHE_ACES.txt.gz.annotated.gz.exclusions’: No such file or directory
rm: cannot remove ‘/data/protein_GWAS_ferkingstad_EU_2021/files/15556_49_AMY2B_Alpha_amylase_2B.txt.gz.annotated.gz.exclusions’: No such file or directory
rm: cannot remove ‘/data/protein_GWAS_ferkingstad_EU_2021/files/15558_63_ENPEP_AMPE.txt.gz.annotated.gz.exclusions’: No such file or directory
rm: cannot remove ‘/data/protein_GWAS_ferkingstad_EU_2021/files/15559_5_ANTXR2_ANTR2.txt.gz.annotated.gz.exclusions’: No such file or directory
rm: cannot remove ‘/data/protein_GWAS_ferkingstad_EU_2021/files/15560_52_TCN2_Apo_TC_II.txt.gz.annotated.gz.exclusions’: No such file or directory
rm: cannot remove ‘/data/protein_GWAS_ferkingstad_EU_2021/files/15562_24_GUSB_BGLR.txt.gz.annotated.gz.exclusions’: No such file or directory
rm: cannot remove ‘/data/protein_GWAS_ferkingstad_EU_2021/files/15565_102_MUC16_CA125.txt.gz.annotated.gz.exclusions’: No such file or directory
rm: cannot remove ‘/data/protein_GWAS_ferkingstad_EU_2021/files/15566_10_CNN1_Calponin_1.txt.gz.annotated.gz.exclusions’: No such file or directory
rm: cannot remove ‘/data/protein_GWAS_ferkingstad_EU_2021/files/15567_2_CD247_CD3_zeta.txt.gz.annotated.gz.exclusions’: No such file or directory
rm: cannot remove ‘/data/protein_GWAS_ferkingstad_EU_2021/files/15569_15_COL2A1_Collagen_II.txt.gz.annotated.gz.exclusions’: No such file or directory
rm: cannot remove ‘/data/protein_GWAS_ferkingstad_EU_2021/files/15570_99_CR2_Complement_receptor_type_2.txt.gz.annotated.gz.exclusions’: No such file or directory
rm: cannot remove ‘/data/protein_GWAS_ferkingstad_EU_2021/files/15573_110_NCAN_CSPG3.txt.gz.annotated.gz.exclusions’: No such file or directory
rm: cannot remove ‘/data/protein_GWAS_ferkingstad_EU_2021/files/15574_37_CCNA2_Cyclin_A.txt.gz.annotated.gz.exclusions’: No such file or directory
rm: cannot remove ‘/data/protein_GWAS_ferkingstad_EU_2021/files/15576_158_RNASE3_ECP.txt.gz.annotated.gz.exclusions’: No such file or directory
rm: cannot remove ‘/data/protein_GWAS_ferkingstad_EU_2021/files/15579_26_ENPP6_ENPP6.txt.gz.annotated.gz.exclusions’: No such file or directory
rm: cannot remove ‘/data/protein_GWAS_ferkingstad_EU_2021/files/15580_2_EPHA7_EPHA7.txt.gz.annotated.gz.exclusions’: No such file or directory
rm: cannot remove ‘/data/protein_GWAS_ferkingstad_EU_2021/files/15581_16_FANK1_FANK1.txt.gz.annotated.gz.exclusions’: No such file or directory
rm: cannot remove ‘/data/protein_GWAS_ferkingstad_EU_2021/files/15582_25_FCN1_FCN1.txt.gz.annotated.gz.exclusions’: No such file or directory
rm: cannot remove ‘/data/protein_GWAS_ferkingstad_EU_2021/files/15583_18_FCRLB_FCRLB.txt.gz.annotated.gz.exclusions’: No such file or directory
rm: cannot remove ‘/data/protein_GWAS_ferkingstad_EU_2021/files/15584_9_CFHR2_FHR2.txt.gz.annotated.gz.exclusions’: No such file or directory
rm: cannot remove ‘/data/protein_GWAS_ferkingstad_EU_2021/files/15585_304_FBLN5_fibulin_5.txt.gz.annotated.gz.exclusions’: No such file or directory
rm: cannot remove ‘/data/protein_GWAS_ferkingstad_EU_2021/files/15587_20_FOLR2_FOLR2.txt.gz.annotated.gz.exclusions’: No such file or directory
rm: cannot remove ‘/data/protein_GWAS_ferkingstad_EU_2021/files/15588_17_GLA_galactosidase__alpha.txt.gz.annotated.gz.exclusions’: No such file or directory
rm: cannot remove ‘/data/protein_GWAS_ferkingstad_EU_2021/files/15589_1_GC_Gc_Globulin__Mixed_Type.txt.gz.annotated.gz.exclusions’: No such file or directory
rm: cannot remove ‘/data/protein_GWAS_ferkingstad_EU_2021/files/15591_28_GPX1_Glutathione_peroxidase.txt.gz.annotated.gz.exclusions’: No such file or directory
rm: cannot remove ‘/data/protein_GWAS_ferkingstad_EU_2021/files/15594_47_HTRA1_HTRA1.txt.gz.annotated.gz.exclusions’: No such file or directory
rm: cannot remove ‘/data/protein_GWAS_ferkingstad_EU_2021/files/15596_7_HEXIM1_HEXI1.txt.gz.annotated.gz.exclusions’: No such file or directory
rm: cannot remove ‘/data/protein_GWAS_ferkingstad_EU_2021/files/15602_43_IL6R_IL_6_sRa.txt.gz.annotated.gz.exclusions’: No such file or directory
rm: cannot remove ‘/data/protein_GWAS_ferkingstad_EU_2021/files/15603_20_ITGA2_Integrin_alpha_2.txt.gz.annotated.gz.exclusions’: No such file or directory
rm: cannot remove ‘/data/protein_GWAS_ferkingstad_EU_2021/files/15604_18_MAPK9_JNK2.txt.gz.annotated.gz.exclusions’: No such file or directory
rm: cannot remove ‘/data/protein_GWAS_ferkingstad_EU_2021/files/15606_19_KRT19_Keratin_19.txt.gz.annotated.gz.exclusions’: No such file or directory
rm: cannot remove ‘/data/protein_GWAS_ferkingstad_EU_2021/files/15607_56_PKLR_KPYR.txt.gz.annotated.gz.exclusions’: No such file or directory
rm: cannot remove ‘/data/protein_GWAS_ferkingstad_EU_2021/files/15608_5_RPS6KB1_KS6B1.txt.gz.annotated.gz.exclusions’: No such file or directory
rm: cannot remove ‘/data/protein_GWAS_ferkingstad_EU_2021/files/15610_72_LAP3_LAP.txt.gz.annotated.gz.exclusions’: No such file or directory
rm: cannot remove ‘/data/protein_GWAS_ferkingstad_EU_2021/files/15612_5_LIN7B_LIN7B.txt.gz.annotated.gz.exclusions’: No such file or directory
rm: cannot remove ‘/data/protein_GWAS_ferkingstad_EU_2021/files/15613_16_PNLIP_LIPP.txt.gz.annotated.gz.exclusions’: No such file or directory
rm: cannot remove ‘/data/protein_GWAS_ferkingstad_EU_2021/files/15614_168_LILRA2_LIRA2.txt.gz.annotated.gz.exclusions’: No such file or directory
rm: cannot remove ‘/data/protein_GWAS_ferkingstad_EU_2021/files/15615_8_LILRB3_LIRB3.txt.gz.annotated.gz.exclusions’: No such file or directory
rm: cannot remove ‘/data/protein_GWAS_ferkingstad_EU_2021/files/15617_8_XCL2_lymphotactin_beta.txt.gz.annotated.gz.exclusions’: No such file or directory
rm: cannot remove ‘/data/protein_GWAS_ferkingstad_EU_2021/files/15619_49_MOG_MOG.txt.gz.annotated.gz.exclusions’: No such file or directory
rm: cannot remove ‘/data/protein_GWAS_ferkingstad_EU_2021/files/15620_4_NLGN1_NLGN1.txt.gz.annotated.gz.exclusions’: No such file or directory
rm: cannot remove ‘/data/protein_GWAS_ferkingstad_EU_2021/files/15622_13_OPCML_OBCAM.txt.gz.annotated.gz.exclusions’: No such file or directory
rm: cannot remove ‘/data/protein_GWAS_ferkingstad_EU_2021/files/15623_1_PDCD1_PD_1.txt.gz.annotated.gz.exclusions’: No such file or directory
rm: cannot remove ‘/data/protein_GWAS_ferkingstad_EU_2021/files/15626_223_HSPG2_Perlecan.txt.gz.annotated.gz.exclusions’: No such file or directory
rm: cannot remove ‘/data/protein_GWAS_ferkingstad_EU_2021/files/15627_83_AKT1_PKB.txt.gz.annotated.gz.exclusions’: No such file or directory
rm: cannot remove ‘/data/protein_GWAS_ferkingstad_EU_2021/files/15631_18_PSG1_PSG1.txt.gz.annotated.gz.exclusions’: No such file or directory
rm: cannot remove ‘/data/protein_GWAS_ferkingstad_EU_2021/files/15633_6_RBP4_RBP.txt.gz.annotated.gz.exclusions’: No such file or directory
rm: cannot remove ‘/data/protein_GWAS_ferkingstad_EU_2021/files/15634_139_SLIT1_SLIT1.txt.gz.annotated.gz.exclusions’: No such file or directory
rm: cannot remove ‘/data/protein_GWAS_ferkingstad_EU_2021/files/15635_4_SMOC2_SMOC2.txt.gz.annotated.gz.exclusions’: No such file or directory
rm: cannot remove ‘/data/protein_GWAS_ferkingstad_EU_2021/files/15636_49_SORCS1_SORC1.txt.gz.annotated.gz.exclusions’: No such file or directory
rm: cannot remove ‘/data/protein_GWAS_ferkingstad_EU_2021/files/15637_38_SORCS3_SORC3.txt.gz.annotated.gz.exclusions’: No such file or directory
rm: cannot remove ‘/data/protein_GWAS_ferkingstad_EU_2021/files/15640_54_TAGLN_TAGL.txt.gz.annotated.gz.exclusions’: No such file or directory
rm: cannot remove ‘/data/protein_GWAS_ferkingstad_EU_2021/files/15641_20_TMEFF1_TEFF1.txt.gz.annotated.gz.exclusions’: No such file or directory
rm: cannot remove ‘/data/protein_GWAS_ferkingstad_EU_2021/files/15644_1_BTD_Biotinidase.txt.gz.annotated.gz.exclusions’: No such file or directory
rm: cannot remove ‘/data/protein_GWAS_ferkingstad_EU_2021/files/15653_9_COL10A1_COAA1.txt.gz.annotated.gz.exclusions’: No such file or directory
rm: cannot remove ‘/data/protein_GWAS_ferkingstad_EU_2021/files/15666_21_BMP2_BMP_2.txt.gz.annotated.gz.exclusions’: No such file or directory
rm: cannot remove ‘/data/protein_GWAS_ferkingstad_EU_2021/files/15667_39_BMP4_BMP_4.txt.gz.annotated.gz.exclusions’: No such file or directory
rm: cannot remove ‘/data/protein_GWAS_ferkingstad_EU_2021/files/15668_19_BMP8B_BMP_8.txt.gz.annotated.gz.exclusions’: No such file or directory
rm: cannot remove ‘/data/protein_GWAS_ferkingstad_EU_2021/files/15669_7_BRAF_BRAF1.txt.gz.annotated.gz.exclusions’: No such file or directory
rm: cannot remove ‘/data/protein_GWAS_ferkingstad_EU_2021/files/15670_15_C1QL2_C1QL2.txt.gz.annotated.gz.exclusions’: No such file or directory
rm: cannot remove ‘/data/protein_GWAS_ferkingstad_EU_2021/files/15674_3_CD79A_CD79A.txt.gz.annotated.gz.exclusions’: No such file or directory
rm: cannot remove ‘/data/protein_GWAS_ferkingstad_EU_2021/files/15675_3_CEBPB_CEBPB.txt.gz.annotated.gz.exclusions’: No such file or directory
rm: cannot remove ‘/data/protein_GWAS_ferkingstad_EU_2021/files/15678_71_DKK2_DKK2.txt.gz.annotated.gz.exclusions’: No such file or directory
rm: cannot remove ‘/data/protein_GWAS_ferkingstad_EU_2021/files/15686_49_INHBC_INHBC.txt.gz.annotated.gz.exclusions’: No such file or directory
rm: cannot remove ‘/data/protein_GWAS_ferkingstad_EU_2021/files/15688_30_LMAN1_Mannose_binding_lectin.txt.gz.annotated.gz.exclusions’: No such file or directory
rm: cannot remove ‘/data/protein_GWAS_ferkingstad_EU_2021/files/15692_300_NODAL_NODAL.txt.gz.annotated.gz.exclusions’: No such file or directory
rm: cannot remove ‘/data/protein_GWAS_ferkingstad_EU_2021/files/15693_9_PGR_PgR.txt.gz.annotated.gz.exclusions’: No such file or directory
rm: cannot remove ‘/data/protein_GWAS_ferkingstad_EU_2021/files/15698_6_TXLNA_TXLNA.txt.gz.annotated.gz.exclusions’: No such file or directory
rm: cannot remove ‘/data/protein_GWAS_ferkingstad_EU_2021/files/16015_19_GPT_ALT.txt.gz.annotated.gz.exclusions’: No such file or directory
rm: cannot remove ‘/data/protein_GWAS_ferkingstad_EU_2021/files/16021_30_CDH8_Cadherin_8.txt.gz.annotated.gz.exclusions’: No such file or directory
rm: cannot remove ‘/data/protein_GWAS_ferkingstad_EU_2021/files/16035_8_FLT4_VEGF_sR3.txt.gz.annotated.gz.exclusions’: No such file or directory
rm: cannot remove ‘/data/protein_GWAS_ferkingstad_EU_2021/files/16043_30_SHC1_SHC1.txt.gz.annotated.gz.exclusions’: No such file or directory
rm: cannot remove ‘/data/protein_GWAS_ferkingstad_EU_2021/files/16049_43_OLR1_OLR1.txt.gz.annotated.gz.exclusions’: No such file or directory
rm: cannot remove ‘/data/protein_GWAS_ferkingstad_EU_2021/files/16055_3_CFHR5_complement_factor_H_related_5.txt.gz.annotated.gz.exclusions’: No such file or directory
rm: cannot remove ‘/data/protein_GWAS_ferkingstad_EU_2021/files/16057_6_IGF2R_IGF_II_receptor.txt.gz.annotated.gz.exclusions’: No such file or directory
rm: cannot remove ‘/data/protein_GWAS_ferkingstad_EU_2021/files/16060_99_NID2_NID2.txt.gz.annotated.gz.exclusions’: No such file or directory
rm: cannot remove ‘/data/protein_GWAS_ferkingstad_EU_2021/files/16070_7_WIF1_WIF_1.txt.gz.annotated.gz.exclusions’: No such file or directory
rm: cannot remove ‘/data/protein_GWAS_ferkingstad_EU_2021/files/16074_12_GRAP2_GRB2_related_adapter_protein_2.txt.gz.annotated.gz.exclusions’: No such file or directory
rm: cannot remove ‘/data/protein_GWAS_ferkingstad_EU_2021/files/16079_2_TEC_TEC.txt.gz.annotated.gz.exclusions’: No such file or directory
rm: cannot remove ‘/data/protein_GWAS_ferkingstad_EU_2021/files/16081_38_AKR1B10_Aldose_reductase_like.txt.gz.annotated.gz.exclusions’: No such file or directory
rm: cannot remove ‘/data/protein_GWAS_ferkingstad_EU_2021/files/16288_17_EPHA4_EPHA4.txt.gz.annotated.gz.exclusions’: No such file or directory
rm: cannot remove ‘/data/protein_GWAS_ferkingstad_EU_2021/files/16292_288_GIP_GIP.txt.gz.annotated.gz.exclusions’: No such file or directory
rm: cannot remove ‘/data/protein_GWAS_ferkingstad_EU_2021/files/16293_1_GHRH_Growth_hormone_releasing_factor.txt.gz.annotated.gz.exclusions’: No such file or directory
rm: cannot remove ‘/data/protein_GWAS_ferkingstad_EU_2021/files/16296_43_LGR5_LGR5.txt.gz.annotated.gz.exclusions’: No such file or directory
rm: cannot remove ‘/data/protein_GWAS_ferkingstad_EU_2021/files/16297_14_ROBO4_ROBO4.txt.gz.annotated.gz.exclusions’: No such file or directory
rm: cannot remove ‘/data/protein_GWAS_ferkingstad_EU_2021/files/16298_84_PLA2G2D_sPLA_2__IID.txt.gz.annotated.gz.exclusions’: No such file or directory
rm: cannot remove ‘/data/protein_GWAS_ferkingstad_EU_2021/files/16299_13_TIGIT_TIGIT.txt.gz.annotated.gz.exclusions’: No such file or directory
rm: cannot remove ‘/data/protein_GWAS_ferkingstad_EU_2021/files/16300_4_TREM2_TREM2.txt.gz.annotated.gz.exclusions’: No such file or directory
rm: cannot remove ‘/data/protein_GWAS_ferkingstad_EU_2021/files/16302_11_BPIFA2_SPLC2.txt.gz.annotated.gz.exclusions’: No such file or directory
rm: cannot remove ‘/data/protein_GWAS_ferkingstad_EU_2021/files/16304_6_LGR4_LGR4.txt.gz.annotated.gz.exclusions’: No such file or directory
rm: cannot remove ‘/data/protein_GWAS_ferkingstad_EU_2021/files/16305_10_CDH11_Cadherin_11.txt.gz.annotated.gz.exclusions’: No such file or directory
rm: cannot remove ‘/data/protein_GWAS_ferkingstad_EU_2021/files/16307_22_UNC5D_UNC5H4.txt.gz.annotated.gz.exclusions’: No such file or directory
rm: cannot remove ‘/data/protein_GWAS_ferkingstad_EU_2021/files/16308_14_BTLA_BTLA.txt.gz.annotated.gz.exclusions’: No such file or directory
rm: cannot remove ‘/data/protein_GWAS_ferkingstad_EU_2021/files/16309_30_DKKL1_Soggy_1.txt.gz.annotated.gz.exclusions’: No such file or directory
rm: cannot remove ‘/data/protein_GWAS_ferkingstad_EU_2021/files/16312_45_CDH6_Cadherin_6.txt.gz.annotated.gz.exclusions’: No such file or directory
rm: cannot remove ‘/data/protein_GWAS_ferkingstad_EU_2021/files/16315_105_FLT1_VEGF_sR1.txt.gz.annotated.gz.exclusions’: No such file or directory
rm: cannot remove ‘/data/protein_GWAS_ferkingstad_EU_2021/files/16317_20_DSG3_Desmoglein_3.txt.gz.annotated.gz.exclusions’: No such file or directory
rm: cannot remove ‘/data/protein_GWAS_ferkingstad_EU_2021/files/16318_12_ACVRL1_ALK_1.txt.gz.annotated.gz.exclusions’: No such file or directory
rm: cannot remove ‘/data/protein_GWAS_ferkingstad_EU_2021/files/16320_139_CD320_CD320.txt.gz.annotated.gz.exclusions’: No such file or directory
rm: cannot remove ‘/data/protein_GWAS_ferkingstad_EU_2021/files/16322_10_PACAP_PACAP.txt.gz.annotated.gz.exclusions’: No such file or directory
rm: cannot remove ‘/data/protein_GWAS_ferkingstad_EU_2021/files/16323_8_NRXN3_NRX3A.txt.gz.annotated.gz.exclusions’: No such file or directory
rm: cannot remove ‘/data/protein_GWAS_ferkingstad_EU_2021/files/16324_38_TLR1_TLR1.txt.gz.annotated.gz.exclusions’: No such file or directory
rm: cannot remove ‘/data/protein_GWAS_ferkingstad_EU_2021/files/16536_3_HMGA1_HMGA1.txt.gz.annotated.gz.exclusions’: No such file or directory
rm: cannot remove ‘/data/protein_GWAS_ferkingstad_EU_2021/files/16551_14_STAT5B_STA5B.txt.gz.annotated.gz.exclusions’: No such file or directory
rm: cannot remove ‘/data/protein_GWAS_ferkingstad_EU_2021/files/16558_2_MYOC_MYOC.txt.gz.annotated.gz.exclusions’: No such file or directory
rm: cannot remove ‘/data/protein_GWAS_ferkingstad_EU_2021/files/16561_9_A1BG_Alpha_1B_glycoprotein.txt.gz.annotated.gz.exclusions’: No such file or directory
rm: cannot remove ‘/data/protein_GWAS_ferkingstad_EU_2021/files/16583_8_NUDT2_AP4A.txt.gz.annotated.gz.exclusions’: No such file or directory
rm: cannot remove ‘/data/protein_GWAS_ferkingstad_EU_2021/files/16585_16_B3GNT4_B3GN4.txt.gz.annotated.gz.exclusions’: No such file or directory
rm: cannot remove ‘/data/protein_GWAS_ferkingstad_EU_2021/files/16587_1_CSN2_Beta_casein.txt.gz.annotated.gz.exclusions’: No such file or directory
rm: cannot remove ‘/data/protein_GWAS_ferkingstad_EU_2021/files/16588_10_HSPA5_BiP.txt.gz.annotated.gz.exclusions’: No such file or directory
rm: cannot remove ‘/data/protein_GWAS_ferkingstad_EU_2021/files/16591_71_CHIA_CHIA.txt.gz.annotated.gz.exclusions’: No such file or directory
rm: cannot remove ‘/data/protein_GWAS_ferkingstad_EU_2021/files/16593_3_FADD_FADD.txt.gz.annotated.gz.exclusions’: No such file or directory
rm: cannot remove ‘/data/protein_GWAS_ferkingstad_EU_2021/files/16594_44_FAIM_FAIM1.txt.gz.annotated.gz.exclusions’: No such file or directory
rm: cannot remove ‘/data/protein_GWAS_ferkingstad_EU_2021/files/16596_25_GLRX3_GLRX3.txt.gz.annotated.gz.exclusions’: No such file or directory
rm: cannot remove ‘/data/protein_GWAS_ferkingstad_EU_2021/files/16597_11_GLRX5_GLRX5.txt.gz.annotated.gz.exclusions’: No such file or directory
rm: cannot remove ‘/data/protein_GWAS_ferkingstad_EU_2021/files/16599_38_GPN1_GPN1.txt.gz.annotated.gz.exclusions’: No such file or directory
rm: cannot remove ‘/data/protein_GWAS_ferkingstad_EU_2021/files/16605_2_C1QTNF9_C1T9A.txt.gz.annotated.gz.exclusions’: No such file or directory
rm: cannot remove ‘/data/protein_GWAS_ferkingstad_EU_2021/files/16606_85_AKR1B1_Aldose_reductase.txt.gz.annotated.gz.exclusions’: No such file or directory
rm: cannot remove ‘/data/protein_GWAS_ferkingstad_EU_2021/files/16607_78_GSN_Gelsolin.txt.gz.annotated.gz.exclusions’: No such file or directory
rm: cannot remove ‘/data/protein_GWAS_ferkingstad_EU_2021/files/16609_106_KIRREL2_KIRR2.txt.gz.annotated.gz.exclusions’: No such file or directory
rm: cannot remove ‘/data/protein_GWAS_ferkingstad_EU_2021/files/16610_13_LRP10_LRP10.txt.gz.annotated.gz.exclusions’: No such file or directory
rm: cannot remove ‘/data/protein_GWAS_ferkingstad_EU_2021/files/16612_28_SDC3_SDC3.txt.gz.annotated.gz.exclusions’: No such file or directory
rm: cannot remove ‘/data/protein_GWAS_ferkingstad_EU_2021/files/16613_3_CDH17_CAD17.txt.gz.annotated.gz.exclusions’: No such file or directory
rm: cannot remove ‘/data/protein_GWAS_ferkingstad_EU_2021/files/16614_27_RSPO1_RSPO1.txt.gz.annotated.gz.exclusions’: No such file or directory
rm: cannot remove ‘/data/protein_GWAS_ferkingstad_EU_2021/files/16616_137_ENO3_ENOB.txt.gz.annotated.gz.exclusions’: No such file or directory
rm: cannot remove ‘/data/protein_GWAS_ferkingstad_EU_2021/files/16617_14_CASP14_Caspase_14.txt.gz.annotated.gz.exclusions’: No such file or directory
rm: cannot remove ‘/data/protein_GWAS_ferkingstad_EU_2021/files/16618_7_CD69_CD69.txt.gz.annotated.gz.exclusions’: No such file or directory
rm: cannot remove ‘/data/protein_GWAS_ferkingstad_EU_2021/files/16620_26_LY75_LY75.txt.gz.annotated.gz.exclusions’: No such file or directory
rm: cannot remove ‘/data/protein_GWAS_ferkingstad_EU_2021/files/16621_77_APOA1BP_AIBP.txt.gz.annotated.gz.exclusions’: No such file or directory
rm: cannot remove ‘/data/protein_GWAS_ferkingstad_EU_2021/files/16746_12_INHBB_Activin_B.txt.gz.annotated.gz.exclusions’: No such file or directory
rm: cannot remove ‘/data/protein_GWAS_ferkingstad_EU_2021/files/16748_1_BMP3_BMP_3.txt.gz.annotated.gz.exclusions’: No such file or directory
rm: cannot remove ‘/data/protein_GWAS_ferkingstad_EU_2021/files/16749_79_GDF10_BMP_3b.txt.gz.annotated.gz.exclusions’: No such file or directory
rm: cannot remove ‘/data/protein_GWAS_ferkingstad_EU_2021/files/16751_15_NPPB_BNP.txt.gz.annotated.gz.exclusions’: No such file or directory
rm: cannot remove ‘/data/protein_GWAS_ferkingstad_EU_2021/files/16753_46_COL6A2_CO6A2.txt.gz.annotated.gz.exclusions’: No such file or directory
rm: cannot remove ‘/data/protein_GWAS_ferkingstad_EU_2021/files/16754_40_CASK_CSKP.txt.gz.annotated.gz.exclusions’: No such file or directory
rm: cannot remove ‘/data/protein_GWAS_ferkingstad_EU_2021/files/16755_195_GDF3_GDF_3.txt.gz.annotated.gz.exclusions’: No such file or directory
rm: cannot remove ‘/data/protein_GWAS_ferkingstad_EU_2021/files/16756_30_GDF7_GDF7.txt.gz.annotated.gz.exclusions’: No such file or directory
rm: cannot remove ‘/data/protein_GWAS_ferkingstad_EU_2021/files/16758_96_HDGF_HDGF.txt.gz.annotated.gz.exclusions’: No such file or directory
rm: cannot remove ‘/data/protein_GWAS_ferkingstad_EU_2021/files/16760_2_IL26_IL_26.txt.gz.annotated.gz.exclusions’: No such file or directory
rm: cannot remove ‘/data/protein_GWAS_ferkingstad_EU_2021/files/16763_11_LECT2_LECT2.txt.gz.annotated.gz.exclusions’: No such file or directory
rm: cannot remove ‘/data/protein_GWAS_ferkingstad_EU_2021/files/16765_52_PPBP_PBP.txt.gz.annotated.gz.exclusions’: No such file or directory
rm: cannot remove ‘/data/protein_GWAS_ferkingstad_EU_2021/files/16768_3_JUP_PLAK.txt.gz.annotated.gz.exclusions’: No such file or directory
rm: cannot remove ‘/data/protein_GWAS_ferkingstad_EU_2021/files/16769_20_RAC3_RAC3.txt.gz.annotated.gz.exclusions’: No such file or directory
rm: cannot remove ‘/data/protein_GWAS_ferkingstad_EU_2021/files/16770_3_REG1B_REG1B.txt.gz.annotated.gz.exclusions’: No such file or directory
rm: cannot remove ‘/data/protein_GWAS_ferkingstad_EU_2021/files/16773_29_SCUBE3_SCUB3.txt.gz.annotated.gz.exclusions’: No such file or directory
rm: cannot remove ‘/data/protein_GWAS_ferkingstad_EU_2021/files/16781_2_ENGASE_ENASE.txt.gz.annotated.gz.exclusions’: No such file or directory
rm: cannot remove ‘/data/protein_GWAS_ferkingstad_EU_2021/files/16785_45_DEFA5_HD_5.txt.gz.annotated.gz.exclusions’: No such file or directory
rm: cannot remove ‘/data/protein_GWAS_ferkingstad_EU_2021/files/16792_4_SIGLEC5_Siglec_5.txt.gz.annotated.gz.exclusions’: No such file or directory
rm: cannot remove ‘/data/protein_GWAS_ferkingstad_EU_2021/files/16802_31_OCIAD1_OCAD1.txt.gz.annotated.gz.exclusions’: No such file or directory
rm: cannot remove ‘/data/protein_GWAS_ferkingstad_EU_2021/files/16803_4_CALB2_CALB2.txt.gz.annotated.gz.exclusions’: No such file or directory
rm: cannot remove ‘/data/protein_GWAS_ferkingstad_EU_2021/files/16805_5_PDE5A_PDE5A.txt.gz.annotated.gz.exclusions’: No such file or directory
rm: cannot remove ‘/data/protein_GWAS_ferkingstad_EU_2021/files/16807_35_TNNT3_TNNT3.txt.gz.annotated.gz.exclusions’: No such file or directory
rm: cannot remove ‘/data/protein_GWAS_ferkingstad_EU_2021/files/16809_1_NME4_NDKM.txt.gz.annotated.gz.exclusions’: No such file or directory
rm: cannot remove ‘/data/protein_GWAS_ferkingstad_EU_2021/files/16810_3_GDI1_RhoGDI.txt.gz.annotated.gz.exclusions’: No such file or directory
rm: cannot remove ‘/data/protein_GWAS_ferkingstad_EU_2021/files/16814_13_FHL1_SLIM_1.txt.gz.annotated.gz.exclusions’: No such file or directory
rm: cannot remove ‘/data/protein_GWAS_ferkingstad_EU_2021/files/16818_200_CDCP1_CDCP1.txt.gz.annotated.gz.exclusions’: No such file or directory
rm: cannot remove ‘/data/protein_GWAS_ferkingstad_EU_2021/files/16823_75_APOL3_APOL3.txt.gz.annotated.gz.exclusions’: No such file or directory
rm: cannot remove ‘/data/protein_GWAS_ferkingstad_EU_2021/files/16825_20_ATXN3_ATX3.txt.gz.annotated.gz.exclusions’: No such file or directory
rm: cannot remove ‘/data/protein_GWAS_ferkingstad_EU_2021/files/16828_8_COL6A1_Collagen_a1_VI_.txt.gz.annotated.gz.exclusions’: No such file or directory
rm: cannot remove ‘/data/protein_GWAS_ferkingstad_EU_2021/files/16831_7_DOK1_DOK1.txt.gz.annotated.gz.exclusions’: No such file or directory
rm: cannot remove ‘/data/protein_GWAS_ferkingstad_EU_2021/files/16836_1_CFHR3_FHR3.txt.gz.annotated.gz.exclusions’: No such file or directory
rm: cannot remove ‘/data/protein_GWAS_ferkingstad_EU_2021/files/16837_20_CFLAR_FLIP.txt.gz.annotated.gz.exclusions’: No such file or directory
