rm: cannot remove ‘/data/protein_GWAS_ferkingstad_EU_2021/files/2333_72_TGFB1_TGF_b1.txt.gz.annotated.gz.exclusions’: No such file or directory
rm: cannot remove ‘/data/protein_GWAS_ferkingstad_EU_2021/files/2381_52_C5_C5.txt.gz.annotated.gz.exclusions’: No such file or directory
rm: cannot remove ‘/data/protein_GWAS_ferkingstad_EU_2021/files/2418_55_APOE_Apo_E.txt.gz.annotated.gz.exclusions’: No such file or directory
rm: cannot remove ‘/data/protein_GWAS_ferkingstad_EU_2021/files/2421_7_BDNF_BDNF.txt.gz.annotated.gz.exclusions’: No such file or directory
rm: cannot remove ‘/data/protein_GWAS_ferkingstad_EU_2021/files/2431_17_CTSG_Cathepsin_G.txt.gz.annotated.gz.exclusions’: No such file or directory
rm: cannot remove ‘/data/protein_GWAS_ferkingstad_EU_2021/files/2436_49_CXCL16_CXCL16__soluble.txt.gz.annotated.gz.exclusions’: No such file or directory
rm: cannot remove ‘/data/protein_GWAS_ferkingstad_EU_2021/files/2441_2_FGF10_FGF_10.txt.gz.annotated.gz.exclusions’: No such file or directory
rm: cannot remove ‘/data/protein_GWAS_ferkingstad_EU_2021/files/2443_10_FGF8_FGF_8B.txt.gz.annotated.gz.exclusions’: No such file or directory
rm: cannot remove ‘/data/protein_GWAS_ferkingstad_EU_2021/files/2447_7_PLA2G2E_GIIE.txt.gz.annotated.gz.exclusions’: No such file or directory
rm: cannot remove ‘/data/protein_GWAS_ferkingstad_EU_2021/files/2449_1_PLA2G5_GV.txt.gz.annotated.gz.exclusions’: No such file or directory
rm: cannot remove ‘/data/protein_GWAS_ferkingstad_EU_2021/files/2468_62_CCL20_MIP_3a.txt.gz.annotated.gz.exclusions’: No such file or directory
rm: cannot remove ‘/data/protein_GWAS_ferkingstad_EU_2021/files/2474_54_APCS_SAP.txt.gz.annotated.gz.exclusions’: No such file or directory
rm: cannot remove ‘/data/protein_GWAS_ferkingstad_EU_2021/files/2475_1_KIT_SCF_sR.txt.gz.annotated.gz.exclusions’: No such file or directory
rm: cannot remove ‘/data/protein_GWAS_ferkingstad_EU_2021/files/2480_58_TIMP3_TIMP_3.txt.gz.annotated.gz.exclusions’: No such file or directory
rm: cannot remove ‘/data/protein_GWAS_ferkingstad_EU_2021/files/2500_2_ANGPT4_Angiopoietin_4.txt.gz.annotated.gz.exclusions’: No such file or directory
rm: cannot remove ‘/data/protein_GWAS_ferkingstad_EU_2021/files/2505_49_GFRA3_GFRa_3.txt.gz.annotated.gz.exclusions’: No such file or directory
rm: cannot remove ‘/data/protein_GWAS_ferkingstad_EU_2021/files/2514_65_EFNB3_Ephrin_B3.txt.gz.annotated.gz.exclusions’: No such file or directory
rm: cannot remove ‘/data/protein_GWAS_ferkingstad_EU_2021/files/2515_14_GFRA2_GFRa_2.txt.gz.annotated.gz.exclusions’: No such file or directory
rm: cannot remove ‘/data/protein_GWAS_ferkingstad_EU_2021/files/2516_57_CCL21_6Ckine.txt.gz.annotated.gz.exclusions’: No such file or directory
rm: cannot remove ‘/data/protein_GWAS_ferkingstad_EU_2021/files/2524_56_HMGB1_HMG_1.txt.gz.annotated.gz.exclusions’: No such file or directory
rm: cannot remove ‘/data/protein_GWAS_ferkingstad_EU_2021/files/2558_51_POMC_b_Endorphin.txt.gz.annotated.gz.exclusions’: No such file or directory
rm: cannot remove ‘/data/protein_GWAS_ferkingstad_EU_2021/files/2567_5_CFI_Factor_I.txt.gz.annotated.gz.exclusions’: No such file or directory
rm: cannot remove ‘/data/protein_GWAS_ferkingstad_EU_2021/files/2571_12_IGFBP3_IGFBP_3.txt.gz.annotated.gz.exclusions’: No such file or directory
rm: cannot remove ‘/data/protein_GWAS_ferkingstad_EU_2021/files/2578_67_CCL2_MCP_1.txt.gz.annotated.gz.exclusions’: No such file or directory
rm: cannot remove ‘/data/protein_GWAS_ferkingstad_EU_2021/files/2579_17_MMP9_MMP_9.txt.gz.annotated.gz.exclusions’: No such file or directory
rm: cannot remove ‘/data/protein_GWAS_ferkingstad_EU_2021/files/2580_83_MPO_Myeloperoxidase.txt.gz.annotated.gz.exclusions’: No such file or directory
rm: cannot remove ‘/data/protein_GWAS_ferkingstad_EU_2021/files/2585_2_PRL_PRL.txt.gz.annotated.gz.exclusions’: No such file or directory
rm: cannot remove ‘/data/protein_GWAS_ferkingstad_EU_2021/files/2590_69_ROR1_ROR1.txt.gz.annotated.gz.exclusions’: No such file or directory
rm: cannot remove ‘/data/protein_GWAS_ferkingstad_EU_2021/files/2597_8_VEGFA_VEGF.txt.gz.annotated.gz.exclusions’: No such file or directory
rm: cannot remove ‘/data/protein_GWAS_ferkingstad_EU_2021/files/2599_51_TNFSF9_4_1BB_ligand.txt.gz.annotated.gz.exclusions’: No such file or directory
rm: cannot remove ‘/data/protein_GWAS_ferkingstad_EU_2021/files/2602_2_ANGPT2_Angiopoietin_2.txt.gz.annotated.gz.exclusions’: No such file or directory
rm: cannot remove ‘/data/protein_GWAS_ferkingstad_EU_2021/files/2605_49_TNFRSF8_CD30.txt.gz.annotated.gz.exclusions’: No such file or directory
rm: cannot remove ‘/data/protein_GWAS_ferkingstad_EU_2021/files/2609_59_CST3_Cystatin_C.txt.gz.annotated.gz.exclusions’: No such file or directory
rm: cannot remove ‘/data/protein_GWAS_ferkingstad_EU_2021/files/2611_72_TYRO3_Dtk.txt.gz.annotated.gz.exclusions’: No such file or directory
rm: cannot remove ‘/data/protein_GWAS_ferkingstad_EU_2021/files/2612_5_EIF5_eIF_5.txt.gz.annotated.gz.exclusions’: No such file or directory
rm: cannot remove ‘/data/protein_GWAS_ferkingstad_EU_2021/files/2614_28_EFNA4_Ephrin_A4.txt.gz.annotated.gz.exclusions’: No such file or directory
rm: cannot remove ‘/data/protein_GWAS_ferkingstad_EU_2021/files/2615_60_EFNA5_Ephrin_A5.txt.gz.annotated.gz.exclusions’: No such file or directory
rm: cannot remove ‘/data/protein_GWAS_ferkingstad_EU_2021/files/2616_23_ERBB2_ERBB2.txt.gz.annotated.gz.exclusions’: No such file or directory
rm: cannot remove ‘/data/protein_GWAS_ferkingstad_EU_2021/files/2617_56_ERBB3_ERBB3.txt.gz.annotated.gz.exclusions’: No such file or directory
rm: cannot remove ‘/data/protein_GWAS_ferkingstad_EU_2021/files/2618_10_ERBB4_ERBB4.txt.gz.annotated.gz.exclusions’: No such file or directory
rm: cannot remove ‘/data/protein_GWAS_ferkingstad_EU_2021/files/2619_72_TACSTD2_GA733_1_protein.txt.gz.annotated.gz.exclusions’: No such file or directory
rm: cannot remove ‘/data/protein_GWAS_ferkingstad_EU_2021/files/2620_4_IL6ST_gp130__soluble.txt.gz.annotated.gz.exclusions’: No such file or directory
rm: cannot remove ‘/data/protein_GWAS_ferkingstad_EU_2021/files/2622_18_HMOX2_HO_2.txt.gz.annotated.gz.exclusions’: No such file or directory
rm: cannot remove ‘/data/protein_GWAS_ferkingstad_EU_2021/files/2631_50_IL10RB_IL_10_Rb.txt.gz.annotated.gz.exclusions’: No such file or directory
rm: cannot remove ‘/data/protein_GWAS_ferkingstad_EU_2021/files/2632_5_IL12RB1_IL_12_Rb1.txt.gz.annotated.gz.exclusions’: No such file or directory
rm: cannot remove ‘/data/protein_GWAS_ferkingstad_EU_2021/files/2633_52_IL13RA1_IL_13_Ra1.txt.gz.annotated.gz.exclusions’: No such file or directory
rm: cannot remove ‘/data/protein_GWAS_ferkingstad_EU_2021/files/2634_2_IL2RG_IL_2_sRg.txt.gz.annotated.gz.exclusions’: No such file or directory
rm: cannot remove ‘/data/protein_GWAS_ferkingstad_EU_2021/files/2635_61_LAYN_Layilin.txt.gz.annotated.gz.exclusions’: No such file or directory
rm: cannot remove ‘/data/protein_GWAS_ferkingstad_EU_2021/files/2636_10_LTBR_Lymphotoxin_b_R.txt.gz.annotated.gz.exclusions’: No such file or directory
rm: cannot remove ‘/data/protein_GWAS_ferkingstad_EU_2021/files/2637_77_MRC1_Macrophage_mannose_receptor.txt.gz.annotated.gz.exclusions’: No such file or directory
rm: cannot remove ‘/data/protein_GWAS_ferkingstad_EU_2021/files/2640_3_MST1R_MSP_R.txt.gz.annotated.gz.exclusions’: No such file or directory
rm: cannot remove ‘/data/protein_GWAS_ferkingstad_EU_2021/files/2642_4_PAFAH1B2_PAFAH_beta_subunit.txt.gz.annotated.gz.exclusions’: No such file or directory
rm: cannot remove ‘/data/protein_GWAS_ferkingstad_EU_2021/files/2643_57_CDH3_P_Cadherin.txt.gz.annotated.gz.exclusions’: No such file or directory
rm: cannot remove ‘/data/protein_GWAS_ferkingstad_EU_2021/files/2644_11_PRKCA_PKC_A.txt.gz.annotated.gz.exclusions’: No such file or directory
rm: cannot remove ‘/data/protein_GWAS_ferkingstad_EU_2021/files/2645_54_PRKCZ_PKC_Z.txt.gz.annotated.gz.exclusions’: No such file or directory
rm: cannot remove ‘/data/protein_GWAS_ferkingstad_EU_2021/files/2647_66_GDI2_Rab_GDP_dissociation_inhibitor_beta.txt.gz.annotated.gz.exclusions’: No such file or directory
rm: cannot remove ‘/data/protein_GWAS_ferkingstad_EU_2021/files/2649_77_ICAM3_sICAM_3.txt.gz.annotated.gz.exclusions’: No such file or directory
rm: cannot remove ‘/data/protein_GWAS_ferkingstad_EU_2021/files/2652_15_PLAUR_suPAR.txt.gz.annotated.gz.exclusions’: No such file or directory
rm: cannot remove ‘/data/protein_GWAS_ferkingstad_EU_2021/files/2654_19_TNFRSF1A_TNF_sR_I.txt.gz.annotated.gz.exclusions’: No such file or directory
rm: cannot remove ‘/data/protein_GWAS_ferkingstad_EU_2021/files/2658_27_NTRK3_TrkC.txt.gz.annotated.gz.exclusions’: No such file or directory
rm: cannot remove ‘/data/protein_GWAS_ferkingstad_EU_2021/files/2665_26_TNFRSF17_BCMA.txt.gz.annotated.gz.exclusions’: No such file or directory
rm: cannot remove ‘/data/protein_GWAS_ferkingstad_EU_2021/files/2666_53_DCN_Bone_proteoglycan_II.txt.gz.annotated.gz.exclusions’: No such file or directory
rm: cannot remove ‘/data/protein_GWAS_ferkingstad_EU_2021/files/2677_1_EGFR_ERBB1.txt.gz.annotated.gz.exclusions’: No such file or directory
rm: cannot remove ‘/data/protein_GWAS_ferkingstad_EU_2021/files/2681_23_HGF_HGF.txt.gz.annotated.gz.exclusions’: No such file or directory
rm: cannot remove ‘/data/protein_GWAS_ferkingstad_EU_2021/files/2682_68_HSPD1_HSP_60.txt.gz.annotated.gz.exclusions’: No such file or directory
rm: cannot remove ‘/data/protein_GWAS_ferkingstad_EU_2021/files/2683_1_C3_iC3b.txt.gz.annotated.gz.exclusions’: No such file or directory
rm: cannot remove ‘/data/protein_GWAS_ferkingstad_EU_2021/files/2687_2_MIA_MIA.txt.gz.annotated.gz.exclusions’: No such file or directory
rm: cannot remove ‘/data/protein_GWAS_ferkingstad_EU_2021/files/2692_74_PLA2G2A_NPS_PLA2.txt.gz.annotated.gz.exclusions’: No such file or directory
rm: cannot remove ‘/data/protein_GWAS_ferkingstad_EU_2021/files/2693_20_OSM_OSM.txt.gz.annotated.gz.exclusions’: No such file or directory
rm: cannot remove ‘/data/protein_GWAS_ferkingstad_EU_2021/files/2695_25_PECAM1_PECAM_1.txt.gz.annotated.gz.exclusions’: No such file or directory
rm: cannot remove ‘/data/protein_GWAS_ferkingstad_EU_2021/files/2696_87_PSPN_Persephin.txt.gz.annotated.gz.exclusions’: No such file or directory
rm: cannot remove ‘/data/protein_GWAS_ferkingstad_EU_2021/files/2697_7_PF4_PF_4.txt.gz.annotated.gz.exclusions’: No such file or directory
rm: cannot remove ‘/data/protein_GWAS_ferkingstad_EU_2021/files/2700_56_PROS1_Protein_S.txt.gz.annotated.gz.exclusions’: No such file or directory
rm: cannot remove ‘/data/protein_GWAS_ferkingstad_EU_2021/files/2704_74_TNFRSF13B_TACI.txt.gz.annotated.gz.exclusions’: No such file or directory
rm: cannot remove ‘/data/protein_GWAS_ferkingstad_EU_2021/files/2705_5_CCL25_TECK.txt.gz.annotated.gz.exclusions’: No such file or directory
rm: cannot remove ‘/data/protein_GWAS_ferkingstad_EU_2021/files/2706_69_SERPINA7_Thyroxine_Binding_Globulin.txt.gz.annotated.gz.exclusions’: No such file or directory
rm: cannot remove ‘/data/protein_GWAS_ferkingstad_EU_2021/files/2708_54_TNFSF18_TNFSF18.txt.gz.annotated.gz.exclusions’: No such file or directory
rm: cannot remove ‘/data/protein_GWAS_ferkingstad_EU_2021/files/2714_78_AIMP1_EMAP_2.txt.gz.annotated.gz.exclusions’: No such file or directory
rm: cannot remove ‘/data/protein_GWAS_ferkingstad_EU_2021/files/2719_3_CSF3R_G_CSF_R.txt.gz.annotated.gz.exclusions’: No such file or directory
rm: cannot remove ‘/data/protein_GWAS_ferkingstad_EU_2021/files/2723_9_IL37_IL_1F7.txt.gz.annotated.gz.exclusions’: No such file or directory
rm: cannot remove ‘/data/protein_GWAS_ferkingstad_EU_2021/files/2730_58_MICA_MICA.txt.gz.annotated.gz.exclusions’: No such file or directory
rm: cannot remove ‘/data/protein_GWAS_ferkingstad_EU_2021/files/2731_29_POR_NADPH_P450_Oxidoreductase.txt.gz.annotated.gz.exclusions’: No such file or directory
rm: cannot remove ‘/data/protein_GWAS_ferkingstad_EU_2021/files/2732_58_NANOG_NANOG.txt.gz.annotated.gz.exclusions’: No such file or directory
rm: cannot remove ‘/data/protein_GWAS_ferkingstad_EU_2021/files/2734_49_NCR2_NKp44.txt.gz.annotated.gz.exclusions’: No such file or directory
rm: cannot remove ‘/data/protein_GWAS_ferkingstad_EU_2021/files/2737_22_NOV_NovH.txt.gz.annotated.gz.exclusions’: No such file or directory
rm: cannot remove ‘/data/protein_GWAS_ferkingstad_EU_2021/files/2741_22_SIGLEC6_Siglec_6.txt.gz.annotated.gz.exclusions’: No such file or directory
rm: cannot remove ‘/data/protein_GWAS_ferkingstad_EU_2021/files/2742_68_SIGLEC7_Siglec_7.txt.gz.annotated.gz.exclusions’: No such file or directory
rm: cannot remove ‘/data/protein_GWAS_ferkingstad_EU_2021/files/2743_5_SHH_Sonic_Hedgehog.txt.gz.annotated.gz.exclusions’: No such file or directory
rm: cannot remove ‘/data/protein_GWAS_ferkingstad_EU_2021/files/2747_3_ULBP3_ULBP_3.txt.gz.annotated.gz.exclusions’: No such file or directory
rm: cannot remove ‘/data/protein_GWAS_ferkingstad_EU_2021/files/2750_3_APOA1_Apo_A_I.txt.gz.annotated.gz.exclusions’: No such file or directory
rm: cannot remove ‘/data/protein_GWAS_ferkingstad_EU_2021/files/2752_62_GDF5_BMP_14.txt.gz.annotated.gz.exclusions’: No such file or directory
rm: cannot remove ‘/data/protein_GWAS_ferkingstad_EU_2021/files/2754_50_C3_C3.txt.gz.annotated.gz.exclusions’: No such file or directory
rm: cannot remove ‘/data/protein_GWAS_ferkingstad_EU_2021/files/2760_2_FAM107A_DRR1.txt.gz.annotated.gz.exclusions’: No such file or directory
rm: cannot remove ‘/data/protein_GWAS_ferkingstad_EU_2021/files/2761_49_FGF18_FGF_18.txt.gz.annotated.gz.exclusions’: No such file or directory
rm: cannot remove ‘/data/protein_GWAS_ferkingstad_EU_2021/files/2763_66_FGF20_FGF_20.txt.gz.annotated.gz.exclusions’: No such file or directory
rm: cannot remove ‘/data/protein_GWAS_ferkingstad_EU_2021/files/2770_51_CCL1_I_309.txt.gz.annotated.gz.exclusions’: No such file or directory
rm: cannot remove ‘/data/protein_GWAS_ferkingstad_EU_2021/files/2771_35_IGFBP1_IGFBP_1.txt.gz.annotated.gz.exclusions’: No such file or directory
rm: cannot remove ‘/data/protein_GWAS_ferkingstad_EU_2021/files/2773_50_IL10_IL_10.txt.gz.annotated.gz.exclusions’: No such file or directory
rm: cannot remove ‘/data/protein_GWAS_ferkingstad_EU_2021/files/2774_10_IL16_IL_16.txt.gz.annotated.gz.exclusions’: No such file or directory
rm: cannot remove ‘/data/protein_GWAS_ferkingstad_EU_2021/files/2778_10_IL22_IL_22.txt.gz.annotated.gz.exclusions’: No such file or directory
rm: cannot remove ‘/data/protein_GWAS_ferkingstad_EU_2021/files/2780_35_LTF_Lactoferrin.txt.gz.annotated.gz.exclusions’: No such file or directory
rm: cannot remove ‘/data/protein_GWAS_ferkingstad_EU_2021/files/2781_63_CCL4L1_LAG_1.txt.gz.annotated.gz.exclusions’: No such file or directory
rm: cannot remove ‘/data/protein_GWAS_ferkingstad_EU_2021/files/2783_18_CCL3L1_LD78_beta.txt.gz.annotated.gz.exclusions’: No such file or directory
rm: cannot remove ‘/data/protein_GWAS_ferkingstad_EU_2021/files/2788_55_MMP3_MMP_3.txt.gz.annotated.gz.exclusions’: No such file or directory
rm: cannot remove ‘/data/protein_GWAS_ferkingstad_EU_2021/files/2789_26_MMP7_MMP_7.txt.gz.annotated.gz.exclusions’: No such file or directory
rm: cannot remove ‘/data/protein_GWAS_ferkingstad_EU_2021/files/2790_54_PPBP_NAP_2.txt.gz.annotated.gz.exclusions’: No such file or directory
rm: cannot remove ‘/data/protein_GWAS_ferkingstad_EU_2021/files/2794_60_SOD1_SOD.txt.gz.annotated.gz.exclusions’: No such file or directory
rm: cannot remove ‘/data/protein_GWAS_ferkingstad_EU_2021/files/2797_56_APOB_Apo_B.txt.gz.annotated.gz.exclusions’: No such file or directory
rm: cannot remove ‘/data/protein_GWAS_ferkingstad_EU_2021/files/2805_6_ACE2_ACE2.txt.gz.annotated.gz.exclusions’: No such file or directory
rm: cannot remove ‘/data/protein_GWAS_ferkingstad_EU_2021/files/2806_49_ACVR1B_Activin_RIB.txt.gz.annotated.gz.exclusions’: No such file or directory
rm: cannot remove ‘/data/protein_GWAS_ferkingstad_EU_2021/files/2809_25_ADAMTS4_ADAMTS_4.txt.gz.annotated.gz.exclusions’: No such file or directory
rm: cannot remove ‘/data/protein_GWAS_ferkingstad_EU_2021/files/2811_27_ANGPT1_Angiopoietin_1.txt.gz.annotated.gz.exclusions’: No such file or directory
rm: cannot remove ‘/data/protein_GWAS_ferkingstad_EU_2021/files/2813_11_AGRP_ART.txt.gz.annotated.gz.exclusions’: No such file or directory
rm: cannot remove ‘/data/protein_GWAS_ferkingstad_EU_2021/files/2816_50_BCAM_BCAM.txt.gz.annotated.gz.exclusions’: No such file or directory
rm: cannot remove ‘/data/protein_GWAS_ferkingstad_EU_2021/files/2819_23_CDH5_Cadherin_5.txt.gz.annotated.gz.exclusions’: No such file or directory
rm: cannot remove ‘/data/protein_GWAS_ferkingstad_EU_2021/files/2823_7_COMMD7_COMMD7.txt.gz.annotated.gz.exclusions’: No such file or directory
rm: cannot remove ‘/data/protein_GWAS_ferkingstad_EU_2021/files/2826_53_EDA_EDA.txt.gz.annotated.gz.exclusions’: No such file or directory
rm: cannot remove ‘/data/protein_GWAS_ferkingstad_EU_2021/files/2827_23_CX3CL1_Fractalkine_CX3CL_1.txt.gz.annotated.gz.exclusions’: No such file or directory
rm: cannot remove ‘/data/protein_GWAS_ferkingstad_EU_2021/files/2828_82_SPINT1_HAI_1.txt.gz.annotated.gz.exclusions’: No such file or directory
rm: cannot remove ‘/data/protein_GWAS_ferkingstad_EU_2021/files/2831_29_KLK11_Kallikrein_11.txt.gz.annotated.gz.exclusions’: No such file or directory
rm: cannot remove ‘/data/protein_GWAS_ferkingstad_EU_2021/files/2833_20_KLK4_Kallikrein_4.txt.gz.annotated.gz.exclusions’: No such file or directory
rm: cannot remove ‘/data/protein_GWAS_ferkingstad_EU_2021/files/2834_54_KLK8_kallikrein_8.txt.gz.annotated.gz.exclusions’: No such file or directory
rm: cannot remove ‘/data/protein_GWAS_ferkingstad_EU_2021/files/2835_1_XRCC6_Ku70.txt.gz.annotated.gz.exclusions’: No such file or directory
rm: cannot remove ‘/data/protein_GWAS_ferkingstad_EU_2021/files/2836_68_LCN2_Lipocalin_2.txt.gz.annotated.gz.exclusions’: No such file or directory
rm: cannot remove ‘/data/protein_GWAS_ferkingstad_EU_2021/files/2837_3_MET_Met.txt.gz.annotated.gz.exclusions’: No such file or directory
rm: cannot remove ‘/data/protein_GWAS_ferkingstad_EU_2021/files/2838_53_MMP17_MMP_17.txt.gz.annotated.gz.exclusions’: No such file or directory
rm: cannot remove ‘/data/protein_GWAS_ferkingstad_EU_2021/files/2839_2_TNFSF4_OX40_Ligand.txt.gz.annotated.gz.exclusions’: No such file or directory
rm: cannot remove ‘/data/protein_GWAS_ferkingstad_EU_2021/files/2843_13_SPINT2_SPINT2.txt.gz.annotated.gz.exclusions’: No such file or directory
rm: cannot remove ‘/data/protein_GWAS_ferkingstad_EU_2021/files/2844_53_TIE1_sTie_1.txt.gz.annotated.gz.exclusions’: No such file or directory
rm: cannot remove ‘/data/protein_GWAS_ferkingstad_EU_2021/files/2846_24_RPS27A_Ubiquitin1.txt.gz.annotated.gz.exclusions’: No such file or directory
rm: cannot remove ‘/data/protein_GWAS_ferkingstad_EU_2021/files/2849_49_AIF1_AIF1.txt.gz.annotated.gz.exclusions’: No such file or directory
rm: cannot remove ‘/data/protein_GWAS_ferkingstad_EU_2021/files/2851_63_C5_C5a.txt.gz.annotated.gz.exclusions’: No such file or directory
rm: cannot remove ‘/data/protein_GWAS_ferkingstad_EU_2021/files/2853_68_CHEK1_CHK1.txt.gz.annotated.gz.exclusions’: No such file or directory
rm: cannot remove ‘/data/protein_GWAS_ferkingstad_EU_2021/files/2855_49_MAPK3_ERK_1.txt.gz.annotated.gz.exclusions’: No such file or directory
rm: cannot remove ‘/data/protein_GWAS_ferkingstad_EU_2021/files/2859_69_HDAC8_HDAC8.txt.gz.annotated.gz.exclusions’: No such file or directory
rm: cannot remove ‘/data/protein_GWAS_ferkingstad_EU_2021/files/2860_19_KPNA2_Karyopherin_a2.txt.gz.annotated.gz.exclusions’: No such file or directory
rm: cannot remove ‘/data/protein_GWAS_ferkingstad_EU_2021/files/2864_2_MAP2K1_MEK1.txt.gz.annotated.gz.exclusions’: No such file or directory
rm: cannot remove ‘/data/protein_GWAS_ferkingstad_EU_2021/files/2870_29_RAC1_RAC1.txt.gz.annotated.gz.exclusions’: No such file or directory
rm: cannot remove ‘/data/protein_GWAS_ferkingstad_EU_2021/files/2871_73_RAD51_RAD51.txt.gz.annotated.gz.exclusions’: No such file or directory
rm: cannot remove ‘/data/protein_GWAS_ferkingstad_EU_2021/files/2875_15_TBP_TBP.txt.gz.annotated.gz.exclusions’: No such file or directory
rm: cannot remove ‘/data/protein_GWAS_ferkingstad_EU_2021/files/2876_74_TOP1_Topoisomerase_I.txt.gz.annotated.gz.exclusions’: No such file or directory
rm: cannot remove ‘/data/protein_GWAS_ferkingstad_EU_2021/files/2877_3_UBE2I_UBC9.txt.gz.annotated.gz.exclusions’: No such file or directory
rm: cannot remove ‘/data/protein_GWAS_ferkingstad_EU_2021/files/2878_66_YES1_YES.txt.gz.annotated.gz.exclusions’: No such file or directory
rm: cannot remove ‘/data/protein_GWAS_ferkingstad_EU_2021/files/2879_9_SERPINA3_a1_Antichymotrypsin.txt.gz.annotated.gz.exclusions’: No such file or directory
rm: cannot remove ‘/data/protein_GWAS_ferkingstad_EU_2021/files/2888_49_C7_C7.txt.gz.annotated.gz.exclusions’: No such file or directory
rm: cannot remove ‘/data/protein_GWAS_ferkingstad_EU_2021/files/2889_37_CTF1_Cardiotrophin_1.txt.gz.annotated.gz.exclusions’: No such file or directory
rm: cannot remove ‘/data/protein_GWAS_ferkingstad_EU_2021/files/2890_59_CCL28_CCL28.txt.gz.annotated.gz.exclusions’: No such file or directory
rm: cannot remove ‘/data/protein_GWAS_ferkingstad_EU_2021/files/2900_53_CCL14_HCC_1.txt.gz.annotated.gz.exclusions’: No such file or directory
rm: cannot remove ‘/data/protein_GWAS_ferkingstad_EU_2021/files/2906_55_IL4_IL_4.txt.gz.annotated.gz.exclusions’: No such file or directory
rm: cannot remove ‘/data/protein_GWAS_ferkingstad_EU_2021/files/2911_27_MDK_Midkine.txt.gz.annotated.gz.exclusions’: No such file or directory
rm: cannot remove ‘/data/protein_GWAS_ferkingstad_EU_2021/files/2913_1_CCL23_MPIF_1.txt.gz.annotated.gz.exclusions’: No such file or directory
rm: cannot remove ‘/data/protein_GWAS_ferkingstad_EU_2021/files/2925_9_SERPINE1_PAI_1.txt.gz.annotated.gz.exclusions’: No such file or directory
rm: cannot remove ‘/data/protein_GWAS_ferkingstad_EU_2021/files/2939_10_ARTN_Artemin.txt.gz.annotated.gz.exclusions’: No such file or directory
rm: cannot remove ‘/data/protein_GWAS_ferkingstad_EU_2021/files/2942_50_CYCS_Cytochrome_c.txt.gz.annotated.gz.exclusions’: No such file or directory
rm: cannot remove ‘/data/protein_GWAS_ferkingstad_EU_2021/files/2943_5_CYP3A4_Cytochrome_P450_3A4.txt.gz.annotated.gz.exclusions’: No such file or directory
rm: cannot remove ‘/data/protein_GWAS_ferkingstad_EU_2021/files/2944_66_NBL1_DAN.txt.gz.annotated.gz.exclusions’: No such file or directory
rm: cannot remove ‘/data/protein_GWAS_ferkingstad_EU_2021/files/2946_52_CFD_Factor_D.txt.gz.annotated.gz.exclusions’: No such file or directory
rm: cannot remove ‘/data/protein_GWAS_ferkingstad_EU_2021/files/2948_58_GHR_Growth_hormone_receptor.txt.gz.annotated.gz.exclusions’: No such file or directory
rm: cannot remove ‘/data/protein_GWAS_ferkingstad_EU_2021/files/2949_6_PLA2G10_GX.txt.gz.annotated.gz.exclusions’: No such file or directory
rm: cannot remove ‘/data/protein_GWAS_ferkingstad_EU_2021/files/2950_57_IGFBP4_IGFBP_4.txt.gz.annotated.gz.exclusions’: No such file or directory
rm: cannot remove ‘/data/protein_GWAS_ferkingstad_EU_2021/files/2952_75_IGF1_IGF_I.txt.gz.annotated.gz.exclusions’: No such file or directory
rm: cannot remove ‘/data/protein_GWAS_ferkingstad_EU_2021/files/2960_66_CFP_Properdin.txt.gz.annotated.gz.exclusions’: No such file or directory
rm: cannot remove ‘/data/protein_GWAS_ferkingstad_EU_2021/files/2961_1_PROC_Protein_C.txt.gz.annotated.gz.exclusions’: No such file or directory
rm: cannot remove ‘/data/protein_GWAS_ferkingstad_EU_2021/files/2962_50_PTHLH_PTHrP.txt.gz.annotated.gz.exclusions’: No such file or directory
rm: cannot remove ‘/data/protein_GWAS_ferkingstad_EU_2021/files/2966_65_CLEC11A_SCGF_beta.txt.gz.annotated.gz.exclusions’: No such file or directory
rm: cannot remove ‘/data/protein_GWAS_ferkingstad_EU_2021/files/2967_8_VCAM1_VCAM_1.txt.gz.annotated.gz.exclusions’: No such file or directory
rm: cannot remove ‘/data/protein_GWAS_ferkingstad_EU_2021/files/2968_61_TNFSF15_TNFSF15.txt.gz.annotated.gz.exclusions’: No such file or directory
rm: cannot remove ‘/data/protein_GWAS_ferkingstad_EU_2021/files/2970_60_AREG_AREG.txt.gz.annotated.gz.exclusions’: No such file or directory
rm: cannot remove ‘/data/protein_GWAS_ferkingstad_EU_2021/files/2972_57_BMP7_BMP_7.txt.gz.annotated.gz.exclusions’: No such file or directory
rm: cannot remove ‘/data/protein_GWAS_ferkingstad_EU_2021/files/2973_15_CD36_CD36_ANTIGEN.txt.gz.annotated.gz.exclusions’: No such file or directory
rm: cannot remove ‘/data/protein_GWAS_ferkingstad_EU_2021/files/2974_61_CNTN1_contactin_1.txt.gz.annotated.gz.exclusions’: No such file or directory
rm: cannot remove ‘/data/protein_GWAS_ferkingstad_EU_2021/files/2975_19_CTGF_CTGF.txt.gz.annotated.gz.exclusions’: No such file or directory
rm: cannot remove ‘/data/protein_GWAS_ferkingstad_EU_2021/files/2976_58_DSG1_Desmoglein_1.txt.gz.annotated.gz.exclusions’: No such file or directory
rm: cannot remove ‘/data/protein_GWAS_ferkingstad_EU_2021/files/2977_7_EDAR_EDAR.txt.gz.annotated.gz.exclusions’: No such file or directory
rm: cannot remove ‘/data/protein_GWAS_ferkingstad_EU_2021/files/2979_8_CXCL5_ENA_78.txt.gz.annotated.gz.exclusions’: No such file or directory
rm: cannot remove ‘/data/protein_GWAS_ferkingstad_EU_2021/files/2982_82_LGALS4_Galectin_4.txt.gz.annotated.gz.exclusions’: No such file or directory
rm: cannot remove ‘/data/protein_GWAS_ferkingstad_EU_2021/files/2985_35_CXCL1_Gro_a.txt.gz.annotated.gz.exclusions’: No such file or directory
rm: cannot remove ‘/data/protein_GWAS_ferkingstad_EU_2021/files/2987_37_HIST1H1C_Histone_H1_2.txt.gz.annotated.gz.exclusions’: No such file or directory
rm: cannot remove ‘/data/protein_GWAS_ferkingstad_EU_2021/files/2991_9_IL1R1_IL_1_sRI.txt.gz.annotated.gz.exclusions’: No such file or directory
rm: cannot remove ‘/data/protein_GWAS_ferkingstad_EU_2021/files/2992_59_IL17RA_IL_17_sR.txt.gz.annotated.gz.exclusions’: No such file or directory
rm: cannot remove ‘/data/protein_GWAS_ferkingstad_EU_2021/files/2993_1_IL18RAP_IL_18_Rb.txt.gz.annotated.gz.exclusions’: No such file or directory
rm: cannot remove ‘/data/protein_GWAS_ferkingstad_EU_2021/files/2994_71_IL1RL2_IL_1Rrp2.txt.gz.annotated.gz.exclusions’: No such file or directory
rm: cannot remove ‘/data/protein_GWAS_ferkingstad_EU_2021/files/2997_8_JAM2_JAM_B.txt.gz.annotated.gz.exclusions’: No such file or directory
rm: cannot remove ‘/data/protein_GWAS_ferkingstad_EU_2021/files/2998_53_JAM3_JAM_C.txt.gz.annotated.gz.exclusions’: No such file or directory
rm: cannot remove ‘/data/protein_GWAS_ferkingstad_EU_2021/files/2999_6_LSAMP_LSAMP.txt.gz.annotated.gz.exclusions’: No such file or directory
rm: cannot remove ‘/data/protein_GWAS_ferkingstad_EU_2021/files/3000_66_MBL2_MBL.txt.gz.annotated.gz.exclusions’: No such file or directory
rm: cannot remove ‘/data/protein_GWAS_ferkingstad_EU_2021/files/3003_29_NCR3_NKp30.txt.gz.annotated.gz.exclusions’: No such file or directory
rm: cannot remove ‘/data/protein_GWAS_ferkingstad_EU_2021/files/3004_67_PDCD1LG2_PD_L2.txt.gz.annotated.gz.exclusions’: No such file or directory
rm: cannot remove ‘/data/protein_GWAS_ferkingstad_EU_2021/files/3005_5_PTPN1_PTP_1B.txt.gz.annotated.gz.exclusions’: No such file or directory
rm: cannot remove ‘/data/protein_GWAS_ferkingstad_EU_2021/files/3007_7_SIGLEC9_Siglec_9.txt.gz.annotated.gz.exclusions’: No such file or directory
rm: cannot remove ‘/data/protein_GWAS_ferkingstad_EU_2021/files/3009_3_TGFBR3_TGF_b_R_III.txt.gz.annotated.gz.exclusions’: No such file or directory
rm: cannot remove ‘/data/protein_GWAS_ferkingstad_EU_2021/files/3010_53_TSLP_TSLP.txt.gz.annotated.gz.exclusions’: No such file or directory
rm: cannot remove ‘/data/protein_GWAS_ferkingstad_EU_2021/files/3022_4_CTLA4_CTLA_4.txt.gz.annotated.gz.exclusions’: No such file or directory
rm: cannot remove ‘/data/protein_GWAS_ferkingstad_EU_2021/files/3024_18_SERPINF2_a2_Antiplasmin.txt.gz.annotated.gz.exclusions’: No such file or directory
rm: cannot remove ‘/data/protein_GWAS_ferkingstad_EU_2021/files/3025_50_FGF2_bFGF.txt.gz.annotated.gz.exclusions’: No such file or directory
rm: cannot remove ‘/data/protein_GWAS_ferkingstad_EU_2021/files/3026_5_CAST_Calpastatin.txt.gz.annotated.gz.exclusions’: No such file or directory
rm: cannot remove ‘/data/protein_GWAS_ferkingstad_EU_2021/files/3028_36_CCL23_Ck_b_8_1.txt.gz.annotated.gz.exclusions’: No such file or directory
rm: cannot remove ‘/data/protein_GWAS_ferkingstad_EU_2021/files/3029_52_CD209_DC_SIGN.txt.gz.annotated.gz.exclusions’: No such file or directory
rm: cannot remove ‘/data/protein_GWAS_ferkingstad_EU_2021/files/3030_3_CLEC4M_DC_SIGNR.txt.gz.annotated.gz.exclusions’: No such file or directory
rm: cannot remove ‘/data/protein_GWAS_ferkingstad_EU_2021/files/3033_57_LGALS2_Galectin_2.txt.gz.annotated.gz.exclusions’: No such file or directory
rm: cannot remove ‘/data/protein_GWAS_ferkingstad_EU_2021/files/3034_1_GFAP_GFAP.txt.gz.annotated.gz.exclusions’: No such file or directory
rm: cannot remove ‘/data/protein_GWAS_ferkingstad_EU_2021/files/3035_80_IL19_IL_19.txt.gz.annotated.gz.exclusions’: No such file or directory
rm: cannot remove ‘/data/protein_GWAS_ferkingstad_EU_2021/files/3037_62_IL1B_IL_1b.txt.gz.annotated.gz.exclusions’: No such file or directory
rm: cannot remove ‘/data/protein_GWAS_ferkingstad_EU_2021/files/3038_9_CXCL11_I_TAC.txt.gz.annotated.gz.exclusions’: No such file or directory
rm: cannot remove ‘/data/protein_GWAS_ferkingstad_EU_2021/files/3040_59_CCL3_MIP_1a.txt.gz.annotated.gz.exclusions’: No such file or directory
rm: cannot remove ‘/data/protein_GWAS_ferkingstad_EU_2021/files/3041_55_MRC2_MRC2.txt.gz.annotated.gz.exclusions’: No such file or directory
rm: cannot remove ‘/data/protein_GWAS_ferkingstad_EU_2021/files/3042_7_MB_Myoglobin.txt.gz.annotated.gz.exclusions’: No such file or directory
rm: cannot remove ‘/data/protein_GWAS_ferkingstad_EU_2021/files/3043_49_SPARC_ON.txt.gz.annotated.gz.exclusions’: No such file or directory
rm: cannot remove ‘/data/protein_GWAS_ferkingstad_EU_2021/files/3044_3_CCL18_PARC.txt.gz.annotated.gz.exclusions’: No such file or directory
rm: cannot remove ‘/data/protein_GWAS_ferkingstad_EU_2021/files/3045_72_PTN_PTN.txt.gz.annotated.gz.exclusions’: No such file or directory
rm: cannot remove ‘/data/protein_GWAS_ferkingstad_EU_2021/files/3046_31_RETN_resistin.txt.gz.annotated.gz.exclusions’: No such file or directory
rm: cannot remove ‘/data/protein_GWAS_ferkingstad_EU_2021/files/3049_61_PRSS1_Trypsin.txt.gz.annotated.gz.exclusions’: No such file or directory
rm: cannot remove ‘/data/protein_GWAS_ferkingstad_EU_2021/files/3050_7_VWF_vWF.txt.gz.annotated.gz.exclusions’: No such file or directory
rm: cannot remove ‘/data/protein_GWAS_ferkingstad_EU_2021/files/3052_8_FASLG_Fas_ligand__soluble.txt.gz.annotated.gz.exclusions’: No such file or directory
rm: cannot remove ‘/data/protein_GWAS_ferkingstad_EU_2021/files/3054_3_HP_Haptoglobin__Mixed_Type.txt.gz.annotated.gz.exclusions’: No such file or directory
rm: cannot remove ‘/data/protein_GWAS_ferkingstad_EU_2021/files/3055_54_IL4R_IL_4_sR.txt.gz.annotated.gz.exclusions’: No such file or directory
rm: cannot remove ‘/data/protein_GWAS_ferkingstad_EU_2021/files/3057_55_WISP1_WISP_1.txt.gz.annotated.gz.exclusions’: No such file or directory
rm: cannot remove ‘/data/protein_GWAS_ferkingstad_EU_2021/files/3059_50_TNFSF13B_BAFF.txt.gz.annotated.gz.exclusions’: No such file or directory
rm: cannot remove ‘/data/protein_GWAS_ferkingstad_EU_2021/files/3060_43_C9_C9.txt.gz.annotated.gz.exclusions’: No such file or directory
rm: cannot remove ‘/data/protein_GWAS_ferkingstad_EU_2021/files/3065_65_FGF5_FGF_5.txt.gz.annotated.gz.exclusions’: No such file or directory
rm: cannot remove ‘/data/protein_GWAS_ferkingstad_EU_2021/files/3066_12_LGALS3_Galectin_3.txt.gz.annotated.gz.exclusions’: No such file or directory
rm: cannot remove ‘/data/protein_GWAS_ferkingstad_EU_2021/files/3067_67_GDF9_GDF_9.txt.gz.annotated.gz.exclusions’: No such file or directory
rm: cannot remove ‘/data/protein_GWAS_ferkingstad_EU_2021/files/3070_1_IL2_IL_2.txt.gz.annotated.gz.exclusions’: No such file or directory
rm: cannot remove ‘/data/protein_GWAS_ferkingstad_EU_2021/files/3072_4_IL13_IL_13.txt.gz.annotated.gz.exclusions’: No such file or directory
rm: cannot remove ‘/data/protein_GWAS_ferkingstad_EU_2021/files/3073_51_IL18BP_IL_18_BPa.txt.gz.annotated.gz.exclusions’: No such file or directory
rm: cannot remove ‘/data/protein_GWAS_ferkingstad_EU_2021/files/3074_6_LBP_LBP.txt.gz.annotated.gz.exclusions’: No such file or directory
rm: cannot remove ‘/data/protein_GWAS_ferkingstad_EU_2021/files/3077_66_F10_Coagulation_Factor_Xa.txt.gz.annotated.gz.exclusions’: No such file or directory
rm: cannot remove ‘/data/protein_GWAS_ferkingstad_EU_2021/files/3078_1_PGF_PlGF.txt.gz.annotated.gz.exclusions’: No such file or directory
rm: cannot remove ‘/data/protein_GWAS_ferkingstad_EU_2021/files/3079_62_RARRES2_TIG2.txt.gz.annotated.gz.exclusions’: No such file or directory
rm: cannot remove ‘/data/protein_GWAS_ferkingstad_EU_2021/files/3081_70_ULBP1_ULBP_1.txt.gz.annotated.gz.exclusions’: No such file or directory
rm: cannot remove ‘/data/protein_GWAS_ferkingstad_EU_2021/files/3082_9_ULBP2_ULBP_2.txt.gz.annotated.gz.exclusions’: No such file or directory
rm: cannot remove ‘/data/protein_GWAS_ferkingstad_EU_2021/files/3083_71_EDA2R_XEDAR.txt.gz.annotated.gz.exclusions’: No such file or directory
rm: cannot remove ‘/data/protein_GWAS_ferkingstad_EU_2021/files/3091_70_AURKA_Aurora_kinase_A.txt.gz.annotated.gz.exclusions’: No such file or directory
rm: cannot remove ‘/data/protein_GWAS_ferkingstad_EU_2021/files/3115_64_MAPK1_MK01.txt.gz.annotated.gz.exclusions’: No such file or directory
rm: cannot remove ‘/data/protein_GWAS_ferkingstad_EU_2021/files/3122_6_DIABLO_SMAC.txt.gz.annotated.gz.exclusions’: No such file or directory
rm: cannot remove ‘/data/protein_GWAS_ferkingstad_EU_2021/files/3132_1_VEGFC_VEGF_C.txt.gz.annotated.gz.exclusions’: No such file or directory
rm: cannot remove ‘/data/protein_GWAS_ferkingstad_EU_2021/files/3143_3_CD4_sCD4.txt.gz.annotated.gz.exclusions’: No such file or directory
rm: cannot remove ‘/data/protein_GWAS_ferkingstad_EU_2021/files/3151_6_IL2RA_IL_2_sRa.txt.gz.annotated.gz.exclusions’: No such file or directory
rm: cannot remove ‘/data/protein_GWAS_ferkingstad_EU_2021/files/3152_57_TNFRSF1B_TNF_sR_II.txt.gz.annotated.gz.exclusions’: No such file or directory
rm: cannot remove ‘/data/protein_GWAS_ferkingstad_EU_2021/files/3166_92_CD33_Siglec_3.txt.gz.annotated.gz.exclusions’: No such file or directory
rm: cannot remove ‘/data/protein_GWAS_ferkingstad_EU_2021/files/3168_8_ADAMTS5_ADAMTS_5.txt.gz.annotated.gz.exclusions’: No such file or directory
rm: cannot remove ‘/data/protein_GWAS_ferkingstad_EU_2021/files/3169_70_IDUA_IDUA.txt.gz.annotated.gz.exclusions’: No such file or directory
rm: cannot remove ‘/data/protein_GWAS_ferkingstad_EU_2021/files/3170_6_METAP2_AMPM2.txt.gz.annotated.gz.exclusions’: No such file or directory
rm: cannot remove ‘/data/protein_GWAS_ferkingstad_EU_2021/files/3171_57_APP_amyloid_precursor_protein.txt.gz.annotated.gz.exclusions’: No such file or directory
rm: cannot remove ‘/data/protein_GWAS_ferkingstad_EU_2021/files/3172_28_ARSB_ARSB.txt.gz.annotated.gz.exclusions’: No such file or directory
rm: cannot remove ‘/data/protein_GWAS_ferkingstad_EU_2021/files/3173_49_NAAA_ASAHL.txt.gz.annotated.gz.exclusions’: No such file or directory
rm: cannot remove ‘/data/protein_GWAS_ferkingstad_EU_2021/files/3174_2_ADAMTS1_ATS1.txt.gz.annotated.gz.exclusions’: No such file or directory
rm: cannot remove ‘/data/protein_GWAS_ferkingstad_EU_2021/files/3175_51_ADAMTS13_ATS13.txt.gz.annotated.gz.exclusions’: No such file or directory
rm: cannot remove ‘/data/protein_GWAS_ferkingstad_EU_2021/files/3178_5_CTSC_CATC.txt.gz.annotated.gz.exclusions’: No such file or directory
rm: cannot remove ‘/data/protein_GWAS_ferkingstad_EU_2021/files/3179_51_CTSA_Cathepsin_A.txt.gz.annotated.gz.exclusions’: No such file or directory
