mkdir: cannot create directory ‘cis_snps/’: File exists
gzip: FILE.gz: No such file or directory
mv: cannot stat ‘FILE.unzipped.cis’: No such file or directory
mv: cannot stat ‘10511_10_COL6A3_Collagen_alpha_3_VI_.txt.gz.annotated.gz.exclusions.gz.alleles.gz.unzipped.cis’: No such file or directory
mv: cannot stat ‘10514_5_PTGDS_PGD2_synthase.txt.gz.annotated.gz.exclusions.gz.alleles.gz.unzipped.cis’: No such file or directory
mv: cannot stat ‘10737_96_SERPINB1_Serpin_B1.txt.gz.annotated.gz.exclusions.gz.alleles.gz.unzipped.cis’: No such file or directory
mv: cannot stat ‘10800_15_SERPINH1_Collagen_binding_protein.txt.gz.annotated.gz.exclusions.gz.alleles.gz.unzipped.cis’: No such file or directory
mv: cannot stat ‘11103_24_HSPB1_HSP_27.txt.gz.annotated.gz.exclusions.gz.alleles.gz.unzipped.cis’: No such file or directory
mv: cannot stat ‘11105_171_ENO1_Alpha_enolase.txt.gz.annotated.gz.exclusions.gz.alleles.gz.unzipped.cis’: No such file or directory
mv: cannot stat ‘11152_46_KLK13_kallikrein_13.txt.gz.annotated.gz.exclusions.gz.alleles.gz.unzipped.cis’: No such file or directory
mv: cannot stat ‘11196_31_COL6A3_Collagen_alpha_3_VI_.txt.gz.annotated.gz.exclusions.gz.alleles.gz.unzipped.cis’: No such file or directory
mv: cannot stat ‘11265_8_ALDH1A1_Retinal_dehydrogenase_1.txt.gz.annotated.gz.exclusions.gz.alleles.gz.unzipped.cis’: No such file or directory
mv: cannot stat ‘11287_14_CYB5A_Cytochrome_b5.txt.gz.annotated.gz.exclusions.gz.alleles.gz.unzipped.cis’: No such file or directory
mv: cannot stat ‘11390_24_CA8_Carbonic_Anhydrase_VIII.txt.gz.annotated.gz.exclusions.gz.alleles.gz.unzipped.cis’: No such file or directory
mv: cannot stat ‘11480_1_ALDH3A1_Aldehyde_dehydrogenase__class_3.txt.gz.annotated.gz.exclusions.gz.alleles.gz.unzipped.cis’: No such file or directory
mv: cannot stat ‘11510_31_APOL1_Apo_L1.txt.gz.annotated.gz.exclusions.gz.alleles.gz.unzipped.cis’: No such file or directory
mv: cannot stat ‘12370_30_APOF_Apo_F.txt.gz.annotated.gz.exclusions.gz.alleles.gz.unzipped.cis’: No such file or directory
mv: cannot stat ‘12436_84_GSTO1_GST_omega_1.txt.gz.annotated.gz.exclusions.gz.alleles.gz.unzipped.cis’: No such file or directory
mv: cannot stat ‘12975_11_KRT20_Keratin_20.txt.gz.annotated.gz.exclusions.gz.alleles.gz.unzipped.cis’: No such file or directory
mv: cannot stat ‘13499_30_F8_Coagulation_Factor_VIII.txt.gz.annotated.gz.exclusions.gz.alleles.gz.unzipped.cis’: No such file or directory
mv: cannot stat ‘13580_2_UAP1_Sperm_associated_antigen_2.txt.gz.annotated.gz.exclusions.gz.alleles.gz.unzipped.cis’: No such file or directory
mv: cannot stat ‘13666_222_CA10_Carbonic_Anhydrase_X.txt.gz.annotated.gz.exclusions.gz.alleles.gz.unzipped.cis’: No such file or directory
mv: cannot stat ‘13682_47_CSF1R_M_CSF_R.txt.gz.annotated.gz.exclusions.gz.alleles.gz.unzipped.cis’: No such file or directory
mv: cannot stat ‘13686_2_IL5RA_IL_5_Ra.txt.gz.annotated.gz.exclusions.gz.alleles.gz.unzipped.cis’: No such file or directory
mv: cannot stat ‘13733_5_IL12B_IL_12_p40.txt.gz.annotated.gz.exclusions.gz.alleles.gz.unzipped.cis’: No such file or directory
mv: cannot stat ‘13944_3_SULT1A3_SULT_1A3.txt.gz.annotated.gz.exclusions.gz.alleles.gz.unzipped.cis’: No such file or directory
mv: cannot stat ‘14048_7_IL1RAP_IL_1_R_AcP.txt.gz.annotated.gz.exclusions.gz.alleles.gz.unzipped.cis’: No such file or directory
mv: cannot stat ‘14079_14_IL18R1_IL_18_Ra.txt.gz.annotated.gz.exclusions.gz.alleles.gz.unzipped.cis’: No such file or directory
mv: cannot stat ‘14091_42_CBR3_Carbonyl_reductase_3.txt.gz.annotated.gz.exclusions.gz.alleles.gz.unzipped.cis’: No such file or directory
mv: cannot stat ‘14101_2_CNTFR_CNTFR_alpha.txt.gz.annotated.gz.exclusions.gz.alleles.gz.unzipped.cis’: No such file or directory
mv: cannot stat ‘14133_93_IL1R2_IL_1_sRII.txt.gz.annotated.gz.exclusions.gz.alleles.gz.unzipped.cis’: No such file or directory
mv: cannot stat ‘14158_17_ANXA5_Annexin_V.txt.gz.annotated.gz.exclusions.gz.alleles.gz.unzipped.cis’: No such file or directory
mv: cannot stat ‘14636_25_HRSP12_Ribonuclease_UK114.txt.gz.annotated.gz.exclusions.gz.alleles.gz.unzipped.cis’: No such file or directory
mv: cannot stat ‘15324_58_FTL_Ferritin_light_chain.txt.gz.annotated.gz.exclusions.gz.alleles.gz.unzipped.cis’: No such file or directory
mv: cannot stat ‘15375_49_CPB1_Carboxypeptidase_B1.txt.gz.annotated.gz.exclusions.gz.alleles.gz.unzipped.cis’: No such file or directory
mv: cannot stat ‘15447_45_SORD_Sorbitol_dehydrogenase.txt.gz.annotated.gz.exclusions.gz.alleles.gz.unzipped.cis’: No such file or directory
mv: cannot stat ‘15470_11_HEXB_Hexosaminidase_B.txt.gz.annotated.gz.exclusions.gz.alleles.gz.unzipped.cis’: No such file or directory
mv: cannot stat ‘15521_4_CLSTN1_Alcadein_alpha_1.txt.gz.annotated.gz.exclusions.gz.alleles.gz.unzipped.cis’: No such file or directory
mv: cannot stat ‘15544_25_KLK14_kallikrein_14.txt.gz.annotated.gz.exclusions.gz.alleles.gz.unzipped.cis’: No such file or directory
mv: cannot stat ‘15570_99_CR2_Complement_receptor_type_2.txt.gz.annotated.gz.exclusions.gz.alleles.gz.unzipped.cis’: No such file or directory
mv: cannot stat ‘15585_304_FBLN5_fibulin_5.txt.gz.annotated.gz.exclusions.gz.alleles.gz.unzipped.cis’: No such file or directory
mv: cannot stat ‘15588_17_GLA_galactosidase__alpha.txt.gz.annotated.gz.exclusions.gz.alleles.gz.unzipped.cis’: No such file or directory
mv: cannot stat ‘15589_1_GC_Gc_Globulin__Mixed_Type.txt.gz.annotated.gz.exclusions.gz.alleles.gz.unzipped.cis’: No such file or directory
mv: cannot stat ‘15591_28_GPX1_Glutathione_peroxidase.txt.gz.annotated.gz.exclusions.gz.alleles.gz.unzipped.cis’: No such file or directory
mv: cannot stat ‘15617_8_XCL2_lymphotactin_beta.txt.gz.annotated.gz.exclusions.gz.alleles.gz.unzipped.cis’: No such file or directory
mv: cannot stat ‘16035_8_FLT4_VEGF_sR3.txt.gz.annotated.gz.exclusions.gz.alleles.gz.unzipped.cis’: No such file or directory
mv: cannot stat ‘16057_6_IGF2R_IGF_II_receptor.txt.gz.annotated.gz.exclusions.gz.alleles.gz.unzipped.cis’: No such file or directory
mv: cannot stat ‘16606_85_AKR1B1_Aldose_reductase.txt.gz.annotated.gz.exclusions.gz.alleles.gz.unzipped.cis’: No such file or directory
mv: cannot stat ‘16828_8_COL6A1_Collagen_a1_VI_.txt.gz.annotated.gz.exclusions.gz.alleles.gz.unzipped.cis’: No such file or directory
mv: cannot stat ‘17150_8_HSPE1_HSP_10.txt.gz.annotated.gz.exclusions.gz.alleles.gz.unzipped.cis’: No such file or directory
mv: cannot stat ‘17377_1_AKR1C3_Aldose_reductase_like_C3.txt.gz.annotated.gz.exclusions.gz.alleles.gz.unzipped.cis’: No such file or directory
mv: cannot stat ‘17403_14_ACADSB_acyl_Coenzyme_A_dehydrogenase.txt.gz.annotated.gz.exclusions.gz.alleles.gz.unzipped.cis’: No such file or directory
mv: cannot stat ‘17490_4_SH3BGRL3_SH3BGRL3_like_protein.txt.gz.annotated.gz.exclusions.gz.alleles.gz.unzipped.cis’: No such file or directory
mv: cannot stat ‘17685_9_APOA4_Apo_A_IV.txt.gz.annotated.gz.exclusions.gz.alleles.gz.unzipped.cis’: No such file or directory
mv: cannot stat ‘17722_5_FKBP4_FKBP52_protein.txt.gz.annotated.gz.exclusions.gz.alleles.gz.unzipped.cis’: No such file or directory
mv: cannot stat ‘17787_1_ECHS1_Enoyl_CoA_hydratase.txt.gz.annotated.gz.exclusions.gz.alleles.gz.unzipped.cis’: No such file or directory
mv: cannot stat ‘17794_6_PMM2_Phosphomannomutase_2.txt.gz.annotated.gz.exclusions.gz.alleles.gz.unzipped.cis’: No such file or directory
mv: cannot stat ‘18216_22_IL11RA_IL_11_RA.txt.gz.annotated.gz.exclusions.gz.alleles.gz.unzipped.cis’: No such file or directory
mv: cannot stat ‘18243_9_CMPK1_Cytidylate_kinase.txt.gz.annotated.gz.exclusions.gz.alleles.gz.unzipped.cis’: No such file or directory
mv: cannot stat ‘18307_71_PPA2_PPase_2.txt.gz.annotated.gz.exclusions.gz.alleles.gz.unzipped.cis’: No such file or directory
mv: cannot stat ‘18313_4_ASRGL1_Asparaginase_like_protein_1.txt.gz.annotated.gz.exclusions.gz.alleles.gz.unzipped.cis’: No such file or directory
mv: cannot stat ‘18340_2_PSMB4_Proteasome_beta_chain.txt.gz.annotated.gz.exclusions.gz.alleles.gz.unzipped.cis’: No such file or directory
mv: cannot stat ‘18382_109_COMT_Catechol_O_methyltransferase.txt.gz.annotated.gz.exclusions.gz.alleles.gz.unzipped.cis’: No such file or directory
mv: cannot stat ‘18387_7_ST13_suppression_of_tumorigenicity_13.txt.gz.annotated.gz.exclusions.gz.alleles.gz.unzipped.cis’: No such file or directory
mv: cannot stat ‘18880_81_COL3A1_Collagen_Type_III.txt.gz.annotated.gz.exclusions.gz.alleles.gz.unzipped.cis’: No such file or directory
mv: cannot stat ‘18916_25_ITPA_Inosine_triphosphatase.txt.gz.annotated.gz.exclusions.gz.alleles.gz.unzipped.cis’: No such file or directory
mv: cannot stat ‘18934_50_TGM2_Tissue_transglutaminase.txt.gz.annotated.gz.exclusions.gz.alleles.gz.unzipped.cis’: No such file or directory
mv: cannot stat ‘19194_9_DTD1_Histidyl_tRNA_synthetase_related.txt.gz.annotated.gz.exclusions.gz.alleles.gz.unzipped.cis’: No such file or directory
mv: cannot stat ‘19237_17_DDT_D_dopachrome_decarboxylase.txt.gz.annotated.gz.exclusions.gz.alleles.gz.unzipped.cis’: No such file or directory
mv: cannot stat ‘19251_56_SRGN_Platelet_proteoglycan.txt.gz.annotated.gz.exclusions.gz.alleles.gz.unzipped.cis’: No such file or directory
mv: cannot stat ‘19273_3_GSR_Glutathione_reductase.txt.gz.annotated.gz.exclusions.gz.alleles.gz.unzipped.cis’: No such file or directory
mv: cannot stat ‘19556_12_CR1_Complement_receptor_type_1.txt.gz.annotated.gz.exclusions.gz.alleles.gz.unzipped.cis’: No such file or directory
mv: cannot stat ‘19614_8_TCN1_Holo_TC_I.txt.gz.annotated.gz.exclusions.gz.alleles.gz.unzipped.cis’: No such file or directory
mv: cannot stat ‘2190_55_F11_Coagulation_Factor_XI.txt.gz.annotated.gz.exclusions.gz.alleles.gz.unzipped.cis’: No such file or directory
mv: cannot stat ‘2436_49_CXCL16_CXCL16__soluble.txt.gz.annotated.gz.exclusions.gz.alleles.gz.unzipped.cis’: No such file or directory
mv: cannot stat ‘2567_5_CFI_Factor_I.txt.gz.annotated.gz.exclusions.gz.alleles.gz.unzipped.cis’: No such file or directory
mv: cannot stat ‘2620_4_IL6ST_gp130__soluble.txt.gz.annotated.gz.exclusions.gz.alleles.gz.unzipped.cis’: No such file or directory
mv: cannot stat ‘2631_50_IL10RB_IL_10_Rb.txt.gz.annotated.gz.exclusions.gz.alleles.gz.unzipped.cis’: No such file or directory
mv: cannot stat ‘2632_5_IL12RB1_IL_12_Rb1.txt.gz.annotated.gz.exclusions.gz.alleles.gz.unzipped.cis’: No such file or directory
mv: cannot stat ‘2633_52_IL13RA1_IL_13_Ra1.txt.gz.annotated.gz.exclusions.gz.alleles.gz.unzipped.cis’: No such file or directory
mv: cannot stat ‘2637_77_MRC1_Macrophage_mannose_receptor.txt.gz.annotated.gz.exclusions.gz.alleles.gz.unzipped.cis’: No such file or directory
mv: cannot stat ‘2647_66_GDI2_Rab_GDP_dissociation_inhibitor_beta.txt.gz.annotated.gz.exclusions.gz.alleles.gz.unzipped.cis’: No such file or directory
mv: cannot stat ‘2654_19_TNFRSF1A_TNF_sR_I.txt.gz.annotated.gz.exclusions.gz.alleles.gz.unzipped.cis’: No such file or directory
mv: cannot stat ‘2700_56_PROS1_Protein_S.txt.gz.annotated.gz.exclusions.gz.alleles.gz.unzipped.cis’: No such file or directory
mv: cannot stat ‘2731_29_POR_NADPH_P450_Oxidoreductase.txt.gz.annotated.gz.exclusions.gz.alleles.gz.unzipped.cis’: No such file or directory
mv: cannot stat ‘2743_5_SHH_Sonic_Hedgehog.txt.gz.annotated.gz.exclusions.gz.alleles.gz.unzipped.cis’: No such file or directory
mv: cannot stat ‘2797_56_APOB_Apo_B.txt.gz.annotated.gz.exclusions.gz.alleles.gz.unzipped.cis’: No such file or directory
mv: cannot stat ‘2831_29_KLK11_Kallikrein_11.txt.gz.annotated.gz.exclusions.gz.alleles.gz.unzipped.cis’: No such file or directory
mv: cannot stat ‘2834_54_KLK8_kallikrein_8.txt.gz.annotated.gz.exclusions.gz.alleles.gz.unzipped.cis’: No such file or directory
mv: cannot stat ‘2836_68_LCN2_Lipocalin_2.txt.gz.annotated.gz.exclusions.gz.alleles.gz.unzipped.cis’: No such file or directory
mv: cannot stat ‘2948_58_GHR_Growth_hormone_receptor.txt.gz.annotated.gz.exclusions.gz.alleles.gz.unzipped.cis’: No such file or directory
mv: cannot stat ‘2961_1_PROC_Protein_C.txt.gz.annotated.gz.exclusions.gz.alleles.gz.unzipped.cis’: No such file or directory
mv: cannot stat ‘2973_15_CD36_CD36_ANTIGEN.txt.gz.annotated.gz.exclusions.gz.alleles.gz.unzipped.cis’: No such file or directory
mv: cannot stat ‘2991_9_IL1R1_IL_1_sRI.txt.gz.annotated.gz.exclusions.gz.alleles.gz.unzipped.cis’: No such file or directory
mv: cannot stat ‘2992_59_IL17RA_IL_17_sR.txt.gz.annotated.gz.exclusions.gz.alleles.gz.unzipped.cis’: No such file or directory
mv: cannot stat ‘2993_1_IL18RAP_IL_18_Rb.txt.gz.annotated.gz.exclusions.gz.alleles.gz.unzipped.cis’: No such file or directory
mv: cannot stat ‘3009_3_TGFBR3_TGF_b_R_III.txt.gz.annotated.gz.exclusions.gz.alleles.gz.unzipped.cis’: No such file or directory
mv: cannot stat ‘3073_51_IL18BP_IL_18_BPa.txt.gz.annotated.gz.exclusions.gz.alleles.gz.unzipped.cis’: No such file or directory
mv: cannot stat ‘3151_6_IL2RA_IL_2_sRa.txt.gz.annotated.gz.exclusions.gz.alleles.gz.unzipped.cis’: No such file or directory
mv: cannot stat ‘3171_57_APP_amyloid_precursor_protein.txt.gz.annotated.gz.exclusions.gz.alleles.gz.unzipped.cis’: No such file or directory
mv: cannot stat ‘3184_25_F7_Coagulation_Factor_VII.txt.gz.annotated.gz.exclusions.gz.alleles.gz.unzipped.cis’: No such file or directory
mv: cannot stat ‘3199_54_KLK12_kallikrein_12.txt.gz.annotated.gz.exclusions.gz.alleles.gz.unzipped.cis’: No such file or directory
mv: cannot stat ‘3316_58_SERPIND1_Heparin_cofactor_II.txt.gz.annotated.gz.exclusions.gz.alleles.gz.unzipped.cis’: No such file or directory
mv: cannot stat ‘3326_58_CADM1_Nectin_like_protein_2.txt.gz.annotated.gz.exclusions.gz.alleles.gz.unzipped.cis’: No such file or directory
mv: cannot stat ‘3344_60_SERPINC1_Antithrombin_III.txt.gz.annotated.gz.exclusions.gz.alleles.gz.unzipped.cis’: No such file or directory
mv: cannot stat ‘3352_80_CA6_Carbonic_anhydrase_6.txt.gz.annotated.gz.exclusions.gz.alleles.gz.unzipped.cis’: No such file or directory
mv: cannot stat ‘3364_76_CTSV_Cathepsin_V.txt.gz.annotated.gz.exclusions.gz.alleles.gz.unzipped.cis’: No such file or directory
mv: cannot stat ‘3376_49_IL17RD_IL_17_RD.txt.gz.annotated.gz.exclusions.gz.alleles.gz.unzipped.cis’: No such file or directory
mv: cannot stat ‘3378_49_KLK7_Kallikrein_7.txt.gz.annotated.gz.exclusions.gz.alleles.gz.unzipped.cis’: No such file or directory
mv: cannot stat ‘3420_21_CA13_Carbonic_anhydrase_XIII.txt.gz.annotated.gz.exclusions.gz.alleles.gz.unzipped.cis’: No such file or directory
mv: cannot stat ‘3440_7_GZMA_granzyme_A.txt.gz.annotated.gz.exclusions.gz.alleles.gz.unzipped.cis’: No such file or directory
mv: cannot stat ‘3445_53_IL15RA_IL_15_Ra.txt.gz.annotated.gz.exclusions.gz.alleles.gz.unzipped.cis’: No such file or directory
mv: cannot stat ‘3459_49_PDGFRB_PDGF_Rb.txt.gz.annotated.gz.exclusions.gz.alleles.gz.unzipped.cis’: No such file or directory
mv: cannot stat ‘3534_14_CD40LG_CD40_ligand__soluble.txt.gz.annotated.gz.exclusions.gz.alleles.gz.unzipped.cis’: No such file or directory
mv: cannot stat ‘3583_54_ARSA_Arylsulfatase_A.txt.gz.annotated.gz.exclusions.gz.alleles.gz.unzipped.cis’: No such file or directory
mv: cannot stat ‘3630_27_CADM3_Nectin_like_protein_1.txt.gz.annotated.gz.exclusions.gz.alleles.gz.unzipped.cis’: No such file or directory
mv: cannot stat ‘3651_50_KDR_VEGF_sR2.txt.gz.annotated.gz.exclusions.gz.alleles.gz.unzipped.cis’: No such file or directory
mv: cannot stat ‘3799_11_CA3_Carbonic_anhydrase_III.txt.gz.annotated.gz.exclusions.gz.alleles.gz.unzipped.cis’: No such file or directory
mv: cannot stat ‘3848_14_GAPDH_GAPDH__liver.txt.gz.annotated.gz.exclusions.gz.alleles.gz.unzipped.cis’: No such file or directory
mv: cannot stat ‘3852_19_DNAJB1_HSP_40.txt.gz.annotated.gz.exclusions.gz.alleles.gz.unzipped.cis’: No such file or directory
mv: cannot stat ‘4133_54_GZMB_Granzyme_B.txt.gz.annotated.gz.exclusions.gz.alleles.gz.unzipped.cis’: No such file or directory
mv: cannot stat ‘4187_49_PGD_6_Phosphogluconate_dehydrogenase.txt.gz.annotated.gz.exclusions.gz.alleles.gz.unzipped.cis’: No such file or directory
mv: cannot stat ‘4188_1_AKR7A2_Aflatoxin_B1_aldehyde_reductase.txt.gz.annotated.gz.exclusions.gz.alleles.gz.unzipped.cis’: No such file or directory
mv: cannot stat ‘4232_19_IGF1R_IGF_I_sR.txt.gz.annotated.gz.exclusions.gz.alleles.gz.unzipped.cis’: No such file or directory
mv: cannot stat ‘4234_8_IL1RL1_IL_1_R4.txt.gz.annotated.gz.exclusions.gz.alleles.gz.unzipped.cis’: No such file or directory
mv: cannot stat ‘4249_64_NME2_NDP_kinase_B.txt.gz.annotated.gz.exclusions.gz.alleles.gz.unzipped.cis’: No such file or directory
mv: cannot stat ‘4276_10_PEBP1_prostatic_binding_protein.txt.gz.annotated.gz.exclusions.gz.alleles.gz.unzipped.cis’: No such file or directory
mv: cannot stat ‘4278_14_P4HB_Protein_disulfide_isomerase.txt.gz.annotated.gz.exclusions.gz.alleles.gz.unzipped.cis’: No such file or directory
mv: cannot stat ‘4294_16_SPHK1_Sphingosine_kinase_1.txt.gz.annotated.gz.exclusions.gz.alleles.gz.unzipped.cis’: No such file or directory
mv: cannot stat ‘4834_61_EPHA2_Epithelial_cell_kinase.txt.gz.annotated.gz.exclusions.gz.alleles.gz.unzipped.cis’: No such file or directory
mv: cannot stat ‘4842_62_GPC3_Glypican_3.txt.gz.annotated.gz.exclusions.gz.alleles.gz.unzipped.cis’: No such file or directory
mv: cannot stat ‘4876_32_F9_Coagulation_Factor_IX.txt.gz.annotated.gz.exclusions.gz.alleles.gz.unzipped.cis’: No such file or directory
mv: cannot stat ‘4911_49_GSTP1_Glutathione_S_transferase_Pi.txt.gz.annotated.gz.exclusions.gz.alleles.gz.unzipped.cis’: No such file or directory
mv: cannot stat ‘4960_72_ANXA1_annexin_I.txt.gz.annotated.gz.exclusions.gz.alleles.gz.unzipped.cis’: No such file or directory
mv: cannot stat ‘4969_2_CA1_Carbonic_anhydrase_I.txt.gz.annotated.gz.exclusions.gz.alleles.gz.unzipped.cis’: No such file or directory
mv: cannot stat ‘4984_83_ESD_Esterase_D.txt.gz.annotated.gz.exclusions.gz.alleles.gz.unzipped.cis’: No such file or directory
mv: cannot stat ‘5012_67_AK1_Myokinase__human.txt.gz.annotated.gz.exclusions.gz.alleles.gz.unzipped.cis’: No such file or directory
mv: cannot stat ‘5034_79_PRSS2_Trypsin_2.txt.gz.annotated.gz.exclusions.gz.alleles.gz.unzipped.cis’: No such file or directory
mv: cannot stat ‘5085_18_IL20RA_IL_20_Ra.txt.gz.annotated.gz.exclusions.gz.alleles.gz.unzipped.cis’: No such file or directory
mv: cannot stat ‘5089_11_IL7R_IL_7_Ra.txt.gz.annotated.gz.exclusions.gz.alleles.gz.unzipped.cis’: No such file or directory
mv: cannot stat ‘5105_2_RTN4R_Nogo_Receptor.txt.gz.annotated.gz.exclusions.gz.alleles.gz.unzipped.cis’: No such file or directory
mv: cannot stat ‘5107_7_NOTCH1_Notch_1.txt.gz.annotated.gz.exclusions.gz.alleles.gz.unzipped.cis’: No such file or directory
mv: cannot stat ‘5363_51_SEMA3E_Semaphorin_3E.txt.gz.annotated.gz.exclusions.gz.alleles.gz.unzipped.cis’: No such file or directory
mv: cannot stat ‘5400_52_LEPR_sLeptin_R.txt.gz.annotated.gz.exclusions.gz.alleles.gz.unzipped.cis’: No such file or directory
mv: cannot stat ‘5704_74_GZMM_Granzyme_M.txt.gz.annotated.gz.exclusions.gz.alleles.gz.unzipped.cis’: No such file or directory
mv: cannot stat ‘5825_49_IFNGR1_IFN_g_R1.txt.gz.annotated.gz.exclusions.gz.alleles.gz.unzipped.cis’: No such file or directory
mv: cannot stat ‘5837_49_LIFR_LIF_sR.txt.gz.annotated.gz.exclusions.gz.alleles.gz.unzipped.cis’: No such file or directory
mv: cannot stat ‘5864_10_ALDOA_aldolase_A.txt.gz.annotated.gz.exclusions.gz.alleles.gz.unzipped.cis’: No such file or directory
mv: cannot stat ‘6227_1_KLK10_kallikrein_10.txt.gz.annotated.gz.exclusions.gz.alleles.gz.unzipped.cis’: No such file or directory
mv: cannot stat ‘6252_62_SCGB3A1_Secretoglobin_family_3A_member_1.txt.gz.annotated.gz.exclusions.gz.alleles.gz.unzipped.cis’: No such file or directory
mv: cannot stat ‘6434_18_AOC2_Amine_oxidase.txt.gz.annotated.gz.exclusions.gz.alleles.gz.unzipped.cis’: No such file or directory
mv: cannot stat ‘6448_36_SEMA3C_Sema_E.txt.gz.annotated.gz.exclusions.gz.alleles.gz.unzipped.cis’: No such file or directory
mv: cannot stat ‘6461_54_APOC3_Apo_C_III.txt.gz.annotated.gz.exclusions.gz.alleles.gz.unzipped.cis’: No such file or directory
mv: cannot stat ‘6470_19_FBLN1_fibulin_1.txt.gz.annotated.gz.exclusions.gz.alleles.gz.unzipped.cis’: No such file or directory
mv: cannot stat ‘7049_2_ADAM23_ADAM_23.txt.gz.annotated.gz.exclusions.gz.alleles.gz.unzipped.cis’: No such file or directory
mv: cannot stat ‘7210_25_APLP1_Amyloid_like_protein_1.txt.gz.annotated.gz.exclusions.gz.alleles.gz.unzipped.cis’: No such file or directory
mv: cannot stat ‘7211_2_RNASE1_RNase_1.txt.gz.annotated.gz.exclusions.gz.alleles.gz.unzipped.cis’: No such file or directory
mv: cannot stat ‘7849_3_QPCT_Glutaminyl_cyclase.txt.gz.annotated.gz.exclusions.gz.alleles.gz.unzipped.cis’: No such file or directory
mv: cannot stat ‘7918_114_AMY1A_Amylase__alpha_1A.txt.gz.annotated.gz.exclusions.gz.alleles.gz.unzipped.cis’: No such file or directory
mv: cannot stat ‘8231_122_FLT1_VEGF_sR1.txt.gz.annotated.gz.exclusions.gz.alleles.gz.unzipped.cis’: No such file or directory
mv: cannot stat ‘8394_56_RNASE2_RNase_2.txt.gz.annotated.gz.exclusions.gz.alleles.gz.unzipped.cis’: No such file or directory
mv: cannot stat ‘8398_277_RARRES1_RAR_responsive_protein_TIG1.txt.gz.annotated.gz.exclusions.gz.alleles.gz.unzipped.cis’: No such file or directory
mv: cannot stat ‘8403_18_FASN_Fatty_acid_synthase.txt.gz.annotated.gz.exclusions.gz.alleles.gz.unzipped.cis’: No such file or directory
mv: cannot stat ‘8697_38_GPC1_Glypican_1.txt.gz.annotated.gz.exclusions.gz.alleles.gz.unzipped.cis’: No such file or directory
mv: cannot stat ‘8894_80_HNRNPAB_hnRNP_A_B.txt.gz.annotated.gz.exclusions.gz.alleles.gz.unzipped.cis’: No such file or directory
mv: cannot stat ‘9183_7_IFNAR1_IFN_a_b_R1.txt.gz.annotated.gz.exclusions.gz.alleles.gz.unzipped.cis’: No such file or directory
mv: cannot stat ‘9191_8_TFF2_Trefoil_factor_2.txt.gz.annotated.gz.exclusions.gz.alleles.gz.unzipped.cis’: No such file or directory
mv: cannot stat ‘9233_71_TFPI2_TFPI__2.txt.gz.annotated.gz.exclusions.gz.alleles.gz.unzipped.cis’: No such file or directory
mv: cannot stat ‘9343_16_IL2RB_IL_2_sRb.txt.gz.annotated.gz.exclusions.gz.alleles.gz.unzipped.cis’: No such file or directory
mv: cannot stat ‘9384_17_CAMP_Cathelicidin_peptide.txt.gz.annotated.gz.exclusions.gz.alleles.gz.unzipped.cis’: No such file or directory
mv: cannot stat ‘9468_8_LMAN2_Lectin__mannose_binding_2.txt.gz.annotated.gz.exclusions.gz.alleles.gz.unzipped.cis’: No such file or directory
mv: cannot stat ‘9545_156_GZMK_Granzyme_K.txt.gz.annotated.gz.exclusions.gz.alleles.gz.unzipped.cis’: No such file or directory
mv: cannot stat ‘9580_5_LAMC2_Laminin_gamma_2.txt.gz.annotated.gz.exclusions.gz.alleles.gz.unzipped.cis’: No such file or directory
mv: cannot stat ‘9754_33_NQO2_Quinone_reductase_2.txt.gz.annotated.gz.exclusions.gz.alleles.gz.unzipped.cis’: No such file or directory
mv: cannot stat ‘9790_28_BRSK2_BR_serine_threonine_kinase_2.txt.gz.annotated.gz.exclusions.gz.alleles.gz.unzipped.cis’: No such file or directory
mv: cannot stat ‘9826_135_FHIT_Fragile_histidine_triad_protein.txt.gz.annotated.gz.exclusions.gz.alleles.gz.unzipped.cis’: No such file or directory
mv: cannot stat ‘9837_60_NQO1_NAD_P_H_dehydrogenase.txt.gz.annotated.gz.exclusions.gz.alleles.gz.unzipped.cis’: No such file or directory
mv: cannot stat ‘9841_197_PAICS_Multifunctional_protein_ADE2.txt.gz.annotated.gz.exclusions.gz.alleles.gz.unzipped.cis’: No such file or directory
mv: cannot stat ‘9848_22_CCNH_Cyclin_H.txt.gz.annotated.gz.exclusions.gz.alleles.gz.unzipped.cis’: No such file or directory
mv: cannot stat ‘9863_1_TPM4_Tropomyosin_4.txt.gz.annotated.gz.exclusions.gz.alleles.gz.unzipped.cis’: No such file or directory
mv: cannot stat ‘9876_20_ALDOC_aldolase_C.txt.gz.annotated.gz.exclusions.gz.alleles.gz.unzipped.cis’: No such file or directory
mv: cannot stat ‘9883_29_GLO1_Glyoxalase_I.txt.gz.annotated.gz.exclusions.gz.alleles.gz.unzipped.cis’: No such file or directory
mv: cannot stat ‘9986_14_NPW_Neuropeptide_W.txt.gz.annotated.gz.exclusions.gz.alleles.gz.unzipped.cis’: No such file or directory
