rm: cannot remove ‘/data/protein_GWAS_ferkingstad_EU_2021/files/9016_12_NR1H2_NR1H2.txt.gz.annotated’: No such file or directory
rm: cannot remove ‘/data/protein_GWAS_ferkingstad_EU_2021/files/9017_58_LCT_LPH.txt.gz.annotated’: No such file or directory
rm: cannot remove ‘/data/protein_GWAS_ferkingstad_EU_2021/files/9018_38_PCDH10_PCD10.txt.gz.annotated’: No such file or directory
rm: cannot remove ‘/data/protein_GWAS_ferkingstad_EU_2021/files/9021_1_HAVCR1_TIM_1.txt.gz.annotated’: No such file or directory
rm: cannot remove ‘/data/protein_GWAS_ferkingstad_EU_2021/files/9022_49_DEFB132_DB132.txt.gz.annotated’: No such file or directory
rm: cannot remove ‘/data/protein_GWAS_ferkingstad_EU_2021/files/9025_5_AHSP_AHSP.txt.gz.annotated’: No such file or directory
rm: cannot remove ‘/data/protein_GWAS_ferkingstad_EU_2021/files/9026_40_BTNL8_BTNL8.txt.gz.annotated’: No such file or directory
rm: cannot remove ‘/data/protein_GWAS_ferkingstad_EU_2021/files/9027_10_NLGN2_NLGN2.txt.gz.annotated’: No such file or directory
rm: cannot remove ‘/data/protein_GWAS_ferkingstad_EU_2021/files/9028_5_MTPAP_PAPD1.txt.gz.annotated’: No such file or directory
rm: cannot remove ‘/data/protein_GWAS_ferkingstad_EU_2021/files/9030_56_C17orf89_CQ089.txt.gz.annotated’: No such file or directory
rm: cannot remove ‘/data/protein_GWAS_ferkingstad_EU_2021/files/9032_30_ROS1_ROS1.txt.gz.annotated’: No such file or directory
rm: cannot remove ‘/data/protein_GWAS_ferkingstad_EU_2021/files/9035_2_MXI1_MXI1.txt.gz.annotated’: No such file or directory
rm: cannot remove ‘/data/protein_GWAS_ferkingstad_EU_2021/files/9037_1_STX18_STX18.txt.gz.annotated’: No such file or directory
rm: cannot remove ‘/data/protein_GWAS_ferkingstad_EU_2021/files/9038_12_JTB_JTB.txt.gz.annotated’: No such file or directory
rm: cannot remove ‘/data/protein_GWAS_ferkingstad_EU_2021/files/9039_47_TOR1AIP1_TOIP1.txt.gz.annotated’: No such file or directory
rm: cannot remove ‘/data/protein_GWAS_ferkingstad_EU_2021/files/9040_144_EPDR1_EPDR1.txt.gz.annotated’: No such file or directory
rm: cannot remove ‘/data/protein_GWAS_ferkingstad_EU_2021/files/9043_7_TFIP11_TFP11.txt.gz.annotated’: No such file or directory
rm: cannot remove ‘/data/protein_GWAS_ferkingstad_EU_2021/files/9044_1_CNTNAP5_CNTP5.txt.gz.annotated’: No such file or directory
rm: cannot remove ‘/data/protein_GWAS_ferkingstad_EU_2021/files/9045_3_SLC27A2_S27A2.txt.gz.annotated’: No such file or directory
rm: cannot remove ‘/data/protein_GWAS_ferkingstad_EU_2021/files/9049_2_SLC16A3_MOT4.txt.gz.annotated’: No such file or directory
rm: cannot remove ‘/data/protein_GWAS_ferkingstad_EU_2021/files/9050_170_RSRP1_CA063.txt.gz.annotated’: No such file or directory
rm: cannot remove ‘/data/protein_GWAS_ferkingstad_EU_2021/files/9051_13_IL32_IL32.txt.gz.annotated’: No such file or directory
rm: cannot remove ‘/data/protein_GWAS_ferkingstad_EU_2021/files/9053_16_CRIP2_CRIP2.txt.gz.annotated’: No such file or directory
rm: cannot remove ‘/data/protein_GWAS_ferkingstad_EU_2021/files/9055_81_MYZAP_MYZAP.txt.gz.annotated’: No such file or directory
rm: cannot remove ‘/data/protein_GWAS_ferkingstad_EU_2021/files/9057_19_ADRM1_ADRM1.txt.gz.annotated’: No such file or directory
rm: cannot remove ‘/data/protein_GWAS_ferkingstad_EU_2021/files/9058_1_TIMM21_TIM21.txt.gz.annotated’: No such file or directory
rm: cannot remove ‘/data/protein_GWAS_ferkingstad_EU_2021/files/9059_14_RAPGEF5_RPGF5.txt.gz.annotated’: No such file or directory
rm: cannot remove ‘/data/protein_GWAS_ferkingstad_EU_2021/files/9060_27_IGSF9B_TUTLB.txt.gz.annotated’: No such file or directory
rm: cannot remove ‘/data/protein_GWAS_ferkingstad_EU_2021/files/9061_3_ARHGEF10_ARHGA.txt.gz.annotated’: No such file or directory
rm: cannot remove ‘/data/protein_GWAS_ferkingstad_EU_2021/files/9064_12_RNF215_RN215.txt.gz.annotated’: No such file or directory
rm: cannot remove ‘/data/protein_GWAS_ferkingstad_EU_2021/files/9068_17_JAKMIP3_JKIP3.txt.gz.annotated’