rm: cannot remove ‘/data/protein_GWAS_ferkingstad_EU_2021/files/3893_64_MSLN_Mesothelin.txt.gz.annotated’: No such file or directory
rm: cannot remove ‘/data/protein_GWAS_ferkingstad_EU_2021/files/3894_15_NAGK_NAGK.txt.gz.annotated’: No such file or directory
rm: cannot remove ‘/data/protein_GWAS_ferkingstad_EU_2021/files/3896_5_PGAM1_Phosphoglycerate_mutase_1.txt.gz.annotated’: No such file or directory
rm: cannot remove ‘/data/protein_GWAS_ferkingstad_EU_2021/files/3897_61_PDXP_PLPP.txt.gz.annotated’: No such file or directory
rm: cannot remove ‘/data/protein_GWAS_ferkingstad_EU_2021/files/3898_5_PSMD7_PSD7.txt.gz.annotated’: No such file or directory
rm: cannot remove ‘/data/protein_GWAS_ferkingstad_EU_2021/files/3902_21_SKP1_SKP1.txt.gz.annotated’: No such file or directory
rm: cannot remove ‘/data/protein_GWAS_ferkingstad_EU_2021/files/3903_49_SNX4_Sorting_nexin_4.txt.gz.annotated’: No such file or directory
rm: cannot remove ‘/data/protein_GWAS_ferkingstad_EU_2021/files/3905_62_UBE2N_UBE2N.txt.gz.annotated’: No such file or directory
rm: cannot remove ‘/data/protein_GWAS_ferkingstad_EU_2021/files/4122_12_DDR1_discoidin_domain_receptor_1.txt.gz.annotated’: No such file or directory
rm: cannot remove ‘/data/protein_GWAS_ferkingstad_EU_2021/files/4123_60_FGF4_FGF_4.txt.gz.annotated’: No such file or directory
rm: cannot remove ‘/data/protein_GWAS_ferkingstad_EU_2021/files/4124_24_HSPA1A_HSP_70.txt.gz.annotated’: No such file or directory
rm: cannot remove ‘/data/protein_GWAS_ferkingstad_EU_2021/files/4125_52_AGER_sRAGE.txt.gz.annotated’: No such file or directory
rm: cannot remove ‘/data/protein_GWAS_ferkingstad_EU_2021/files/4126_22_BPI_BPI.txt.gz.annotated’: No such file or directory
rm: cannot remove ‘/data/protein_GWAS_ferkingstad_EU_2021/files/4127_75_C6_C6.txt.gz.annotated’: No such file or directory
rm: cannot remove ‘/data/protein_GWAS_ferkingstad_EU_2021/files/4128_27_CCL24_Eotaxin_2.txt.gz.annotated’: No such file or directory
rm: cannot remove ‘/data/protein_GWAS_ferkingstad_EU_2021/files/4129_72_CFB_Factor_B.txt.gz.annotated’: No such file or directory
rm: cannot remove ‘/data/protein_GWAS_ferkingstad_EU_2021/files/4130_71_FGF6_FGF_6.txt.gz.annotated’: No such file or directory
rm: cannot remove ‘/data/protein_GWAS_ferkingstad_EU_2021/files/4131_72_FN1_Fibronectin.txt.gz.annotated’: No such file or directory
rm: cannot remove ‘/data/protein_GWAS_ferkingstad_EU_2021/files/4132_27_FST_FST.txt.gz.annotated’: No such file or directory
rm: cannot remove ‘/data/protein_GWAS_ferkingstad_EU_2021/files/4133_54_GZMB_Granzyme_B.txt.gz.annotated’: No such file or directory
rm: cannot remove ‘/data/protein_GWAS_ferkingstad_EU_2021/files/4136_40_IL17D_IL_17D.txt.gz.annotated’: No such file or directory
rm: cannot remove ‘/data/protein_GWAS_ferkingstad_EU_2021/files/4137_57_IL25_IL_17E.txt.gz.annotated’: No such file or directory
rm: cannot remove ‘/data/protein_GWAS_ferkingstad_EU_2021/files/4138_25_IL20_IL_20.txt.gz.annotated’: No such file or directory
rm: cannot remove ‘/data/protein_GWAS_ferkingstad_EU_2021/files/4140_3_IL7_IL_7.txt.gz.annotated’: No such file or directory
rm: cannot remove ‘/data/protein_GWAS_ferkingstad_EU_2021/files/4141_79_CXCL10_IP_10.txt.gz.annotated’: No such file or directory
rm: cannot remove ‘/data/protein_GWAS_ferkingstad_EU_2021/files/4143_74_XCL1_Lymphotactin.txt.gz.annotated’: No such file or directory
rm: cannot remove ‘/data/protein_GWAS_ferkingstad_EU_2021/files/4144_13_CCL13_MCP_4.txt.gz.annotated’: No such file or directory
rm: cannot remove ‘/data/protein_GWAS_ferkingstad_EU_2021/files/4145_58_NTF3_Neurotrophin_3.txt.gz.annotated’: No such file or directory
rm: cannot remove ‘/data/protein_GWAS_ferkingstad_EU_2021/files/4146_58_NTF4_Neurotrophin_5.txt.gz.annotated’: No such file or directory
rm: cannot remove ‘/data/protein_GWAS_ferkingstad_EU_2021/files/4148_49_PAPPA_PAPP_A.txt.gz.annotated’: No such file or directory
rm: cannot remove ‘/data/protein_GWAS_fer