rm: cannot remove ‘/data/protein_GWAS_ferkingstad_EU_2021/files/2333_72_TGFB1_TGF_b1.txt.gz.annotated’: No such file or directory
rm: cannot remove ‘/data/protein_GWAS_ferkingstad_EU_2021/files/2381_52_C5_C5.txt.gz.annotated’: No such file or directory
rm: cannot remove ‘/data/protein_GWAS_ferkingstad_EU_2021/files/2418_55_APOE_Apo_E.txt.gz.annotated’: No such file or directory
rm: cannot remove ‘/data/protein_GWAS_ferkingstad_EU_2021/files/2421_7_BDNF_BDNF.txt.gz.annotated’: No such file or directory
rm: cannot remove ‘/data/protein_GWAS_ferkingstad_EU_2021/files/2431_17_CTSG_Cathepsin_G.txt.gz.annotated’: No such file or directory
rm: cannot remove ‘/data/protein_GWAS_ferkingstad_EU_2021/files/2436_49_CXCL16_CXCL16__soluble.txt.gz.annotated’: No such file or directory
rm: cannot remove ‘/data/protein_GWAS_ferkingstad_EU_2021/files/2441_2_FGF10_FGF_10.txt.gz.annotated’: No such file or directory
rm: cannot remove ‘/data/protein_GWAS_ferkingstad_EU_2021/files/2443_10_FGF8_FGF_8B.txt.gz.annotated’: No such file or directory
rm: cannot remove ‘/data/protein_GWAS_ferkingstad_EU_2021/files/2447_7_PLA2G2E_GIIE.txt.gz.annotated’: No such file or directory
rm: cannot remove ‘/data/protein_GWAS_ferkingstad_EU_2021/files/2449_1_PLA2G5_GV.txt.gz.annotated’: No such file or directory
rm: cannot remove ‘/data/protein_GWAS_ferkingstad_EU_2021/files/2468_62_CCL20_MIP_3a.txt.gz.annotated’: No such file or directory
rm: cannot remove ‘/data/protein_GWAS_ferkingstad_EU_2021/files/2474_54_APCS_SAP.txt.gz.annotated’: No such file or directory
rm: cannot remove ‘/data/protein_GWAS_ferkingstad_EU_2021/files/2475_1_KIT_SCF_sR.txt.gz.annotated’: No such file or directory
rm: cannot remove ‘/data/protein_GWAS_ferkingstad_EU_2021/files/2480_58_TIMP3_TIMP_3.txt.gz.annotated’: No such file or directory
rm: cannot remove ‘/data/protein_GWAS_ferkingstad_EU_2021/files/2500_2_ANGPT4_Angiopoietin_4.txt.gz.annotated’: No such file or directory
rm: cannot remove ‘/data/protein_GWAS_ferkingstad_EU_2021/files/2505_49_GFRA3_GFRa_3.txt.gz.annotated’: No such file or directory
rm: cannot remove ‘/data/protein_GWAS_ferkingstad_EU_2021/files/2514_65_EFNB3_Ephrin_B3.txt.gz.annotated’: No such file or directory
rm: cannot remove ‘/data/protein_GWAS_ferkingstad_EU_2021/files/2515_14_GFRA2_GFRa_2.txt.gz.annotated’: No such file or directory
rm: cannot remove ‘/data/protein_GWAS_ferkingstad_EU_2021/files/2516_57_CCL21_6Ckine.txt.gz.annotated’: No such file or directory
rm: cannot remove ‘/data/protein_GWAS_ferkingstad_EU_2021/files/2524_56_HMGB1_HMG_1.txt.gz.annotated’: No such file or directory
rm: cannot remove ‘/data/protein_GWAS_ferkingstad_EU_2021/files/2558_51_POMC_b_Endorphin.txt.gz.annotated’: No such file or directory
rm: cannot remove ‘/data/protein_GWAS_ferkingstad_EU_2021/files/2567_5_CFI_Factor_I.txt.gz.annotated’: No such file or directory
rm: cannot remove ‘/data/protein_GWAS_ferkingstad_EU_2021/files/2571_12_IGFBP3_IGFBP_3.txt.gz.annotated’: No such file or directory
rm: cannot remove ‘/data/protein_GWAS_ferkingstad_EU_2021/files/2578_67_CCL2_MCP_1.txt.gz.annotated’: No such file or directory
rm: cannot remove ‘/data/protein_GWAS_ferkingstad_EU_2021/files/2579_17_MMP9_MMP_9.txt.gz.annotated’: No such file or directory
rm: cannot remove ‘/data/protein_GWAS_ferkingstad_EU_2021/files/2580_83_MPO_Myeloperoxidase.txt.gz.annotated’: No such file or directory
rm: cannot remove ‘/data/protein_GWAS_ferkingstad_EU_2021/files/2585_2_PRL_PRL.txt.gz.annotated’: No such file or directory
rm: cannot remove ‘/data/protein_GWAS_ferkingstad_EU_2021/files/2590_69_ROR1_ROR1.txt.gz.annotated’: No such file or directory
rm: cannot remove ‘/data/protein_GWAS_ferkingstad_EU_2021/files/2597_8_VEGFA_VEGF.txt.gz.annotated’: No such file or directory
rm: cannot remove ‘/data/protein_GWAS_ferkingstad_EU_2021/files/2599_51_TNFSF9_4_1BB_ligand.txt.gz.annotated’: No such file or directory
rm: cannot remove ‘/data/protein_GWAS_ferkingstad_EU_2021/files/2602_2_ANG