rm: cannot remove ‘/data/protein_GWAS_ferkingstad_EU_2021/files/17821_20_NMT2_NMT2.txt.gz.annotated’: No such file or directory
rm: cannot remove ‘/data/protein_GWAS_ferkingstad_EU_2021/files/17822_57_RERG_RERG.txt.gz.annotated’: No such file or directory
rm: cannot remove ‘/data/protein_GWAS_ferkingstad_EU_2021/files/17823_40_SNRPD2_SMD2.txt.gz.annotated’: No such file or directory
rm: cannot remove ‘/data/protein_GWAS_ferkingstad_EU_2021/files/17826_341_EEF1D_EF1D.txt.gz.annotated’: No such file or directory
rm: cannot remove ‘/data/protein_GWAS_ferkingstad_EU_2021/files/17827_53_DYNLRB2_DLRB2.txt.gz.annotated’: No such file or directory
rm: cannot remove ‘/data/protein_GWAS_ferkingstad_EU_2021/files/17828_3_S100A14_S100A14.txt.gz.annotated’: No such file or directory
rm: cannot remove ‘/data/protein_GWAS_ferkingstad_EU_2021/files/17829_2_TREX2_TREX2.txt.gz.annotated’: No such file or directory
rm: cannot remove ‘/data/protein_GWAS_ferkingstad_EU_2021/files/17832_12_IDI2_IDI2.txt.gz.annotated’: No such file or directory
rm: cannot remove ‘/data/protein_GWAS_ferkingstad_EU_2021/files/17835_28_ANXA13_ANX13.txt.gz.annotated’: No such file or directory
rm: cannot remove ‘/data/protein_GWAS_ferkingstad_EU_2021/files/17836_17_S100A16_S100A16.txt.gz.annotated’: No such file or directory
rm: cannot remove ‘/data/protein_GWAS_ferkingstad_EU_2021/files/17837_5_CLIC2_CLIC2.txt.gz.annotated’: No such file or directory
rm: cannot remove ‘/data/protein_GWAS_ferkingstad_EU_2021/files/17843_30_PPCS_PPCS.txt.gz.annotated’: No such file or directory
rm: cannot remove ‘/data/protein_GWAS_ferkingstad_EU_2021/files/17849_6_DRG1_DRG1.txt.gz.annotated’: No such file or directory
rm: cannot remove ‘/data/protein_GWAS_ferkingstad_EU_2021/files/17850_42_KLF4_KLF4.txt.gz.annotated’: No such file or directory
rm: cannot remove ‘/data/protein_GWAS_ferkingstad_EU_2021/files/17852_5_PPME1_PPME1.txt.gz.annotated’: No such file or directory
rm: cannot remove ‘/data/protein_GWAS_ferkingstad_EU_2021/files/17854_33_NAA10_NAA10.txt.gz.annotated’: No such file or directory
rm: cannot remove ‘/data/protein_GWAS_ferkingstad_EU_2021/files/17855_28_RGS4_RGS4.txt.gz.annotated’: No such file or directory
rm: cannot remove ‘/data/protein_GWAS_ferkingstad_EU_2021/files/17856_23_NT5M_NT5M.txt.gz.annotated’: No such file or directory
rm: cannot remove ‘/data/protein_GWAS_ferkingstad_EU_2021/files/17857_6_ACADL_ACADL.txt.gz.annotated’: No such file or directory
rm: cannot remove ‘/data/protein_GWAS_ferkingstad_EU_2021/files/18156_7_ATG3_ATG3.txt.gz.annotated’: No such file or directory
rm: cannot remove ‘/data/protein_GWAS_ferkingstad_EU_2021/files/18158_45_CASP8_Caspase_8.txt.gz.annotated’: No such file or directory
rm: cannot remove ‘/data/protein_GWAS_ferkingstad_EU_2021/files/18160_2_PCMT1_PIMT.txt.gz.annotated’: No such file or directory
rm: cannot remove ‘/data/protein_GWAS_ferkingstad_EU_2021/files/18162_167_IRAK4_IRAK4.txt.gz.annotated’: No such file or directory
rm: cannot remove ‘/data/protein_GWAS_ferkingstad_EU_2021/files/18165_181_UBE2V2_UB2V2.txt.gz.annotated’: No such file or directory
rm: cannot remove ‘/data/protein_GWAS_ferkingstad_EU_2021/files/18166_4_RHOB_RHOB.txt.gz.annotated’: No such file or directory
rm: cannot remove ‘/data/protein_GWAS_ferkingstad_EU_2021/files/18170_46_PYCR1_P5CR1.txt.gz.annotated’: No such file or directory
rm: cannot remove ‘/data/protein_GWAS_ferkingstad_EU_2021/files/18172_71_ASF1A_ASF1A.txt.gz.annotated’: No such file or directory
rm: cannot remove ‘/data/protein_GWAS_ferkingstad_EU_2021/files/18173_11_AKR7A3_ARK73.txt.gz.annotated’: No such file or directory
rm: cannot remove ‘/data/protein_GWAS_ferkingstad_EU_2021/files/18174_79_PDCD6IP_PDC6I.txt.gz.annotated’: No such file or directory
rm: cannot remove ‘/data/protein_GWAS_ferkingstad_EU_2021/files/18175_65_VAT1_VAT1.txt.gz.annotated’: No such file or directory
rm: cannot remove ‘/data/protein_GWAS_ferkingstad_EU_2021/files/18177_49_NAE1_ULA1.tx